#
# There is insufficient memory for the Java Runtime Environment to continue.
# Native memory allocation (mmap) failed to map 236978176 bytes for Failed to commit area from 0x000000008fc00000 to 0x000000009de00000 of length 236978176.
# Possible reasons:
#   The system is out of physical RAM or swap space
#   The process is running with CompressedOops enabled, and the Java Heap may be blocking the growth of the native heap
# Possible solutions:
#   Reduce memory load on the system
#   Increase physical memory or swap space
#   Check if swap backing store is full
#   Decrease Java heap size (-Xmx/-Xms)
#   Decrease number of Java threads
#   Decrease Java thread stack sizes (-Xss)
#   Set larger code cache with -XX:ReservedCodeCacheSize=
#   JVM is running with Unscaled Compressed Oops mode in which the Java heap is
#     placed in the first 4GB address space. The Java Heap base address is the
#     maximum limit for the native heap growth. Please use -XX:HeapBaseMinAddress
#     to set the Java Heap base and to place the Java Heap above 4GB virtual address.
# This output file may be truncated or incomplete.
#
#  Out of Memory Error (src/hotspot/os/windows/os_windows.cpp:3627), pid=5232, tid=1400
#
# JRE version: OpenJDK Runtime Environment (11.0.15) (build 11.0.15+0-b2043.56-9505619)
# Java VM: OpenJDK 64-Bit Server VM (11.0.15+0-b2043.56-9505619, mixed mode, tiered, compressed oops, g1 gc, windows-amd64)
# No core dump will be written. Minidumps are not enabled by default on client versions of Windows
#

---------------  S U M M A R Y ------------

Command Line: --add-opens=java.base/java.util=ALL-UNNAMED --add-opens=java.base/java.lang=ALL-UNNAMED --add-opens=java.base/java.lang.invoke=ALL-UNNAMED --add-opens=java.base/java.util=ALL-UNNAMED --add-opens=java.prefs/java.util.prefs=ALL-UNNAMED --add-opens=java.prefs/java.util.prefs=ALL-UNNAMED --add-opens=java.base/java.nio.charset=ALL-UNNAMED --add-opens=java.base/java.net=ALL-UNNAMED --add-opens=java.base/java.util.concurrent.atomic=ALL-UNNAMED -Xmx2048m -Dfile.encoding=UTF-8 -Duser.country=ES -Duser.language=es -Duser.variant org.gradle.launcher.daemon.bootstrap.GradleDaemon 7.5

Host: AMD Ryzen 5 3500U with Radeon Vega Mobile Gfx  , 8 cores, 3G,  Windows 11 , 64 bit Build 22621 (10.0.22621.1485)
Time: Tue Apr 18 01:12:24 2023 Hora est. Pacífico, Sudamérica elapsed time: 31.722795 seconds (0d 0h 0m 31s)

---------------  T H R E A D  ---------------

Current thread (0x0000027c079ce000):  VMThread "VM Thread" [stack: 0x000000f812200000,0x000000f812300000] [id=1400]

Stack: [0x000000f812200000,0x000000f812300000]
[error occurred during error reporting (printing stack bounds), id 0xc0000005, EXCEPTION_ACCESS_VIOLATION (0xc0000005) at pc=0x0000027c7089112d]

Native frames: (J=compiled Java code, j=interpreted, Vv=VM code, C=native code)
V  [jvm.dll+0x64135a]
V  [jvm.dll+0x7d39f9]
V  [jvm.dll+0x7d51b9]
V  [jvm.dll+0x7d5805]
V  [jvm.dll+0x7d57bb]
V  [jvm.dll+0x640655]
V  [jvm.dll+0x640d68]
C  [ntdll.dll+0xa3cff]
C  [ntdll.dll+0x1e456]
C  [ntdll.dll+0xa2cee]
C  0x0000027c7089112d

VM_Operation (0x000000f8158f8dc0): G1CollectForAllocation, mode: safepoint, requested by thread 0x0000027c0966b000


---------------  P R O C E S S  ---------------

Threads class SMR info:
_java_thread_list=0x0000027c130dbff0, length=134, elements={
0x0000027c6b59f000, 0x0000027c079d3800, 0x0000027c079de800, 0x0000027c083b3800,
0x0000027c079ec000, 0x0000027c079ed800, 0x0000027c079ef000, 0x0000027c079f4800,
0x0000027c07a14000, 0x0000027c084db000, 0x0000027c0935c000, 0x0000027c09744000,
0x0000027c09a5f000, 0x0000027c09a65000, 0x0000027c094f4800, 0x0000027c09a45800,
0x0000027c09ca2000, 0x0000027c09bd2000, 0x0000027c0864c800, 0x0000027c09dea000,
0x0000027c08699000, 0x0000027c08696800, 0x0000027c0869d000, 0x0000027c08697000,
0x0000027c0869a800, 0x0000027c0869c000, 0x0000027c0869b800, 0x0000027c08699800,
0x0000027c08698000, 0x0000027c08e11800, 0x0000027c08e12000, 0x0000027c08e13000,
0x0000027c08e0f000, 0x0000027c08e14000, 0x0000027c08e0e000, 0x0000027c08e19800,
0x0000027c08e1a800, 0x0000027c08e14800, 0x0000027c08e18000, 0x0000027c08e18800,
0x0000027c08e1b000, 0x0000027c08e16800, 0x0000027c08e17000, 0x0000027c08e15800,
0x0000027c08e1c000, 0x0000027c0966b000, 0x0000027c0966d800, 0x0000027c0966a800,
0x0000027c0966e800, 0x0000027c0966c000, 0x0000027c0966d000, 0x0000027c0966f000,
0x0000027c09669800, 0x0000027c09672800, 0x0000027c09675000, 0x0000027c09675800,
0x0000027c09670000, 0x0000027c09676800, 0x0000027c09673800, 0x0000027c09671000,
0x0000027c09671800, 0x0000027c09674000, 0x0000027c09677800, 0x0000027c09678000,
0x0000027c0cced800, 0x0000027c0cceb000, 0x0000027c0ccec000, 0x0000027c0cce9800,
0x0000027c0cced000, 0x0000027c0ccea800, 0x0000027c0ccee800, 0x0000027c0cce9000,
0x0000027c0ccf2000, 0x0000027c0ccf1000, 0x0000027c0ccf2800, 0x0000027c0ccf0000,
0x0000027c0ccf3800, 0x0000027c0ccf4000, 0x0000027c0ccf5000, 0x0000027c0ccef800,
0x0000027c0ccf6800, 0x0000027c0ccf7800, 0x0000027c0ccf6000, 0x0000027c0e7a3000,
0x0000027c0e7a5800, 0x0000027c0e7a6800, 0x0000027c0e7a4000, 0x0000027c0e7a4800,
0x0000027c0e7a7000, 0x0000027c0e7a8000, 0x0000027c0e7a2800, 0x0000027c0e7ac000,
0x0000027c0e7aa800, 0x0000027c0e7ab800, 0x0000027c0e7ae800, 0x0000027c0e7ad000,
0x0000027c0e7a9000, 0x0000027c0e7ad800, 0x0000027c0e7af800, 0x0000027c0e7a9800,
0x0000027c0e7b1000, 0x0000027c0e7b0000, 0x0000027c0a7df800, 0x0000027c0a7de800,
0x0000027c0a7dd000, 0x0000027c0a7de000, 0x0000027c0a7e0800, 0x0000027c0a7e1000,
0x0000027c0a7e2000, 0x0000027c0a7dc800, 0x0000027c0a7e3800, 0x0000027c0a7e4800,
0x0000027c0a7e5800, 0x0000027c0a7e7800, 0x0000027c0a7e6000, 0x0000027c0a7e8800,
0x0000027c0a7e7000, 0x0000027c0a7e3000, 0x0000027c0a7e9800, 0x0000027c0a7ea000,
0x0000027c0a7eb000, 0x0000027c0eb1d800, 0x0000027c0eb1e000, 0x0000027c0eb24800,
0x0000027c0eb24000, 0x0000027c0eb1f000, 0x0000027c0eb25800, 0x0000027c0eb22000,
0x0000027c0eb23000, 0x0000027c0eb26800, 0x0000027c0eb21800, 0x0000027c0eb20800,
0x0000027c11326800, 0x0000027c0eb27000
}

Java Threads: ( => current thread )
  0x0000027c6b59f000 JavaThread "main" [_thread_blocked, id=9416, stack(0x000000f811c00000,0x000000f811d00000)]
  0x0000027c079d3800 JavaThread "Reference Handler" daemon [_thread_blocked, id=11828, stack(0x000000f812300000,0x000000f812400000)]
  0x0000027c079de800 JavaThread "Finalizer" daemon [_thread_blocked, id=6996, stack(0x000000f812400000,0x000000f812500000)]
  0x0000027c083b3800 JavaThread "Signal Dispatcher" daemon [_thread_blocked, id=684, stack(0x000000f812500000,0x000000f812600000)]
  0x0000027c079ec000 JavaThread "Attach Listener" daemon [_thread_blocked, id=9588, stack(0x000000f812600000,0x000000f812700000)]
  0x0000027c079ed800 JavaThread "Service Thread" daemon [_thread_blocked, id=10064, stack(0x000000f812700000,0x000000f812800000)]
  0x0000027c079ef000 JavaThread "C2 CompilerThread0" daemon [_thread_blocked, id=11420, stack(0x000000f812800000,0x000000f812900000)]
  0x0000027c079f4800 JavaThread "C1 CompilerThread0" daemon [_thread_blocked, id=5944, stack(0x000000f812900000,0x000000f812a00000)]
  0x0000027c07a14000 JavaThread "Sweeper thread" daemon [_thread_blocked, id=5460, stack(0x000000f812a00000,0x000000f812b00000)]
  0x0000027c084db000 JavaThread "Common-Cleaner" daemon [_thread_blocked, id=2756, stack(0x000000f812b00000,0x000000f812c00000)]
  0x0000027c0935c000 JavaThread "Daemon health stats" [_thread_blocked, id=1852, stack(0x000000f812e00000,0x000000f812f00000)]
  0x0000027c09744000 JavaThread "Incoming local TCP Connector on port 52678" [_thread_in_native, id=5228, stack(0x000000f812f00000,0x000000f813000000)]
  0x0000027c09a5f000 JavaThread "Daemon periodic checks" [_thread_blocked, id=13124, stack(0x000000f813000000,0x000000f813100000)]
  0x0000027c09a65000 JavaThread "Daemon" [_thread_blocked, id=7088, stack(0x000000f813100000,0x000000f813200000)]
  0x0000027c094f4800 JavaThread "Handler for socket connection from /127.0.0.1:52678 to /127.0.0.1:52679" [_thread_in_native, id=13624, stack(0x000000f813200000,0x000000f813300000)]
  0x0000027c09a45800 JavaThread "Cancel handler" [_thread_blocked, id=9544, stack(0x000000f813300000,0x000000f813400000)]
  0x0000027c09ca2000 JavaThread "Daemon worker" [_thread_blocked, id=13480, stack(0x000000f813400000,0x000000f813500000)]
  0x0000027c09bd2000 JavaThread "Asynchronous log dispatcher for DefaultDaemonConnection: socket connection from /127.0.0.1:52678 to /127.0.0.1:52679" [_thread_blocked, id=8972, stack(0x000000f813500000,0x000000f813600000)]
  0x0000027c0864c800 JavaThread "Stdin handler" [_thread_blocked, id=6416, stack(0x000000f813600000,0x000000f813700000)]
  0x0000027c09dea000 JavaThread "Daemon client event forwarder" [_thread_blocked, id=1768, stack(0x000000f813700000,0x000000f813800000)]
  0x0000027c08699000 JavaThread "Cache worker for journal cache (C:\Users\rafae\.gradle\caches\journal-1)" [_thread_blocked, id=1388, stack(0x000000f813e00000,0x000000f813f00000)]
  0x0000027c08696800 JavaThread "File lock request listener" [_thread_in_native, id=13380, stack(0x000000f813f00000,0x000000f814000000)]
  0x0000027c0869d000 JavaThread "Cache worker for file hash cache (C:\Users\rafae\.gradle\caches\7.5\fileHashes)" [_thread_blocked, id=11184, stack(0x000000f814100000,0x000000f814200000)]
  0x0000027c08697000 JavaThread "File watcher server" daemon [_thread_blocked, id=13508, stack(0x000000f814200000,0x000000f814300000)]
  0x0000027c0869a800 JavaThread "File watcher consumer" daemon [_thread_blocked, id=8552, stack(0x000000f814300000,0x000000f814400000)]
  0x0000027c0869c000 JavaThread "Cache worker for checksums cache (C:\Users\rafae\OneDrive\Escritorio\parcial2\.gradle\7.5\checksums)" [_thread_blocked, id=11904, stack(0x000000f814400000,0x000000f814500000)]
  0x0000027c0869b800 JavaThread "Cache worker for cache directory md-rule (C:\Users\rafae\.gradle\caches\7.5\md-rule)" [_thread_blocked, id=9964, stack(0x000000f814500000,0x000000f814600000)]
  0x0000027c08699800 JavaThread "Cache worker for file content cache (C:\Users\rafae\.gradle\caches\7.5\fileContent)" [_thread_blocked, id=13072, stack(0x000000f814600000,0x000000f814700000)]
  0x0000027c08698000 JavaThread "Cache worker for file hash cache (C:\Users\rafae\OneDrive\Escritorio\parcial2\.gradle\7.5\fileHashes)" [_thread_blocked, id=6984, stack(0x000000f814700000,0x000000f814800000)]
  0x0000027c08e11800 JavaThread "Cache worker for cache directory md-supplier (C:\Users\rafae\.gradle\caches\7.5\md-supplier)" [_thread_blocked, id=12204, stack(0x000000f814800000,0x000000f814900000)]
  0x0000027c08e12000 JavaThread "Cache worker for execution history cache (C:\Users\rafae\.gradle\caches\7.5\executionHistory)" [_thread_blocked, id=10424, stack(0x000000f814900000,0x000000f814a00000)]
  0x0000027c08e13000 JavaThread "jar transforms" [_thread_blocked, id=13752, stack(0x000000f814a00000,0x000000f814b00000)]
  0x0000027c08e0f000 JavaThread "jar transforms Thread 2" [_thread_blocked, id=8492, stack(0x000000f814b00000,0x000000f814c00000)]
  0x0000027c08e14000 JavaThread "jar transforms Thread 3" [_thread_blocked, id=1928, stack(0x000000f814c00000,0x000000f814d00000)]
  0x0000027c08e0e000 JavaThread "jar transforms Thread 4" [_thread_blocked, id=14244, stack(0x000000f814d00000,0x000000f814e00000)]
  0x0000027c08e19800 JavaThread "Cache worker for dependencies-accessors (C:\Users\rafae\OneDrive\Escritorio\parcial2\.gradle\7.5\dependencies-accessors)" [_thread_blocked, id=7804, stack(0x000000f814e00000,0x000000f814f00000)]
  0x0000027c08e1a800 JavaThread "jar transforms Thread 5" [_thread_blocked, id=2592, stack(0x000000f814f00000,0x000000f815000000)]
  0x0000027c08e14800 JavaThread "Cache worker for Build Output Cleanup Cache (C:\Users\rafae\OneDrive\Escritorio\parcial2\.gradle\buildOutputCleanup)" [_thread_blocked, id=7676, stack(0x000000f815000000,0x000000f815100000)]
  0x0000027c08e18000 JavaThread "Unconstrained build operations" [_thread_blocked, id=13640, stack(0x000000f815100000,0x000000f815200000)]
  0x0000027c08e18800 JavaThread "Unconstrained build operations Thread 2" [_thread_blocked, id=12184, stack(0x000000f815200000,0x000000f815300000)]
  0x0000027c08e1b000 JavaThread "Unconstrained build operations Thread 3" [_thread_blocked, id=2360, stack(0x000000f815300000,0x000000f815400000)]
  0x0000027c08e16800 JavaThread "Unconstrained build operations Thread 4" [_thread_blocked, id=13208, stack(0x000000f815400000,0x000000f815500000)]
  0x0000027c08e17000 JavaThread "Unconstrained build operations Thread 5" [_thread_blocked, id=4240, stack(0x000000f815500000,0x000000f815600000)]
  0x0000027c08e15800 JavaThread "Unconstrained build operations Thread 6" [_thread_blocked, id=2528, stack(0x000000f815600000,0x000000f815700000)]
  0x0000027c08e1c000 JavaThread "Unconstrained build operations Thread 7" [_thread_blocked, id=9052, stack(0x000000f815700000,0x000000f815800000)]
  0x0000027c0966b000 JavaThread "Unconstrained build operations Thread 8" [_thread_blocked, id=5208, stack(0x000000f815800000,0x000000f815900000)]
  0x0000027c0966d800 JavaThread "Unconstrained build operations Thread 9" [_thread_blocked, id=7244, stack(0x000000f815900000,0x000000f815a00000)]
  0x0000027c0966a800 JavaThread "Unconstrained build operations Thread 10" [_thread_blocked, id=14040, stack(0x000000f815a00000,0x000000f815b00000)]
  0x0000027c0966e800 JavaThread "Unconstrained build operations Thread 11" [_thread_blocked, id=13824, stack(0x000000f815b00000,0x000000f815c00000)]
  0x0000027c0966c000 JavaThread "Unconstrained build operations Thread 12" [_thread_blocked, id=3116, stack(0x000000f815c00000,0x000000f815d00000)]
  0x0000027c0966d000 JavaThread "Unconstrained build operations Thread 13" [_thread_blocked, id=4428, stack(0x000000f815d00000,0x000000f815e00000)]
  0x0000027c0966f000 JavaThread "Unconstrained build operations Thread 14" [_thread_blocked, id=7336, stack(0x000000f815e00000,0x000000f815f00000)]
  0x0000027c09669800 JavaThread "Unconstrained build operations Thread 15" [_thread_blocked, id=1604, stack(0x000000f815f00000,0x000000f816000000)]
  0x0000027c09672800 JavaThread "Unconstrained build operations Thread 16" [_thread_blocked, id=14284, stack(0x000000f816000000,0x000000f816100000)]
  0x0000027c09675000 JavaThread "Unconstrained build operations Thread 17" [_thread_blocked, id=6532, stack(0x000000f816100000,0x000000f816200000)]
  0x0000027c09675800 JavaThread "Unconstrained build operations Thread 18" [_thread_blocked, id=304, stack(0x000000f816200000,0x000000f816300000)]
  0x0000027c09670000 JavaThread "Unconstrained build operations Thread 19" [_thread_blocked, id=6732, stack(0x000000f816300000,0x000000f816400000)]
  0x0000027c09676800 JavaThread "Unconstrained build operations Thread 20" [_thread_blocked, id=6524, stack(0x000000f816400000,0x000000f816500000)]
  0x0000027c09673800 JavaThread "Unconstrained build operations Thread 21" [_thread_blocked, id=14000, stack(0x000000f816500000,0x000000f816600000)]
  0x0000027c09671000 JavaThread "Unconstrained build operations Thread 22" [_thread_blocked, id=11128, stack(0x000000f816600000,0x000000f816700000)]
  0x0000027c09671800 JavaThread "Unconstrained build operations Thread 23" [_thread_blocked, id=3524, stack(0x000000f816700000,0x000000f816800000)]
  0x0000027c09674000 JavaThread "Unconstrained build operations Thread 24" [_thread_blocked, id=5200, stack(0x000000f816800000,0x000000f816900000)]
  0x0000027c09677800 JavaThread "Unconstrained build operations Thread 25" [_thread_blocked, id=7368, stack(0x000000f816900000,0x000000f816a00000)]
  0x0000027c09678000 JavaThread "Unconstrained build operations Thread 26" [_thread_blocked, id=6352, stack(0x000000f816a00000,0x000000f816b00000)]
  0x0000027c0cced800 JavaThread "Unconstrained build operations Thread 27" [_thread_blocked, id=260, stack(0x000000f816b00000,0x000000f816c00000)]
  0x0000027c0cceb000 JavaThread "Unconstrained build operations Thread 28" [_thread_blocked, id=6552, stack(0x000000f816c00000,0x000000f816d00000)]
  0x0000027c0ccec000 JavaThread "Unconstrained build operations Thread 29" [_thread_blocked, id=12656, stack(0x000000f816d00000,0x000000f816e00000)]
  0x0000027c0cce9800 JavaThread "Unconstrained build operations Thread 30" [_thread_blocked, id=14320, stack(0x000000f816e00000,0x000000f816f00000)]
  0x0000027c0cced000 JavaThread "Unconstrained build operations Thread 31" [_thread_blocked, id=11112, stack(0x000000f816f00000,0x000000f817000000)]
  0x0000027c0ccea800 JavaThread "Unconstrained build operations Thread 32" [_thread_blocked, id=13900, stack(0x000000f817000000,0x000000f817100000)]
  0x0000027c0ccee800 JavaThread "Unconstrained build operations Thread 33" [_thread_blocked, id=14064, stack(0x000000f817100000,0x000000f817200000)]
  0x0000027c0cce9000 JavaThread "Unconstrained build operations Thread 34" [_thread_blocked, id=7156, stack(0x000000f817200000,0x000000f817300000)]
  0x0000027c0ccf2000 JavaThread "Unconstrained build operations Thread 35" [_thread_blocked, id=6888, stack(0x000000f817300000,0x000000f817400000)]
  0x0000027c0ccf1000 JavaThread "Unconstrained build operations Thread 36" [_thread_blocked, id=6540, stack(0x000000f817400000,0x000000f817500000)]
  0x0000027c0ccf2800 JavaThread "Unconstrained build operations Thread 37" [_thread_blocked, id=12856, stack(0x000000f817500000,0x000000f817600000)]
  0x0000027c0ccf0000 JavaThread "Unconstrained build operations Thread 38" [_thread_blocked, id=13848, stack(0x000000f817600000,0x000000f817700000)]
  0x0000027c0ccf3800 JavaThread "Unconstrained build operations Thread 39" [_thread_blocked, id=4000, stack(0x000000f817700000,0x000000f817800000)]
  0x0000027c0ccf4000 JavaThread "Unconstrained build operations Thread 40" [_thread_blocked, id=8412, stack(0x000000f817800000,0x000000f817900000)]
  0x0000027c0ccf5000 JavaThread "Unconstrained build operations Thread 41" [_thread_blocked, id=13892, stack(0x000000f817900000,0x000000f817a00000)]
  0x0000027c0ccef800 JavaThread "Unconstrained build operations Thread 42" [_thread_blocked, id=6480, stack(0x000000f817a00000,0x000000f817b00000)]
  0x0000027c0ccf6800 JavaThread "Unconstrained build operations Thread 43" [_thread_blocked, id=11200, stack(0x000000f817b00000,0x000000f817c00000)]
  0x0000027c0ccf7800 JavaThread "Unconstrained build operations Thread 44" [_thread_blocked, id=7628, stack(0x000000f817c00000,0x000000f817d00000)]
  0x0000027c0ccf6000 JavaThread "Unconstrained build operations Thread 45" [_thread_blocked, id=3936, stack(0x000000f817d00000,0x000000f817e00000)]
  0x0000027c0e7a3000 JavaThread "Unconstrained build operations Thread 46" [_thread_blocked, id=1380, stack(0x000000f817e00000,0x000000f817f00000)]
  0x0000027c0e7a5800 JavaThread "Unconstrained build operations Thread 47" [_thread_blocked, id=13444, stack(0x000000f817f00000,0x000000f818000000)]
  0x0000027c0e7a6800 JavaThread "Unconstrained build operations Thread 48" [_thread_blocked, id=1512, stack(0x000000f818000000,0x000000f818100000)]
  0x0000027c0e7a4000 JavaThread "Unconstrained build operations Thread 49" [_thread_blocked, id=6280, stack(0x000000f818100000,0x000000f818200000)]
  0x0000027c0e7a4800 JavaThread "Unconstrained build operations Thread 50" [_thread_blocked, id=9796, stack(0x000000f818200000,0x000000f818300000)]
  0x0000027c0e7a7000 JavaThread "Unconstrained build operations Thread 51" [_thread_blocked, id=11124, stack(0x000000f818300000,0x000000f818400000)]
  0x0000027c0e7a8000 JavaThread "Unconstrained build operations Thread 52" [_thread_blocked, id=12464, stack(0x000000f818400000,0x000000f818500000)]
  0x0000027c0e7a2800 JavaThread "Unconstrained build operations Thread 53" [_thread_blocked, id=7576, stack(0x000000f818500000,0x000000f818600000)]
  0x0000027c0e7ac000 JavaThread "Unconstrained build operations Thread 54" [_thread_blocked, id=10156, stack(0x000000f818600000,0x000000f818700000)]
  0x0000027c0e7aa800 JavaThread "Unconstrained build operations Thread 55" [_thread_blocked, id=9028, stack(0x000000f818700000,0x000000f818800000)]
  0x0000027c0e7ab800 JavaThread "Unconstrained build operations Thread 56" [_thread_blocked, id=3304, stack(0x000000f818800000,0x000000f818900000)]
  0x0000027c0e7ae800 JavaThread "Unconstrained build operations Thread 57" [_thread_blocked, id=1672, stack(0x000000f818900000,0x000000f818a00000)]
  0x0000027c0e7ad000 JavaThread "Unconstrained build operations Thread 58" [_thread_blocked, id=12612, stack(0x000000f818a00000,0x000000f818b00000)]
  0x0000027c0e7a9000 JavaThread "Unconstrained build operations Thread 59" [_thread_blocked, id=12020, stack(0x000000f818b00000,0x000000f818c00000)]
  0x0000027c0e7ad800 JavaThread "Unconstrained build operations Thread 60" [_thread_blocked, id=8712, stack(0x000000f818c00000,0x000000f818d00000)]
  0x0000027c0e7af800 JavaThread "Unconstrained build operations Thread 61" [_thread_blocked, id=10012, stack(0x000000f818d00000,0x000000f818e00000)]
  0x0000027c0e7a9800 JavaThread "Unconstrained build operations Thread 62" [_thread_blocked, id=7076, stack(0x000000f818e00000,0x000000f818f00000)]
  0x0000027c0e7b1000 JavaThread "Unconstrained build operations Thread 63" [_thread_blocked, id=13776, stack(0x000000f818f00000,0x000000f819000000)]
  0x0000027c0e7b0000 JavaThread "Unconstrained build operations Thread 64" [_thread_blocked, id=11272, stack(0x000000f819000000,0x000000f819100000)]
  0x0000027c0a7df800 JavaThread "Unconstrained build operations Thread 65" [_thread_blocked, id=4540, stack(0x000000f819100000,0x000000f819200000)]
  0x0000027c0a7de800 JavaThread "Unconstrained build operations Thread 66" [_thread_blocked, id=13500, stack(0x000000f819200000,0x000000f819300000)]
  0x0000027c0a7dd000 JavaThread "Unconstrained build operations Thread 67" [_thread_blocked, id=13496, stack(0x000000f819300000,0x000000f819400000)]
  0x0000027c0a7de000 JavaThread "Unconstrained build operations Thread 68" [_thread_blocked, id=6220, stack(0x000000f819400000,0x000000f819500000)]
  0x0000027c0a7e0800 JavaThread "Unconstrained build operations Thread 69" [_thread_blocked, id=5464, stack(0x000000f819500000,0x000000f819600000)]
  0x0000027c0a7e1000 JavaThread "Unconstrained build operations Thread 70" [_thread_blocked, id=13772, stack(0x000000f819600000,0x000000f819700000)]
  0x0000027c0a7e2000 JavaThread "Unconstrained build operations Thread 71" [_thread_blocked, id=10928, stack(0x000000f819700000,0x000000f819800000)]
  0x0000027c0a7dc800 JavaThread "Unconstrained build operations Thread 72" [_thread_blocked, id=2876, stack(0x000000f819800000,0x000000f819900000)]
  0x0000027c0a7e3800 JavaThread "Unconstrained build operations Thread 73" [_thread_blocked, id=3424, stack(0x000000f819900000,0x000000f819a00000)]
  0x0000027c0a7e4800 JavaThread "Unconstrained build operations Thread 74" [_thread_blocked, id=1352, stack(0x000000f819a00000,0x000000f819b00000)]
  0x0000027c0a7e5800 JavaThread "Unconstrained build operations Thread 75" [_thread_blocked, id=3616, stack(0x000000f819b00000,0x000000f819c00000)]
  0x0000027c0a7e7800 JavaThread "Unconstrained build operations Thread 76" [_thread_blocked, id=11968, stack(0x000000f819c00000,0x000000f819d00000)]
  0x0000027c0a7e6000 JavaThread "Unconstrained build operations Thread 77" [_thread_blocked, id=13888, stack(0x000000f819d00000,0x000000f819e00000)]
  0x0000027c0a7e8800 JavaThread "Unconstrained build operations Thread 78" [_thread_blocked, id=4536, stack(0x000000f819e00000,0x000000f819f00000)]
  0x0000027c0a7e7000 JavaThread "Unconstrained build operations Thread 79" [_thread_blocked, id=5820, stack(0x000000f819f00000,0x000000f81a000000)]
  0x0000027c0a7e3000 JavaThread "Unconstrained build operations Thread 80" [_thread_blocked, id=12968, stack(0x000000f81a000000,0x000000f81a100000)]
  0x0000027c0a7e9800 JavaThread "jar transforms Thread 6" [_thread_blocked, id=2180, stack(0x000000f81a100000,0x000000f81a200000)]
  0x0000027c0a7ea000 JavaThread "jar transforms Thread 7" [_thread_blocked, id=14032, stack(0x000000f81a200000,0x000000f81a300000)]
  0x0000027c0a7eb000 JavaThread "jar transforms Thread 8" [_thread_blocked, id=7688, stack(0x000000f81a300000,0x000000f81a400000)]
  0x0000027c0eb1d800 JavaThread "build event listener" [_thread_blocked, id=3596, stack(0x000000f81a400000,0x000000f81a500000)]
  0x0000027c0eb1e000 JavaThread "Memory manager" [_thread_blocked, id=12696, stack(0x000000f81a600000,0x000000f81a700000)]
  0x0000027c0eb24800 JavaThread "included builds" [_thread_blocked, id=3844, stack(0x000000f81a800000,0x000000f81a900000)]
  0x0000027c0eb24000 JavaThread "Execution worker" [_thread_blocked, id=12280, stack(0x000000f81a900000,0x000000f81aa00000)]
  0x0000027c0eb1f000 JavaThread "Execution worker Thread 2" [_thread_blocked, id=10564, stack(0x000000f81aa00000,0x000000f81ab00000)]
  0x0000027c0eb25800 JavaThread "Execution worker Thread 3" [_thread_blocked, id=5912, stack(0x000000f81ab00000,0x000000f81ac00000)]
  0x0000027c0eb22000 JavaThread "Execution worker Thread 4" [_thread_blocked, id=13544, stack(0x000000f81ac00000,0x000000f81ad00000)]
  0x0000027c0eb23000 JavaThread "Execution worker Thread 5" [_thread_blocked, id=10912, stack(0x000000f81ad00000,0x000000f81ae00000)]
  0x0000027c0eb26800 JavaThread "Execution worker Thread 6" [_thread_blocked, id=12912, stack(0x000000f81ae00000,0x000000f81af00000)]
  0x0000027c0eb21800 JavaThread "Execution worker Thread 7" [_thread_blocked, id=12232, stack(0x000000f81af00000,0x000000f81b000000)]
  0x0000027c0eb20800 JavaThread "Cache worker for execution history cache (C:\Users\rafae\OneDrive\Escritorio\parcial2\.gradle\7.5\executionHistory)" [_thread_blocked, id=13068, stack(0x000000f81b000000,0x000000f81b100000)]
  0x0000027c11326800 JavaThread "C2 CompilerThread1" daemon [_thread_blocked, id=7412, stack(0x000000f81a500000,0x000000f81a600000)]
  0x0000027c0eb27000 JavaThread "WorkerExecutor Queue" [_thread_blocked, id=9460, stack(0x000000f81a700000,0x000000f81a800000)]

Other Threads:
=>0x0000027c079ce000 VMThread "VM Thread" [stack: 0x000000f812200000,0x000000f812300000] [id=1400]
  0x0000027c084fe000 WatcherThread [stack: 0x000000f812c00000,0x000000f812d00000] [id=6392]
  0x0000027c6b5b9800 GCTaskThread "GC Thread#0" [stack: 0x000000f811d00000,0x000000f811e00000] [id=6112]
  0x0000027c0888d800 GCTaskThread "GC Thread#1" [stack: 0x000000f812d00000,0x000000f812e00000] [id=7936]
  0x0000027c0892b000 GCTaskThread "GC Thread#2" [stack: 0x000000f813800000,0x000000f813900000] [id=6756]
  0x0000027c0914e000 GCTaskThread "GC Thread#3" [stack: 0x000000f813900000,0x000000f813a00000] [id=12904]
  0x0000027c093e6000 GCTaskThread "GC Thread#4" [stack: 0x000000f813a00000,0x000000f813b00000] [id=3748]
  0x0000027c09113000 GCTaskThread "GC Thread#5" [stack: 0x000000f813b00000,0x000000f813c00000] [id=1344]
  0x0000027c09113800 GCTaskThread "GC Thread#6" [stack: 0x000000f813c00000,0x000000f813d00000] [id=14332]
  0x0000027c09116800 GCTaskThread "GC Thread#7" [stack: 0x000000f813d00000,0x000000f813e00000] [id=508]
  0x0000027c6b5eb800 ConcurrentGCThread "G1 Main Marker" [stack: 0x000000f811e00000,0x000000f811f00000] [id=4420]
  0x0000027c6b5ed800 ConcurrentGCThread "G1 Conc#0" [stack: 0x000000f811f00000,0x000000f812000000] [id=4596]
  0x0000027c091b6800 ConcurrentGCThread "G1 Conc#1" [stack: 0x000000f814000000,0x000000f814100000] [id=13376]
  0x0000027c6b646000 ConcurrentGCThread "G1 Refine#0" [stack: 0x000000f812000000,0x000000f812100000] [id=8860]
  0x0000027c6b64a000 ConcurrentGCThread "G1 Young RemSet Sampling" [stack: 0x000000f812100000,0x000000f812200000] [id=12056]

Threads with active compile tasks:
C2 CompilerThread0    31765 12254       4       com.android.tools.r8.internal.Kx::hasNext (212 bytes)
C1 CompilerThread0    31765 12249       2       com.android.tools.r8.internal.cs::f (21 bytes)
C2 CompilerThread1    31765 11399 %     4       com.android.tools.r8.internal.Ab::a @ 2683 (6176 bytes)

VM state:at safepoint (normal execution)

VM Mutex/Monitor currently owned by a thread:  ([mutex/lock_event])
[0x0000027c6b59b7e0] Threads_lock - owner thread: 0x0000027c079ce000
[0x0000027c6b59aee0] Heap_lock - owner thread: 0x0000027c0966b000

Heap address: 0x0000000080000000, size: 2048 MB, Compressed Oops mode: 32-bit
Narrow klass base: 0x0000000000000000, Narrow klass shift: 3
Compressed class space size: 1073741824 Address: 0x0000000100000000

Heap:
 garbage-first heap   total 489472K, used 172206K [0x0000000080000000, 0x0000000100000000)
  region size 1024K, 5 young (5120K), 5 survivors (5120K)
 Metaspace       used 101594K, capacity 104707K, committed 105264K, reserved 1140736K
  class space    used 13497K, capacity 14722K, committed 14976K, reserved 1048576K
Heap Regions: E=young(eden), S=young(survivor), O=old, HS=humongous(starts), HC=humongous(continues), CS=collection set, F=free, A=archive, TAMS=top-at-mark-start (previous, next)
|   0|0x0000000080000000, 0x0000000080100000, 0x0000000080100000|100%| O|  |TAMS 0x0000000080100000, 0x0000000080000000| Complete 
|   1|0x0000000080100000, 0x0000000080200000, 0x0000000080200000|100%| O|  |TAMS 0x0000000080200000, 0x0000000080100000| Untracked 
|   2|0x0000000080200000, 0x0000000080300000, 0x0000000080300000|100%| O|  |TAMS 0x0000000080300000, 0x0000000080200000| Complete 
|   3|0x0000000080300000, 0x0000000080400000, 0x0000000080400000|100%|HS|  |TAMS 0x0000000080400000, 0x0000000080300000| Complete 
|   4|0x0000000080400000, 0x0000000080500000, 0x0000000080500000|100%|HC|  |TAMS 0x0000000080500000, 0x0000000080400000| Complete 
|   5|0x0000000080500000, 0x0000000080600000, 0x0000000080600000|100%|HC|  |TAMS 0x0000000080600000, 0x0000000080500000| Complete 
|   6|0x0000000080600000, 0x0000000080700000, 0x0000000080700000|100%| O|  |TAMS 0x0000000080700000, 0x0000000080600000| Untracked 
|   7|0x0000000080700000, 0x0000000080800000, 0x0000000080800000|100%| O|  |TAMS 0x0000000080800000, 0x0000000080700000| Complete 
|   8|0x0000000080800000, 0x0000000080900000, 0x0000000080900000|100%| O|  |TAMS 0x0000000080900000, 0x0000000080800000| Untracked 
|   9|0x0000000080900000, 0x0000000080a00000, 0x0000000080a00000|100%| O|  |TAMS 0x0000000080a00000, 0x0000000080900000| Complete 
|  10|0x0000000080a00000, 0x0000000080b00000, 0x0000000080b00000|100%| O|  |TAMS 0x0000000080b00000, 0x0000000080a00000| Complete 
|  11|0x0000000080b00000, 0x0000000080c00000, 0x0000000080c00000|100%| O|  |TAMS 0x0000000080c00000, 0x0000000080b00000| Untracked 
|  12|0x0000000080c00000, 0x0000000080d00000, 0x0000000080d00000|100%| O|  |TAMS 0x0000000080d00000, 0x0000000080c00000| Complete 
|  13|0x0000000080d00000, 0x0000000080e00000, 0x0000000080e00000|100%| O|  |TAMS 0x0000000080e00000, 0x0000000080d00000| Untracked 
|  14|0x0000000080e00000, 0x0000000080f00000, 0x0000000080f00000|100%| O|  |TAMS 0x0000000080f00000, 0x0000000080e00000| Untracked 
|  15|0x0000000080f00000, 0x0000000081000000, 0x0000000081000000|100%| O|  |TAMS 0x0000000081000000, 0x0000000080f00000| Untracked 
|  16|0x0000000081000000, 0x0000000081100000, 0x0000000081100000|100%| O|  |TAMS 0x0000000081100000, 0x0000000081000000| Untracked 
|  17|0x0000000081100000, 0x0000000081200000, 0x0000000081200000|100%| O|  |TAMS 0x0000000081200000, 0x0000000081100000| Untracked 
|  18|0x0000000081200000, 0x0000000081300000, 0x0000000081300000|100%| O|  |TAMS 0x0000000081300000, 0x0000000081200000| Complete 
|  19|0x0000000081300000, 0x0000000081400000, 0x0000000081400000|100%| O|  |TAMS 0x0000000081400000, 0x0000000081300000| Untracked 
|  20|0x0000000081400000, 0x0000000081500000, 0x0000000081500000|100%| O|  |TAMS 0x0000000081500000, 0x0000000081400000| Untracked 
|  21|0x0000000081500000, 0x0000000081600000, 0x0000000081600000|100%| O|  |TAMS 0x0000000081600000, 0x0000000081500000| Untracked 
|  22|0x0000000081600000, 0x0000000081700000, 0x0000000081700000|100%| O|  |TAMS 0x0000000081700000, 0x0000000081600000| Untracked 
|  23|0x0000000081700000, 0x0000000081800000, 0x0000000081800000|100%| O|  |TAMS 0x0000000081800000, 0x0000000081700000| Untracked 
|  24|0x0000000081800000, 0x0000000081900000, 0x0000000081900000|100%| O|  |TAMS 0x0000000081900000, 0x0000000081800000| Complete 
|  25|0x0000000081900000, 0x0000000081a00000, 0x0000000081a00000|100%| O|  |TAMS 0x0000000081a00000, 0x0000000081900000| Untracked 
|  26|0x0000000081a00000, 0x0000000081b00000, 0x0000000081b00000|100%| O|  |TAMS 0x0000000081b00000, 0x0000000081a00000| Untracked 
|  27|0x0000000081b00000, 0x0000000081c00000, 0x0000000081c00000|100%| O|  |TAMS 0x0000000081c00000, 0x0000000081b00000| Untracked 
|  28|0x0000000081c00000, 0x0000000081d00000, 0x0000000081d00000|100%| O|  |TAMS 0x0000000081d00000, 0x0000000081c00000| Untracked 
|  29|0x0000000081d00000, 0x0000000081e00000, 0x0000000081e00000|100%| O|  |TAMS 0x0000000081e00000, 0x0000000081d00000| Untracked 
|  30|0x0000000081e00000, 0x0000000081f00000, 0x0000000081f00000|100%| O|  |TAMS 0x0000000081f00000, 0x0000000081e00000| Untracked 
|  31|0x0000000081f00000, 0x0000000082000000, 0x0000000082000000|100%| O|  |TAMS 0x0000000082000000, 0x0000000081f00000| Untracked 
|  32|0x0000000082000000, 0x0000000082100000, 0x0000000082100000|100%|HS|  |TAMS 0x0000000082100000, 0x0000000082000000| Complete 
|  33|0x0000000082100000, 0x0000000082200000, 0x0000000082200000|100%| O|  |TAMS 0x0000000082200000, 0x0000000082100000| Untracked 
|  34|0x0000000082200000, 0x0000000082300000, 0x0000000082300000|100%|HS|  |TAMS 0x0000000082300000, 0x0000000082200000| Complete 
|  35|0x0000000082300000, 0x0000000082400000, 0x0000000082400000|100%| O|  |TAMS 0x0000000082400000, 0x0000000082300000| Untracked 
|  36|0x0000000082400000, 0x0000000082500000, 0x0000000082500000|100%| O|  |TAMS 0x0000000082500000, 0x0000000082400000| Untracked 
|  37|0x0000000082500000, 0x0000000082600000, 0x0000000082600000|100%| O|  |TAMS 0x0000000082600000, 0x0000000082500000| Untracked 
|  38|0x0000000082600000, 0x0000000082700000, 0x0000000082700000|100%| O|  |TAMS 0x0000000082700000, 0x0000000082600000| Untracked 
|  39|0x0000000082700000, 0x0000000082800000, 0x0000000082800000|100%| O|  |TAMS 0x0000000082800000, 0x0000000082700000| Complete 
|  40|0x0000000082800000, 0x0000000082900000, 0x0000000082900000|100%| O|  |TAMS 0x0000000082900000, 0x0000000082800000| Untracked 
|  41|0x0000000082900000, 0x0000000082a00000, 0x0000000082a00000|100%| O|  |TAMS 0x0000000082a00000, 0x0000000082900000| Untracked 
|  42|0x0000000082a00000, 0x0000000082b00000, 0x0000000082b00000|100%| O|  |TAMS 0x0000000082b00000, 0x0000000082a00000| Untracked 
|  43|0x0000000082b00000, 0x0000000082c00000, 0x0000000082c00000|100%| O|  |TAMS 0x0000000082c00000, 0x0000000082b00000| Untracked 
|  44|0x0000000082c00000, 0x0000000082d00000, 0x0000000082d00000|100%| O|  |TAMS 0x0000000082d00000, 0x0000000082c00000| Untracked 
|  45|0x0000000082d00000, 0x0000000082e00000, 0x0000000082e00000|100%| O|  |TAMS 0x0000000082e00000, 0x0000000082d00000| Untracked 
|  46|0x0000000082e00000, 0x0000000082f00000, 0x0000000082f00000|100%| O|  |TAMS 0x0000000082f00000, 0x0000000082e00000| Untracked 
|  47|0x0000000082f00000, 0x0000000083000000, 0x0000000083000000|100%| O|  |TAMS 0x0000000083000000, 0x0000000082f00000| Untracked 
|  48|0x0000000083000000, 0x0000000083100000, 0x0000000083100000|100%| O|  |TAMS 0x0000000083100000, 0x0000000083000000| Untracked 
|  49|0x0000000083100000, 0x0000000083200000, 0x0000000083200000|100%| O|  |TAMS 0x0000000083200000, 0x0000000083100000| Complete 
|  50|0x0000000083200000, 0x0000000083300000, 0x0000000083300000|100%| O|  |TAMS 0x0000000083300000, 0x0000000083200000| Untracked 
|  51|0x0000000083300000, 0x0000000083400000, 0x0000000083400000|100%| O|  |TAMS 0x0000000083400000, 0x0000000083300000| Complete 
|  52|0x0000000083400000, 0x0000000083500000, 0x0000000083500000|100%| O|  |TAMS 0x0000000083500000, 0x0000000083400000| Untracked 
|  53|0x0000000083500000, 0x0000000083600000, 0x0000000083600000|100%| O|  |TAMS 0x0000000083600000, 0x0000000083500000| Untracked 
|  54|0x0000000083600000, 0x0000000083700000, 0x0000000083700000|100%| O|  |TAMS 0x0000000083700000, 0x0000000083600000| Untracked 
|  55|0x0000000083700000, 0x0000000083800000, 0x0000000083800000|100%| O|  |TAMS 0x0000000083800000, 0x0000000083700000| Untracked 
|  56|0x0000000083800000, 0x0000000083900000, 0x0000000083900000|100%| O|  |TAMS 0x0000000083900000, 0x0000000083800000| Complete 
|  57|0x0000000083900000, 0x0000000083a00000, 0x0000000083a00000|100%| O|  |TAMS 0x0000000083a00000, 0x0000000083900000| Untracked 
|  58|0x0000000083a00000, 0x0000000083b00000, 0x0000000083b00000|100%| O|  |TAMS 0x0000000083b00000, 0x0000000083a00000| Complete 
|  59|0x0000000083b00000, 0x0000000083c00000, 0x0000000083c00000|100%| O|  |TAMS 0x0000000083c00000, 0x0000000083b00000| Untracked 
|  60|0x0000000083c00000, 0x0000000083d00000, 0x0000000083d00000|100%| O|  |TAMS 0x0000000083d00000, 0x0000000083c00000| Untracked 
|  61|0x0000000083d00000, 0x0000000083e00000, 0x0000000083e00000|100%| O|  |TAMS 0x0000000083e00000, 0x0000000083d00000| Untracked 
|  62|0x0000000083e00000, 0x0000000083f00000, 0x0000000083f00000|100%| O|  |TAMS 0x0000000083f00000, 0x0000000083e00000| Untracked 
|  63|0x0000000083f00000, 0x0000000084000000, 0x0000000084000000|100%| O|  |TAMS 0x0000000084000000, 0x0000000083f00000| Untracked 
|  64|0x0000000084000000, 0x0000000084100000, 0x0000000084100000|100%| O|  |TAMS 0x0000000084100000, 0x0000000084000000| Untracked 
|  65|0x0000000084100000, 0x0000000084200000, 0x0000000084200000|100%| O|  |TAMS 0x0000000084200000, 0x0000000084100000| Complete 
|  66|0x0000000084200000, 0x0000000084300000, 0x0000000084300000|100%| O|  |TAMS 0x0000000084300000, 0x0000000084200000| Complete 
|  67|0x0000000084300000, 0x0000000084400000, 0x0000000084400000|100%| O|  |TAMS 0x0000000084400000, 0x0000000084300000| Complete 
|  68|0x0000000084400000, 0x0000000084500000, 0x0000000084500000|100%| O|  |TAMS 0x0000000084500000, 0x0000000084400000| Untracked 
|  69|0x0000000084500000, 0x0000000084600000, 0x0000000084600000|100%| O|  |TAMS 0x0000000084600000, 0x0000000084500000| Untracked 
|  70|0x0000000084600000, 0x0000000084700000, 0x0000000084700000|100%| O|  |TAMS 0x0000000084700000, 0x0000000084600000| Untracked 
|  71|0x0000000084700000, 0x0000000084800000, 0x0000000084800000|100%| O|  |TAMS 0x0000000084800000, 0x0000000084700000| Complete 
|  72|0x0000000084800000, 0x0000000084900000, 0x0000000084900000|100%| O|  |TAMS 0x0000000084900000, 0x0000000084800000| Untracked 
|  73|0x0000000084900000, 0x0000000084a00000, 0x0000000084a00000|100%| O|  |TAMS 0x0000000084a00000, 0x0000000084900000| Untracked 
|  74|0x0000000084a00000, 0x0000000084b00000, 0x0000000084b00000|100%| O|  |TAMS 0x0000000084b00000, 0x0000000084a00000| Untracked 
|  75|0x0000000084b00000, 0x0000000084c00000, 0x0000000084c00000|100%| O|  |TAMS 0x0000000084c00000, 0x0000000084b00000| Untracked 
|  76|0x0000000084c00000, 0x0000000084d00000, 0x0000000084d00000|100%| O|  |TAMS 0x0000000084d00000, 0x0000000084c00000| Untracked 
|  77|0x0000000084d00000, 0x0000000084e00000, 0x0000000084e00000|100%| O|  |TAMS 0x0000000084e00000, 0x0000000084d00000| Complete 
|  78|0x0000000084e00000, 0x0000000084f00000, 0x0000000084f00000|100%| O|  |TAMS 0x0000000084f00000, 0x0000000084e00000| Complete 
|  79|0x0000000084f00000, 0x0000000085000000, 0x0000000085000000|100%| O|  |TAMS 0x0000000085000000, 0x0000000084f00000| Complete 
|  80|0x0000000085000000, 0x0000000085100000, 0x0000000085100000|100%| O|  |TAMS 0x0000000085100000, 0x0000000085000000| Complete 
|  81|0x0000000085100000, 0x0000000085200000, 0x0000000085200000|100%| O|  |TAMS 0x0000000085200000, 0x0000000085100000| Complete 
|  82|0x0000000085200000, 0x0000000085300000, 0x0000000085300000|100%| O|  |TAMS 0x0000000085300000, 0x0000000085200000| Untracked 
|  83|0x0000000085300000, 0x0000000085400000, 0x0000000085400000|100%| O|  |TAMS 0x0000000085400000, 0x0000000085300000| Complete 
|  84|0x0000000085400000, 0x0000000085500000, 0x0000000085500000|100%| O|  |TAMS 0x0000000085500000, 0x0000000085400000| Untracked 
|  85|0x0000000085500000, 0x0000000085600000, 0x0000000085600000|100%| O|  |TAMS 0x0000000085600000, 0x0000000085500000| Untracked 
|  86|0x0000000085600000, 0x0000000085700000, 0x0000000085700000|100%| O|  |TAMS 0x0000000085700000, 0x0000000085600000| Untracked 
|  87|0x0000000085700000, 0x0000000085800000, 0x0000000085800000|100%| O|  |TAMS 0x0000000085800000, 0x0000000085700000| Untracked 
|  88|0x0000000085800000, 0x0000000085900000, 0x0000000085900000|100%| O|  |TAMS 0x0000000085900000, 0x0000000085800000| Complete 
|  89|0x0000000085900000, 0x0000000085a00000, 0x0000000085a00000|100%| O|  |TAMS 0x0000000085a00000, 0x0000000085900000| Untracked 
|  90|0x0000000085a00000, 0x0000000085b00000, 0x0000000085b00000|100%| O|  |TAMS 0x0000000085b00000, 0x0000000085a00000| Untracked 
|  91|0x0000000085b00000, 0x0000000085c00000, 0x0000000085c00000|100%| O|  |TAMS 0x0000000085c00000, 0x0000000085b00000| Untracked 
|  92|0x0000000085c00000, 0x0000000085d00000, 0x0000000085d00000|100%| O|  |TAMS 0x0000000085d00000, 0x0000000085c00000| Untracked 
|  93|0x0000000085d00000, 0x0000000085e00000, 0x0000000085e00000|100%| O|  |TAMS 0x0000000085e00000, 0x0000000085d00000| Untracked 
|  94|0x0000000085e00000, 0x0000000085f00000, 0x0000000085f00000|100%| O|  |TAMS 0x0000000085f00000, 0x0000000085e00000| Complete 
|  95|0x0000000085f00000, 0x0000000086000000, 0x0000000086000000|100%| O|  |TAMS 0x0000000086000000, 0x0000000085f00000| Complete 
|  96|0x0000000086000000, 0x0000000086100000, 0x0000000086100000|100%| O|  |TAMS 0x0000000086100000, 0x0000000086000000| Complete 
|  97|0x0000000086100000, 0x0000000086200000, 0x0000000086200000|100%| O|  |TAMS 0x0000000086200000, 0x0000000086100000| Complete 
|  98|0x0000000086200000, 0x0000000086300000, 0x0000000086300000|100%| O|  |TAMS 0x0000000086300000, 0x0000000086200000| Complete 
|  99|0x0000000086300000, 0x0000000086400000, 0x0000000086400000|100%| O|  |TAMS 0x0000000086400000, 0x0000000086300000| Untracked 
| 100|0x0000000086400000, 0x0000000086500000, 0x0000000086500000|100%| O|  |TAMS 0x0000000086500000, 0x0000000086400000| Untracked 
| 101|0x0000000086500000, 0x0000000086600000, 0x0000000086600000|100%| O|  |TAMS 0x0000000086600000, 0x0000000086500000| Untracked 
| 102|0x0000000086600000, 0x0000000086700000, 0x0000000086700000|100%| O|  |TAMS 0x0000000086700000, 0x0000000086600000| Complete 
| 103|0x0000000086700000, 0x0000000086800000, 0x0000000086800000|100%| O|  |TAMS 0x0000000086800000, 0x0000000086700000| Untracked 
| 104|0x0000000086800000, 0x0000000086900000, 0x0000000086900000|100%| O|  |TAMS 0x0000000086900000, 0x0000000086800000| Complete 
| 105|0x0000000086900000, 0x0000000086a00000, 0x0000000086a00000|100%| O|  |TAMS 0x0000000086a00000, 0x0000000086900000| Complete 
| 106|0x0000000086a00000, 0x0000000086b00000, 0x0000000086b00000|100%| O|  |TAMS 0x0000000086b00000, 0x0000000086a00000| Untracked 
| 107|0x0000000086b00000, 0x0000000086c00000, 0x0000000086c00000|100%| O|  |TAMS 0x0000000086c00000, 0x0000000086b00000| Untracked 
| 108|0x0000000086c00000, 0x0000000086d00000, 0x0000000086d00000|100%| O|  |TAMS 0x0000000086d00000, 0x0000000086c00000| Untracked 
| 109|0x0000000086d00000, 0x0000000086e00000, 0x0000000086e00000|100%| O|  |TAMS 0x0000000086e00000, 0x0000000086d00000| Untracked 
| 110|0x0000000086e00000, 0x0000000086f00000, 0x0000000086f00000|100%| O|  |TAMS 0x0000000086f00000, 0x0000000086e00000| Complete 
| 111|0x0000000086f00000, 0x0000000087000000, 0x0000000087000000|100%| O|  |TAMS 0x0000000087000000, 0x0000000086f00000| Complete 
| 112|0x0000000087000000, 0x0000000087100000, 0x0000000087100000|100%| O|  |TAMS 0x0000000087100000, 0x0000000087000000| Untracked 
| 113|0x0000000087100000, 0x0000000087200000, 0x0000000087200000|100%| O|  |TAMS 0x0000000087200000, 0x0000000087100000| Untracked 
| 114|0x0000000087200000, 0x0000000087300000, 0x0000000087300000|100%| O|  |TAMS 0x0000000087300000, 0x0000000087200000| Untracked 
| 115|0x0000000087300000, 0x0000000087400000, 0x0000000087400000|100%| O|  |TAMS 0x0000000087400000, 0x0000000087300000| Untracked 
| 116|0x0000000087400000, 0x0000000087500000, 0x0000000087500000|100%| O|  |TAMS 0x0000000087500000, 0x0000000087400000| Complete 
| 117|0x0000000087500000, 0x0000000087600000, 0x0000000087600000|100%| O|  |TAMS 0x0000000087600000, 0x0000000087500000| Complete 
| 118|0x0000000087600000, 0x0000000087700000, 0x0000000087700000|100%| O|  |TAMS 0x0000000087700000, 0x0000000087600000| Complete 
| 119|0x0000000087700000, 0x0000000087800000, 0x0000000087800000|100%| O|  |TAMS 0x0000000087800000, 0x0000000087700000| Untracked 
| 120|0x0000000087800000, 0x0000000087900000, 0x0000000087900000|100%| O|  |TAMS 0x0000000087900000, 0x0000000087800000| Untracked 
| 121|0x0000000087900000, 0x0000000087a00000, 0x0000000087a00000|100%| O|  |TAMS 0x0000000087a00000, 0x0000000087900000| Untracked 
| 122|0x0000000087a00000, 0x0000000087b00000, 0x0000000087b00000|100%| O|  |TAMS 0x0000000087b00000, 0x0000000087a00000| Untracked 
| 123|0x0000000087b00000, 0x0000000087c00000, 0x0000000087c00000|100%| O|  |TAMS 0x0000000087c00000, 0x0000000087b00000| Untracked 
| 124|0x0000000087c00000, 0x0000000087d00000, 0x0000000087d00000|100%| O|  |TAMS 0x0000000087d00000, 0x0000000087c00000| Untracked 
| 125|0x0000000087d00000, 0x0000000087e00000, 0x0000000087e00000|100%| O|  |TAMS 0x0000000087e00000, 0x0000000087d00000| Complete 
| 126|0x0000000087e00000, 0x0000000087f00000, 0x0000000087f00000|100%| O|  |TAMS 0x0000000087f00000, 0x0000000087e00000| Untracked 
| 127|0x0000000087f00000, 0x0000000088000000, 0x0000000088000000|100%| O|  |TAMS 0x0000000088000000, 0x0000000087f00000| Untracked 
| 128|0x0000000088000000, 0x0000000088100000, 0x0000000088100000|100%| O|  |TAMS 0x0000000088100000, 0x0000000088000000| Untracked 
| 129|0x0000000088100000, 0x0000000088200000, 0x0000000088200000|100%| O|  |TAMS 0x0000000088200000, 0x0000000088100000| Untracked 
| 130|0x0000000088200000, 0x0000000088300000, 0x0000000088300000|100%| O|  |TAMS 0x0000000088300000, 0x0000000088200000| Untracked 
| 131|0x0000000088300000, 0x0000000088400000, 0x0000000088400000|100%| O|  |TAMS 0x0000000088400000, 0x0000000088300000| Complete 
| 132|0x0000000088400000, 0x0000000088500000, 0x0000000088500000|100%| O|  |TAMS 0x0000000088500000, 0x0000000088400000| Untracked 
| 133|0x0000000088500000, 0x0000000088600000, 0x0000000088600000|100%| O|  |TAMS 0x0000000088600000, 0x0000000088500000| Untracked 
| 134|0x0000000088600000, 0x0000000088700000, 0x0000000088700000|100%| O|  |TAMS 0x0000000088700000, 0x0000000088600000| Untracked 
| 135|0x0000000088700000, 0x0000000088800000, 0x0000000088800000|100%| O|  |TAMS 0x0000000088800000, 0x0000000088700000| Untracked 
| 136|0x0000000088800000, 0x0000000088900000, 0x0000000088900000|100%| O|  |TAMS 0x0000000088900000, 0x0000000088800000| Untracked 
| 137|0x0000000088900000, 0x0000000088a00000, 0x0000000088a00000|100%| O|  |TAMS 0x0000000088a00000, 0x0000000088900000| Complete 
| 138|0x0000000088a00000, 0x0000000088b00000, 0x0000000088b00000|100%| O|  |TAMS 0x0000000088b00000, 0x0000000088a00000| Complete 
| 139|0x0000000088b00000, 0x0000000088c00000, 0x0000000088c00000|100%| O|  |TAMS 0x0000000088c00000, 0x0000000088b00000| Untracked 
| 140|0x0000000088c00000, 0x0000000088d00000, 0x0000000088d00000|100%| O|  |TAMS 0x0000000088d00000, 0x0000000088c00000| Untracked 
| 141|0x0000000088d00000, 0x0000000088e00000, 0x0000000088e00000|100%| O|  |TAMS 0x0000000088e00000, 0x0000000088d00000| Untracked 
| 142|0x0000000088e00000, 0x0000000088f00000, 0x0000000088f00000|100%| O|  |TAMS 0x0000000088f00000, 0x0000000088e00000| Untracked 
| 143|0x0000000088f00000, 0x0000000089000000, 0x0000000089000000|100%| O|  |TAMS 0x0000000089000000, 0x0000000088f00000| Untracked 
| 144|0x0000000089000000, 0x0000000089100000, 0x0000000089100000|100%| O|  |TAMS 0x0000000089100000, 0x0000000089000000| Untracked 
| 145|0x0000000089100000, 0x0000000089200000, 0x0000000089200000|100%| O|  |TAMS 0x0000000089200000, 0x0000000089100000| Complete 
| 146|0x0000000089200000, 0x0000000089300000, 0x0000000089300000|100%| O|  |TAMS 0x0000000089300000, 0x0000000089200000| Complete 
| 147|0x0000000089300000, 0x0000000089400000, 0x0000000089400000|100%| O|  |TAMS 0x0000000089350600, 0x0000000089300000| Untracked 
| 148|0x0000000089400000, 0x0000000089500000, 0x0000000089500000|100%| O|  |TAMS 0x0000000089400000, 0x0000000089400000| Untracked 
| 149|0x0000000089500000, 0x0000000089600000, 0x0000000089600000|100%| O|  |TAMS 0x0000000089500000, 0x0000000089500000| Untracked 
| 150|0x0000000089600000, 0x0000000089700000, 0x0000000089700000|100%| O|  |TAMS 0x0000000089600000, 0x0000000089600000| Untracked 
| 151|0x0000000089700000, 0x0000000089800000, 0x0000000089800000|100%| O|  |TAMS 0x0000000089700000, 0x0000000089700000| Untracked 
| 152|0x0000000089800000, 0x0000000089900000, 0x0000000089900000|100%| O|  |TAMS 0x0000000089800000, 0x0000000089800000| Untracked 
| 153|0x0000000089900000, 0x0000000089a00000, 0x0000000089a00000|100%| O|  |TAMS 0x0000000089900000, 0x0000000089900000| Untracked 
| 154|0x0000000089a00000, 0x0000000089b00000, 0x0000000089b00000|100%| O|  |TAMS 0x0000000089a00000, 0x0000000089a00000| Untracked 
| 155|0x0000000089b00000, 0x0000000089c00000, 0x0000000089c00000|100%| O|  |TAMS 0x0000000089b00000, 0x0000000089b00000| Untracked 
| 156|0x0000000089c00000, 0x0000000089d00000, 0x0000000089d00000|100%| O|  |TAMS 0x0000000089c00000, 0x0000000089c00000| Untracked 
| 157|0x0000000089d00000, 0x0000000089e00000, 0x0000000089e00000|100%| O|  |TAMS 0x0000000089d00000, 0x0000000089d00000| Untracked 
| 158|0x0000000089e00000, 0x0000000089f00000, 0x0000000089f00000|100%| O|  |TAMS 0x0000000089e00000, 0x0000000089e00000| Untracked 
| 159|0x0000000089f00000, 0x000000008a000000, 0x000000008a000000|100%| O|  |TAMS 0x0000000089f00000, 0x0000000089f00000| Untracked 
| 160|0x000000008a000000, 0x000000008a100000, 0x000000008a100000|100%| O|  |TAMS 0x000000008a000000, 0x000000008a000000| Untracked 
| 161|0x000000008a100000, 0x000000008a200000, 0x000000008a200000|100%| O|  |TAMS 0x000000008a100000, 0x000000008a100000| Untracked 
| 162|0x000000008a200000, 0x000000008a300000, 0x000000008a300000|100%| O|  |TAMS 0x000000008a200000, 0x000000008a200000| Untracked 
| 163|0x000000008a300000, 0x000000008a3fe200, 0x000000008a400000| 99%| O|  |TAMS 0x000000008a300000, 0x000000008a300000| Untracked 
| 164|0x000000008a400000, 0x000000008a400000, 0x000000008a500000|  0%| F|  |TAMS 0x000000008a400000, 0x000000008a400000| Untracked 
| 165|0x000000008a500000, 0x000000008a500000, 0x000000008a600000|  0%| F|  |TAMS 0x000000008a500000, 0x000000008a500000| Untracked 
| 166|0x000000008a600000, 0x000000008a600000, 0x000000008a700000|  0%| F|  |TAMS 0x000000008a600000, 0x000000008a600000| Untracked 
| 167|0x000000008a700000, 0x000000008a700000, 0x000000008a800000|  0%| F|  |TAMS 0x000000008a700000, 0x000000008a700000| Untracked 
| 168|0x000000008a800000, 0x000000008a800000, 0x000000008a900000|  0%| F|  |TAMS 0x000000008a800000, 0x000000008a800000| Untracked 
| 169|0x000000008a900000, 0x000000008a900000, 0x000000008aa00000|  0%| F|  |TAMS 0x000000008a900000, 0x000000008a900000| Untracked 
| 170|0x000000008aa00000, 0x000000008aa00000, 0x000000008ab00000|  0%| F|  |TAMS 0x000000008aa00000, 0x000000008aa00000| Untracked 
| 171|0x000000008ab00000, 0x000000008ab00000, 0x000000008ac00000|  0%| F|  |TAMS 0x000000008ab00000, 0x000000008ab00000| Untracked 
| 172|0x000000008ac00000, 0x000000008ac00000, 0x000000008ad00000|  0%| F|  |TAMS 0x000000008ac00000, 0x000000008ac00000| Untracked 
| 173|0x000000008ad00000, 0x000000008ad00000, 0x000000008ae00000|  0%| F|  |TAMS 0x000000008ad00000, 0x000000008ad00000| Untracked 
| 174|0x000000008ae00000, 0x000000008ae00000, 0x000000008af00000|  0%| F|  |TAMS 0x000000008ae00000, 0x000000008ae00000| Untracked 
| 175|0x000000008af00000, 0x000000008af00000, 0x000000008b000000|  0%| F|  |TAMS 0x000000008af00000, 0x000000008af00000| Untracked 
| 176|0x000000008b000000, 0x000000008b000000, 0x000000008b100000|  0%| F|  |TAMS 0x000000008b000000, 0x000000008b000000| Untracked 
| 177|0x000000008b100000, 0x000000008b100000, 0x000000008b200000|  0%| F|  |TAMS 0x000000008b100000, 0x000000008b100000| Untracked 
| 178|0x000000008b200000, 0x000000008b200000, 0x000000008b300000|  0%| F|  |TAMS 0x000000008b200000, 0x000000008b200000| Untracked 
| 179|0x000000008b300000, 0x000000008b300000, 0x000000008b400000|  0%| F|  |TAMS 0x000000008b300000, 0x000000008b300000| Untracked 
| 180|0x000000008b400000, 0x000000008b400000, 0x000000008b500000|  0%| F|  |TAMS 0x000000008b400000, 0x000000008b400000| Untracked 
| 181|0x000000008b500000, 0x000000008b500000, 0x000000008b600000|  0%| F|  |TAMS 0x000000008b500000, 0x000000008b500000| Untracked 
| 182|0x000000008b600000, 0x000000008b600000, 0x000000008b700000|  0%| F|  |TAMS 0x000000008b600000, 0x000000008b600000| Untracked 
| 183|0x000000008b700000, 0x000000008b700000, 0x000000008b800000|  0%| F|  |TAMS 0x000000008b700000, 0x000000008b700000| Untracked 
| 184|0x000000008b800000, 0x000000008b800000, 0x000000008b900000|  0%| F|  |TAMS 0x000000008b800000, 0x000000008b800000| Untracked 
| 185|0x000000008b900000, 0x000000008b900000, 0x000000008ba00000|  0%| F|  |TAMS 0x000000008b900000, 0x000000008b900000| Untracked 
| 186|0x000000008ba00000, 0x000000008ba00000, 0x000000008bb00000|  0%| F|  |TAMS 0x000000008ba00000, 0x000000008ba00000| Untracked 
| 187|0x000000008bb00000, 0x000000008bb00000, 0x000000008bc00000|  0%| F|  |TAMS 0x000000008bb00000, 0x000000008bb00000| Untracked 
| 188|0x000000008bc00000, 0x000000008bc00000, 0x000000008bd00000|  0%| F|  |TAMS 0x000000008bc00000, 0x000000008bc00000| Untracked 
| 189|0x000000008bd00000, 0x000000008bd00000, 0x000000008be00000|  0%| F|  |TAMS 0x000000008bd00000, 0x000000008bd00000| Untracked 
| 190|0x000000008be00000, 0x000000008be00000, 0x000000008bf00000|  0%| F|  |TAMS 0x000000008be00000, 0x000000008be00000| Untracked 
| 191|0x000000008bf00000, 0x000000008bf00000, 0x000000008c000000|  0%| F|  |TAMS 0x000000008bf00000, 0x000000008bf00000| Untracked 
| 192|0x000000008c000000, 0x000000008c000000, 0x000000008c100000|  0%| F|  |TAMS 0x000000008c000000, 0x000000008c000000| Untracked 
| 193|0x000000008c100000, 0x000000008c100000, 0x000000008c200000|  0%| F|  |TAMS 0x000000008c100000, 0x000000008c100000| Untracked 
| 194|0x000000008c200000, 0x000000008c200000, 0x000000008c300000|  0%| F|  |TAMS 0x000000008c200000, 0x000000008c200000| Untracked 
| 195|0x000000008c300000, 0x000000008c300000, 0x000000008c400000|  0%| F|  |TAMS 0x000000008c300000, 0x000000008c300000| Untracked 
| 196|0x000000008c400000, 0x000000008c400000, 0x000000008c500000|  0%| F|  |TAMS 0x000000008c400000, 0x000000008c400000| Untracked 
| 197|0x000000008c500000, 0x000000008c500000, 0x000000008c600000|  0%| F|  |TAMS 0x000000008c500000, 0x000000008c500000| Untracked 
| 198|0x000000008c600000, 0x000000008c600000, 0x000000008c700000|  0%| F|  |TAMS 0x000000008c600000, 0x000000008c600000| Untracked 
| 199|0x000000008c700000, 0x000000008c72d7c0, 0x000000008c800000| 17%| S|CS|TAMS 0x000000008c700000, 0x000000008c700000| Complete 
| 200|0x000000008c800000, 0x000000008c900000, 0x000000008c900000|100%| S|CS|TAMS 0x000000008c800000, 0x000000008c800000| Complete 
| 201|0x000000008c900000, 0x000000008c900000, 0x000000008ca00000|  0%| F|  |TAMS 0x000000008c900000, 0x000000008c900000| Untracked 
| 202|0x000000008ca00000, 0x000000008ca00000, 0x000000008cb00000|  0%| F|  |TAMS 0x000000008ca00000, 0x000000008ca00000| Untracked 
| 203|0x000000008cb00000, 0x000000008cb00000, 0x000000008cc00000|  0%| F|  |TAMS 0x000000008cb00000, 0x000000008cb00000| Untracked 
| 204|0x000000008cc00000, 0x000000008cc00000, 0x000000008cd00000|  0%| F|  |TAMS 0x000000008cc00000, 0x000000008cc00000| Untracked 
| 205|0x000000008cd00000, 0x000000008ce00000, 0x000000008ce00000|100%| S|CS|TAMS 0x000000008cd00000, 0x000000008cd00000| Complete 
| 206|0x000000008ce00000, 0x000000008cf00000, 0x000000008cf00000|100%| S|CS|TAMS 0x000000008ce00000, 0x000000008ce00000| Complete 
| 207|0x000000008cf00000, 0x000000008d000000, 0x000000008d000000|100%| S|CS|TAMS 0x000000008cf00000, 0x000000008cf00000| Complete 
| 208|0x000000008d000000, 0x000000008d000000, 0x000000008d100000|  0%| F|  |TAMS 0x000000008d000000, 0x000000008d000000| Untracked 
| 209|0x000000008d100000, 0x000000008d100000, 0x000000008d200000|  0%| F|  |TAMS 0x000000008d100000, 0x000000008d100000| Untracked 
| 210|0x000000008d200000, 0x000000008d200000, 0x000000008d300000|  0%| F|  |TAMS 0x000000008d200000, 0x000000008d200000| Untracked 
| 211|0x000000008d300000, 0x000000008d300000, 0x000000008d400000|  0%| F|  |TAMS 0x000000008d300000, 0x000000008d300000| Untracked 
| 212|0x000000008d400000, 0x000000008d400000, 0x000000008d500000|  0%| F|  |TAMS 0x000000008d400000, 0x000000008d400000| Untracked 
| 213|0x000000008d500000, 0x000000008d500000, 0x000000008d600000|  0%| F|  |TAMS 0x000000008d500000, 0x000000008d500000| Untracked 
| 214|0x000000008d600000, 0x000000008d600000, 0x000000008d700000|  0%| F|  |TAMS 0x000000008d600000, 0x000000008d600000| Untracked 
| 215|0x000000008d700000, 0x000000008d700000, 0x000000008d800000|  0%| F|  |TAMS 0x000000008d700000, 0x000000008d700000| Untracked 
| 216|0x000000008d800000, 0x000000008d800000, 0x000000008d900000|  0%| F|  |TAMS 0x000000008d800000, 0x000000008d800000| Untracked 
| 217|0x000000008d900000, 0x000000008d900000, 0x000000008da00000|  0%| F|  |TAMS 0x000000008d900000, 0x000000008d900000| Untracked 
| 218|0x000000008da00000, 0x000000008da00000, 0x000000008db00000|  0%| F|  |TAMS 0x000000008da00000, 0x000000008da00000| Untracked 
| 219|0x000000008db00000, 0x000000008db00000, 0x000000008dc00000|  0%| F|  |TAMS 0x000000008db00000, 0x000000008db00000| Untracked 
| 220|0x000000008dc00000, 0x000000008dc00000, 0x000000008dd00000|  0%| F|  |TAMS 0x000000008dc00000, 0x000000008dc00000| Untracked 
| 221|0x000000008dd00000, 0x000000008dd00000, 0x000000008de00000|  0%| F|  |TAMS 0x000000008dd00000, 0x000000008dd00000| Untracked 
| 222|0x000000008de00000, 0x000000008de00000, 0x000000008df00000|  0%| F|  |TAMS 0x000000008de00000, 0x000000008de00000| Untracked 
| 223|0x000000008df00000, 0x000000008df00000, 0x000000008e000000|  0%| F|  |TAMS 0x000000008df00000, 0x000000008df00000| Untracked 
| 224|0x000000008e000000, 0x000000008e000000, 0x000000008e100000|  0%| F|  |TAMS 0x000000008e000000, 0x000000008e000000| Untracked 
| 225|0x000000008e100000, 0x000000008e100000, 0x000000008e200000|  0%| F|  |TAMS 0x000000008e100000, 0x000000008e100000| Untracked 
| 226|0x000000008e200000, 0x000000008e200000, 0x000000008e300000|  0%| F|  |TAMS 0x000000008e200000, 0x000000008e200000| Untracked 
| 227|0x000000008e300000, 0x000000008e300000, 0x000000008e400000|  0%| F|  |TAMS 0x000000008e300000, 0x000000008e300000| Untracked 
| 228|0x000000008e400000, 0x000000008e400000, 0x000000008e500000|  0%| F|  |TAMS 0x000000008e400000, 0x000000008e400000| Untracked 
| 229|0x000000008e500000, 0x000000008e500000, 0x000000008e600000|  0%| F|  |TAMS 0x000000008e500000, 0x000000008e500000| Untracked 
| 230|0x000000008e600000, 0x000000008e600000, 0x000000008e700000|  0%| F|  |TAMS 0x000000008e600000, 0x000000008e600000| Untracked 
| 231|0x000000008e700000, 0x000000008e700000, 0x000000008e800000|  0%| F|  |TAMS 0x000000008e700000, 0x000000008e700000| Untracked 
| 232|0x000000008e800000, 0x000000008e800000, 0x000000008e900000|  0%| F|  |TAMS 0x000000008e800000, 0x000000008e800000| Untracked 
| 233|0x000000008e900000, 0x000000008e900000, 0x000000008ea00000|  0%| F|  |TAMS 0x000000008e900000, 0x000000008e900000| Untracked 
| 234|0x000000008ea00000, 0x000000008ea00000, 0x000000008eb00000|  0%| F|  |TAMS 0x000000008ea00000, 0x000000008ea00000| Untracked 
| 235|0x000000008eb00000, 0x000000008eb00000, 0x000000008ec00000|  0%| F|  |TAMS 0x000000008eb00000, 0x000000008eb00000| Untracked 
| 236|0x000000008ec00000, 0x000000008ec00000, 0x000000008ed00000|  0%| F|  |TAMS 0x000000008ec00000, 0x000000008ec00000| Untracked 
| 237|0x000000008ed00000, 0x000000008ed00000, 0x000000008ee00000|  0%| F|  |TAMS 0x000000008ed00000, 0x000000008ed00000| Untracked 
| 238|0x000000008ee00000, 0x000000008ee00000, 0x000000008ef00000|  0%| F|  |TAMS 0x000000008ee00000, 0x000000008ee00000| Untracked 
| 239|0x000000008ef00000, 0x000000008ef00000, 0x000000008f000000|  0%| F|  |TAMS 0x000000008ef00000, 0x000000008ef00000| Untracked 
| 240|0x000000008f000000, 0x000000008f000000, 0x000000008f100000|  0%| F|  |TAMS 0x000000008f000000, 0x000000008f000000| Untracked 
| 241|0x000000008f100000, 0x000000008f100000, 0x000000008f200000|  0%| F|  |TAMS 0x000000008f100000, 0x000000008f100000| Untracked 
| 242|0x000000008f200000, 0x000000008f200000, 0x000000008f300000|  0%| F|  |TAMS 0x000000008f200000, 0x000000008f200000| Untracked 
| 243|0x000000008f300000, 0x000000008f300000, 0x000000008f400000|  0%| F|  |TAMS 0x000000008f300000, 0x000000008f300000| Untracked 
| 244|0x000000008f400000, 0x000000008f400000, 0x000000008f500000|  0%| F|  |TAMS 0x000000008f400000, 0x000000008f400000| Untracked 
| 245|0x000000008f500000, 0x000000008f500000, 0x000000008f600000|  0%| F|  |TAMS 0x000000008f500000, 0x000000008f500000| Untracked 
| 246|0x000000008f600000, 0x000000008f600000, 0x000000008f700000|  0%| F|  |TAMS 0x000000008f600000, 0x000000008f600000| Untracked 
| 247|0x000000008f700000, 0x000000008f700000, 0x000000008f800000|  0%| F|  |TAMS 0x000000008f700000, 0x000000008f700000| Untracked 
| 248|0x000000008f800000, 0x000000008f800000, 0x000000008f900000|  0%| F|  |TAMS 0x000000008f800000, 0x000000008f800000| Untracked 
| 249|0x000000008f900000, 0x000000008f900000, 0x000000008fa00000|  0%| F|  |TAMS 0x000000008f900000, 0x000000008f900000| Untracked 
| 250|0x000000008fa00000, 0x000000008fa00000, 0x000000008fb00000|  0%| F|  |TAMS 0x000000008fa00000, 0x000000008fa00000| Untracked 
| 251|0x000000008fb00000, 0x000000008fb00000, 0x000000008fc00000|  0%| F|  |TAMS 0x000000008fb00000, 0x000000008fb00000| Untracked 

Card table byte_map: [0x0000027c00730000,0x0000027c00b30000] _byte_map_base: 0x0000027c00330000

Marking Bits (Prev, Next): (CMBitMap*) 0x0000027c6b5e2b30, (CMBitMap*) 0x0000027c6b5e2af8
 Prev Bits: [0x0000027c02f30000, 0x0000027c04f30000)
 Next Bits: [0x0000027c00f30000, 0x0000027c02f30000)

Polling page: 0x0000027c6b670000

Metaspace:

Usage:
  Non-class:     87.88 MB capacity,    86.03 MB ( 98%) used,     1.49 MB (  2%) free+waste,   365.44 KB ( <1%) overhead. 
      Class:     14.38 MB capacity,    13.18 MB ( 92%) used,     1.03 MB (  7%) free+waste,   174.12 KB (  1%) overhead. 
       Both:    102.25 MB capacity,    99.21 MB ( 97%) used,     2.51 MB (  2%) free+waste,   539.56 KB ( <1%) overhead. 

Virtual space:
  Non-class space:       90.00 MB reserved,      88.17 MB ( 98%) committed 
      Class space:        1.00 GB reserved,      14.62 MB (  1%) committed 
             Both:        1.09 GB reserved,     102.80 MB (  9%) committed 

Chunk freelists:
   Non-Class:  175.00 KB
       Class:  254.00 KB
        Both:  429.00 KB

MaxMetaspaceSize: 17179869184.00 GB
CompressedClassSpaceSize: 1.00 GB
Initial GC threshold: 20.80 MB
Current GC threshold: 169.45 MB
CDS: off

CodeHeap 'non-profiled nmethods': size=120000Kb used=7101Kb max_used=7101Kb free=112898Kb
 bounds [0x0000027c78360000, 0x0000027c78a50000, 0x0000027c7f890000]
CodeHeap 'profiled nmethods': size=120000Kb used=25171Kb max_used=25171Kb free=94828Kb
 bounds [0x0000027c70e30000, 0x0000027c726d0000, 0x0000027c78360000]
CodeHeap 'non-nmethods': size=5760Kb used=2405Kb max_used=2455Kb free=3354Kb
 bounds [0x0000027c70890000, 0x0000027c70b00000, 0x0000027c70e30000]
 total_blobs=12864 nmethods=11927 adapters=848
 compilation: enabled
              stopped_count=0, restarted_count=0
 full_count=0

Compilation events (20 events):
Event: 31.690 Thread 0x0000027c079f4800 nmethod 12219 0x0000027c726c3410 code [0x0000027c726c35c0, 0x0000027c726c3748]
Event: 31.691 Thread 0x0000027c079ef000 nmethod 12248 0x0000027c78a4eb90 code [0x0000027c78a4ed20, 0x0000027c78a4eed8]
Event: 31.691 Thread 0x0000027c079f4800 12218       2       com.android.tools.r8.internal.b8::K (5 bytes)
Event: 31.691 Thread 0x0000027c079ef000 12016       4       java.util.Collections$SetFromMap::contains (11 bytes)
Event: 31.691 Thread 0x0000027c079f4800 nmethod 12218 0x0000027c726c3810 code [0x0000027c726c39c0, 0x0000027c726c3af8]
Event: 31.691 Thread 0x0000027c079f4800 12211       2       com.android.tools.r8.internal.G50::J (23 bytes)
Event: 31.691 Thread 0x0000027c079f4800 nmethod 12211 0x0000027c726c3b90 code [0x0000027c726c3d60, 0x0000027c726c3f08]
Event: 31.691 Thread 0x0000027c079f4800 12250       2       com.android.tools.r8.internal.L4::a (59 bytes)
Event: 31.691 Thread 0x0000027c079f4800 nmethod 12250 0x0000027c726c4010 code [0x0000027c726c41c0, 0x0000027c726c42b8]
Event: 31.691 Thread 0x0000027c079f4800 12210       2       java.util.BitSet::expandTo (23 bytes)
Event: 31.691 Thread 0x0000027c079ef000 nmethod 12016 0x0000027c78a4ef90 code [0x0000027c78a4f120, 0x0000027c78a4f1b8]
Event: 31.691 Thread 0x0000027c079ef000 12231       4       com.android.tools.r8.internal.wf::e (4 bytes)
Event: 31.692 Thread 0x0000027c079f4800 nmethod 12210 0x0000027c726c4390 code [0x0000027c726c4540, 0x0000027c726c4688]
Event: 31.692 Thread 0x0000027c079f4800 12251       2       com.android.tools.r8.internal.L4::e (80 bytes)
Event: 31.692 Thread 0x0000027c079f4800 nmethod 12251 0x0000027c726c4710 code [0x0000027c726c48c0, 0x0000027c726c49b8]
Event: 31.692 Thread 0x0000027c079f4800 12226       2       com.android.tools.r8.internal.es::f (30 bytes)
Event: 31.692 Thread 0x0000027c079ef000 nmethod 12231 0x0000027c78a4f290 code [0x0000027c78a4f420, 0x0000027c78a4f478]
Event: 31.692 Thread 0x0000027c079ef000 12254       4       com.android.tools.r8.internal.Kx::hasNext (212 bytes)
Event: 31.692 Thread 0x0000027c079f4800 nmethod 12226 0x0000027c726c4a90 code [0x0000027c726c4c60, 0x0000027c726c4e48]
Event: 31.692 Thread 0x0000027c079f4800 12249       2       com.android.tools.r8.internal.cs::f (21 bytes)

GC Heap History (20 events):
Event: 29.737 GC heap after
{Heap after GC invocations=65 (full 0):
 garbage-first heap   total 176128K, used 106698K [0x0000000080000000, 0x0000000100000000)
  region size 1024K, 6 young (6144K), 6 survivors (6144K)
 Metaspace       used 93826K, capacity 96618K, committed 96816K, reserved 1132544K
  class space    used 12308K, capacity 13397K, committed 13440K, reserved 1048576K
}
Event: 29.888 GC heap before
{Heap before GC invocations=65 (full 0):
 garbage-first heap   total 176128K, used 141514K [0x0000000080000000, 0x0000000100000000)
  region size 1024K, 40 young (40960K), 6 survivors (6144K)
 Metaspace       used 94479K, capacity 97253K, committed 97456K, reserved 1132544K
  class space    used 12387K, capacity 13480K, committed 13568K, reserved 1048576K
}
Event: 29.915 GC heap after
{Heap after GC invocations=66 (full 0):
 garbage-first heap   total 176128K, used 113251K [0x0000000080000000, 0x0000000100000000)
  region size 1024K, 5 young (5120K), 5 survivors (5120K)
 Metaspace       used 94479K, capacity 97253K, committed 97456K, reserved 1132544K
  class space    used 12387K, capacity 13480K, committed 13568K, reserved 1048576K
}
Event: 30.130 GC heap before
{Heap before GC invocations=66 (full 0):
 garbage-first heap   total 176128K, used 142947K [0x0000000080000000, 0x0000000100000000)
  region size 1024K, 34 young (34816K), 5 survivors (5120K)
 Metaspace       used 94912K, capacity 97687K, committed 98096K, reserved 1134592K
  class space    used 12457K, capacity 13537K, committed 13696K, reserved 1048576K
}
Event: 30.148 GC heap after
{Heap after GC invocations=67 (full 0):
 garbage-first heap   total 211968K, used 119478K [0x0000000080000000, 0x0000000100000000)
  region size 1024K, 5 young (5120K), 5 survivors (5120K)
 Metaspace       used 94912K, capacity 97687K, committed 98096K, reserved 1134592K
  class space    used 12457K, capacity 13537K, committed 13696K, reserved 1048576K
}
Event: 30.391 GC heap before
{Heap before GC invocations=68 (full 0):
 garbage-first heap   total 211968K, used 165558K [0x0000000080000000, 0x0000000100000000)
  region size 1024K, 50 young (51200K), 5 survivors (5120K)
 Metaspace       used 96329K, capacity 99171K, committed 99248K, reserved 1134592K
  class space    used 12677K, capacity 13776K, committed 13824K, reserved 1048576K
}
Event: 30.410 GC heap after
{Heap after GC invocations=69 (full 0):
 garbage-first heap   total 211968K, used 128447K [0x0000000080000000, 0x0000000100000000)
  region size 1024K, 7 young (7168K), 7 survivors (7168K)
 Metaspace       used 96329K, capacity 99171K, committed 99248K, reserved 1134592K
  class space    used 12677K, capacity 13776K, committed 13824K, reserved 1048576K
}
Event: 30.421 GC heap before
{Heap before GC invocations=69 (full 0):
 garbage-first heap   total 211968K, used 131519K [0x0000000080000000, 0x0000000100000000)
  region size 1024K, 10 young (10240K), 7 survivors (7168K)
 Metaspace       used 96346K, capacity 99171K, committed 99248K, reserved 1134592K
  class space    used 12678K, capacity 13776K, committed 13824K, reserved 1048576K
}
Event: 30.432 GC heap after
{Heap after GC invocations=70 (full 0):
 garbage-first heap   total 211968K, used 126889K [0x0000000080000000, 0x0000000100000000)
  region size 1024K, 2 young (2048K), 2 survivors (2048K)
 Metaspace       used 96346K, capacity 99171K, committed 99248K, reserved 1134592K
  class space    used 12678K, capacity 13776K, committed 13824K, reserved 1048576K
}
Event: 30.539 GC heap before
{Heap before GC invocations=70 (full 0):
 garbage-first heap   total 211968K, used 167849K [0x0000000080000000, 0x0000000100000000)
  region size 1024K, 42 young (43008K), 2 survivors (2048K)
 Metaspace       used 96861K, capacity 99700K, committed 99888K, reserved 1134592K
  class space    used 12743K, capacity 13845K, committed 13952K, reserved 1048576K
}
Event: 30.555 GC heap after
{Heap after GC invocations=71 (full 0):
 garbage-first heap   total 211968K, used 133973K [0x0000000080000000, 0x0000000100000000)
  region size 1024K, 6 young (6144K), 6 survivors (6144K)
 Metaspace       used 96861K, capacity 99700K, committed 99888K, reserved 1134592K
  class space    used 12743K, capacity 13845K, committed 13952K, reserved 1048576K
}
Event: 30.705 GC heap before
{Heap before GC invocations=71 (full 0):
 garbage-first heap   total 211968K, used 171861K [0x0000000080000000, 0x0000000100000000)
  region size 1024K, 43 young (44032K), 6 survivors (6144K)
 Metaspace       used 97732K, capacity 100848K, committed 101040K, reserved 1136640K
  class space    used 12960K, capacity 14257K, committed 14336K, reserved 1048576K
}
Event: 30.730 GC heap after
{Heap after GC invocations=72 (full 0):
 garbage-first heap   total 258048K, used 140507K [0x0000000080000000, 0x0000000100000000)
  region size 1024K, 6 young (6144K), 6 survivors (6144K)
 Metaspace       used 97732K, capacity 100848K, committed 101040K, reserved 1136640K
  class space    used 12960K, capacity 14257K, committed 14336K, reserved 1048576K
}
Event: 30.994 GC heap before
{Heap before GC invocations=73 (full 0):
 garbage-first heap   total 258048K, used 195803K [0x0000000080000000, 0x0000000100000000)
  region size 1024K, 61 young (62464K), 6 survivors (6144K)
 Metaspace       used 98392K, capacity 101292K, committed 101936K, reserved 1136640K
  class space    used 12991K, capacity 14226K, committed 14464K, reserved 1048576K
}
Event: 31.013 GC heap after
{Heap after GC invocations=74 (full 0):
 garbage-first heap   total 258048K, used 150042K [0x0000000080000000, 0x0000000100000000)
  region size 1024K, 8 young (8192K), 8 survivors (8192K)
 Metaspace       used 98392K, capacity 101292K, committed 101936K, reserved 1136640K
  class space    used 12991K, capacity 14226K, committed 14464K, reserved 1048576K
}
Event: 31.087 GC heap before
{Heap before GC invocations=74 (full 0):
 garbage-first heap   total 258048K, used 202266K [0x0000000080000000, 0x0000000100000000)
  region size 1024K, 59 young (60416K), 8 survivors (8192K)
 Metaspace       used 98844K, capacity 101841K, committed 102320K, reserved 1136640K
  class space    used 13084K, capacity 14351K, committed 14592K, reserved 1048576K
}
Event: 31.108 GC heap after
{Heap after GC invocations=75 (full 0):
 garbage-first heap   total 258048K, used 159041K [0x0000000080000000, 0x0000000100000000)
  region size 1024K, 8 young (8192K), 8 survivors (8192K)
 Metaspace       used 98844K, capacity 101841K, committed 102320K, reserved 1136640K
  class space    used 13084K, capacity 14351K, committed 14592K, reserved 1048576K
}
Event: 31.249 GC heap before
{Heap before GC invocations=75 (full 0):
 garbage-first heap   total 258048K, used 206145K [0x0000000080000000, 0x0000000100000000)
  region size 1024K, 55 young (56320K), 8 survivors (8192K)
 Metaspace       used 99838K, capacity 102826K, committed 103216K, reserved 1138688K
  class space    used 13278K, capacity 14566K, committed 14720K, reserved 1048576K
}
Event: 31.269 GC heap after
{Heap after GC invocations=76 (full 0):
 garbage-first heap   total 258048K, used 166912K [0x0000000080000000, 0x0000000100000000)
  region size 1024K, 7 young (7168K), 7 survivors (7168K)
 Metaspace       used 99838K, capacity 102826K, committed 103216K, reserved 1138688K
  class space    used 13278K, capacity 14566K, committed 14720K, reserved 1048576K
}
Event: 31.693 GC heap before
{Heap before GC invocations=77 (full 0):
 garbage-first heap   total 258048K, used 211968K [0x0000000080000000, 0x0000000100000000)
  region size 1024K, 51 young (52224K), 7 survivors (7168K)
 Metaspace       used 101594K, capacity 104707K, committed 105264K, reserved 1140736K
  class space    used 13497K, capacity 14722K, committed 14976K, reserved 1048576K
}

Deoptimization events (20 events):
Event: 31.471 Thread 0x0000027c0eb22000 Uncommon trap: trap_request=0xffffffc6 fr.pc=0x0000027c7894733c relative=0x000000000000007c
Event: 31.471 Thread 0x0000027c0eb22000 Uncommon trap: reason=bimorphic_or_optimized_type_check action=maybe_recompile pc=0x0000027c7894733c method=java.util.stream.StreamOpFlag.fromCharacteristics(Ljava/util/Spliterator;)I @ 14 c2
Event: 31.472 Thread 0x0000027c0eb22000 DEOPT PACKING pc=0x0000027c7894733c sp=0x000000f81acf64f0
Event: 31.472 Thread 0x0000027c0eb22000 DEOPT UNPACKING pc=0x0000027c708da1af sp=0x000000f81acf6480 mode 2
Event: 31.635 Thread 0x0000027c0a7e0800 Uncommon trap: trap_request=0xffffffde fr.pc=0x0000027c78a3fdf4 relative=0x0000000000000414
Event: 31.635 Thread 0x0000027c0a7e0800 Uncommon trap: reason=class_check action=maybe_recompile pc=0x0000027c78a3fdf4 method=com.android.tools.r8.internal.Kx.hasNext()Z @ 103 c2
Event: 31.635 Thread 0x0000027c0a7e0800 DEOPT PACKING pc=0x0000027c78a3fdf4 sp=0x000000f8195f9890
Event: 31.635 Thread 0x0000027c0a7e0800 DEOPT UNPACKING pc=0x0000027c708da1af sp=0x000000f8195f9848 mode 2
Event: 31.653 Thread 0x0000027c0a7e1000 Uncommon trap: trap_request=0xffffffde fr.pc=0x0000027c78a3fdf4 relative=0x0000000000000414
Event: 31.653 Thread 0x0000027c0a7e1000 Uncommon trap: reason=class_check action=maybe_recompile pc=0x0000027c78a3fdf4 method=com.android.tools.r8.internal.Kx.hasNext()Z @ 103 c2
Event: 31.653 Thread 0x0000027c0a7e1000 DEOPT PACKING pc=0x0000027c78a3fdf4 sp=0x000000f8196f9980
Event: 31.653 Thread 0x0000027c0a7e1000 DEOPT UNPACKING pc=0x0000027c708da1af sp=0x000000f8196f9938 mode 2
Event: 31.653 Thread 0x0000027c0a7e1000 Uncommon trap: trap_request=0xffffffde fr.pc=0x0000027c78a3fdf4 relative=0x0000000000000414
Event: 31.653 Thread 0x0000027c0a7e1000 Uncommon trap: reason=class_check action=maybe_recompile pc=0x0000027c78a3fdf4 method=com.android.tools.r8.internal.Kx.hasNext()Z @ 103 c2
Event: 31.653 Thread 0x0000027c0a7e1000 DEOPT PACKING pc=0x0000027c78a3fdf4 sp=0x000000f8196f9980
Event: 31.653 Thread 0x0000027c0a7e1000 DEOPT UNPACKING pc=0x0000027c708da1af sp=0x000000f8196f9938 mode 2
Event: 31.653 Thread 0x0000027c0a7e1000 Uncommon trap: trap_request=0xffffffde fr.pc=0x0000027c78a3fdf4 relative=0x0000000000000414
Event: 31.653 Thread 0x0000027c0a7e1000 Uncommon trap: reason=class_check action=maybe_recompile pc=0x0000027c78a3fdf4 method=com.android.tools.r8.internal.Kx.hasNext()Z @ 103 c2
Event: 31.653 Thread 0x0000027c0a7e1000 DEOPT PACKING pc=0x0000027c78a3fdf4 sp=0x000000f8196f9980
Event: 31.653 Thread 0x0000027c0a7e1000 DEOPT UNPACKING pc=0x0000027c708da1af sp=0x000000f8196f9938 mode 2

Classes redefined (0 events):
No events

Internal exceptions (20 events):
Event: 30.652 Thread 0x0000027c0966b000 Exception <a 'java/lang/NoSuchMethodError'{0x000000008b4caac8}: 'java.lang.Object java.lang.invoke.DirectMethodHandle$Holder.invokeStatic(java.lang.Object, int, java.lang.Object, java.lang.Object)'> (0x000000008b4caac8) thrown at [src/hotspot/share/interpreter/linkResolver.cpp, line 773]
Event: 31.032 Thread 0x0000027c0a7e1000 Exception <a 'java/lang/IncompatibleClassChangeError'{0x000000008ee82d78}: Found class java.lang.Object, but interface was expected> (0x000000008ee82d78) thrown at [src/hotspot/share/interpreter/linkResolver.cpp, line 839]
Event: 31.032 Thread 0x0000027c0eb22000 Exception <a 'java/lang/IncompatibleClassChangeError'{0x000000008ee014f8}: Found class java.lang.Object, but interface was expected> (0x000000008ee014f8) thrown at [src/hotspot/share/interpreter/linkResolver.cpp, line 839]
Event: 31.033 Thread 0x0000027c0e7a9000 Exception <a 'java/lang/IncompatibleClassChangeError'{0x000000008f5d5bc0}: Found class java.lang.Object, but interface was expected> (0x000000008f5d5bc0) thrown at [src/hotspot/share/interpreter/linkResolver.cpp, line 839]
Event: 31.034 Thread 0x0000027c0a7e1000 Exception <a 'java/lang/IncompatibleClassChangeError'{0x000000008ee84308}: Found class java.lang.Object, but interface was expected> (0x000000008ee84308) thrown at [src/hotspot/share/interpreter/linkResolver.cpp, line 839]
Event: 31.034 Thread 0x0000027c0eb22000 Exception <a 'java/lang/IncompatibleClassChangeError'{0x000000008edad990}: Found class java.lang.Object, but interface was expected> (0x000000008edad990) thrown at [src/hotspot/share/interpreter/linkResolver.cpp, line 839]
Event: 31.034 Thread 0x0000027c0e7a9000 Exception <a 'java/lang/IncompatibleClassChangeError'{0x000000008f5d9530}: Found class java.lang.Object, but interface was expected> (0x000000008f5d9530) thrown at [src/hotspot/share/interpreter/linkResolver.cpp, line 839]
Event: 31.193 Thread 0x0000027c0a7de000 Exception <a 'java/lang/NoSuchMethodError'{0x000000008e61ed48}: 'void java.lang.invoke.DirectMethodHandle$Holder.invokeSpecial(java.lang.Object, java.lang.Object, int, java.lang.Object)'> (0x000000008e61ed48) thrown at [src/hotspot/share/interpreter/linkResolver.cpp, line 773]
Event: 31.195 Thread 0x0000027c0966b000 Exception <a 'java/lang/NoSuchMethodError'{0x000000008e20a740}: 'void java.lang.invoke.DirectMethodHandle$Holder.invokeSpecial(java.lang.Object, java.lang.Object, int, java.lang.Object)'> (0x000000008e20a740) thrown at [src/hotspot/share/interpreter/linkResolver.cpp, line 773]
Event: 31.373 Thread 0x0000027c0e7b0000 Exception <a 'java/lang/NoSuchMethodError'{0x000000008ecb8560}: 'int java.lang.invoke.DirectMethodHandle$Holder.invokeSpecial(java.lang.Object, java.lang.Object, java.lang.Object, int, java.lang.Object)'> (0x000000008ecb8560) thrown at [src/hotspot/share/interpreter/linkResolver.cpp, line 773]
Event: 31.373 Thread 0x0000027c0966b000 Exception <a 'java/lang/NoSuchMethodError'{0x000000008ea9dea0}: 'int java.lang.invoke.DirectMethodHandle$Holder.invokeSpecial(java.lang.Object, java.lang.Object, java.lang.Object, int, java.lang.Object)'> (0x000000008ea9dea0) thrown at [src/hotspot/share/interpreter/linkResolver.cpp, line 773]
Event: 31.373 Thread 0x0000027c0a7e1000 Exception <a 'java/lang/NoSuchMethodError'{0x000000008ea9c4e8}: 'int java.lang.invoke.DirectMethodHandle$Holder.invokeSpecial(java.lang.Object, java.lang.Object, java.lang.Object, int, java.lang.Object)'> (0x000000008ea9c4e8) thrown at [src/hotspot/share/interpreter/linkResolver.cpp, line 773]
Event: 31.373 Thread 0x0000027c0e7a9000 Exception <a 'java/lang/NoSuchMethodError'{0x000000008eb58e68}: 'int java.lang.invoke.DirectMethodHandle$Holder.invokeSpecial(java.lang.Object, java.lang.Object, java.lang.Object, int, java.lang.Object)'> (0x000000008eb58e68) thrown at [src/hotspot/share/interpreter/linkResolver.cpp, line 773]
Event: 31.373 Thread 0x0000027c0a7de000 Exception <a 'java/lang/NoSuchMethodError'{0x000000008ec7ceb0}: 'int java.lang.invoke.DirectMethodHandle$Holder.invokeSpecial(java.lang.Object, java.lang.Object, java.lang.Object, int, java.lang.Object)'> (0x000000008ec7ceb0) thrown at [src/hotspot/share/interpreter/linkResolver.cpp, line 773]
Event: 31.373 Thread 0x0000027c0eb22000 Exception <a 'java/lang/NoSuchMethodError'{0x000000008eb61e68}: 'int java.lang.invoke.DirectMethodHandle$Holder.invokeSpecial(java.lang.Object, java.lang.Object, java.lang.Object, int, java.lang.Object)'> (0x000000008eb61e68) thrown at [src/hotspot/share/interpreter/linkResolver.cpp, line 773]
Event: 31.545 Thread 0x0000027c0a7e1000 Exception <a 'java/lang/NoSuchMethodError'{0x000000008dfc5cf0}: 'java.lang.Object java.lang.invoke.DirectMethodHandle$Holder.invokeInterface(java.lang.Object, java.lang.Object, int)'> (0x000000008dfc5cf0) thrown at [src/hotspot/share/interpreter/linkResolver.cpp, line 773]
Event: 31.580 Thread 0x0000027c0a7dd000 Exception <a 'java/lang/NoSuchMethodError'{0x000000008e075b10}: 'int java.lang.invoke.DirectMethodHandle$Holder.invokeStatic(java.lang.Object, java.lang.Object, int, java.lang.Object)'> (0x000000008e075b10) thrown at [src/hotspot/share/interpreter/linkResolver.cpp, line 773]
Event: 31.618 Thread 0x0000027c0a7e0800 Exception <a 'java/lang/NoSuchMethodError'{0x000000008da60d60}: 'java.lang.Object java.lang.invoke.DirectMethodHandle$Holder.invokeSpecial(java.lang.Object, java.lang.Object, java.lang.Object, java.lang.Object, java.lang.Object, java.lang.Object, java.lang.Object, java.lang.Object, java.lang.Object, java.lang.Object, java.lang.Object)'> (0x000000008da60d60) thrown at [src/hotspot/share/interpreter/linkResolver.cpp, line 773]
Event: 31.623 Thread 0x0000027c0a7e0800 Exception <a 'java/lang/NoSuchMethodError'{0x000000008da6c700}: 'java.lang.Object java.lang.invoke.Invokers$Holder.linkToTargetMethod(java.lang.Object, java.lang.Object, java.lang.Object, java.lang.Object, java.lang.Object, java.lang.Object, java.lang.Object, java.lang.Object, java.lang.Object, java.lang.Object)'> (0x000000008da6c700) thrown at [src/hotspot/share/interpreter/linkResolver.cpp, line 773]
Event: 31.655 Thread 0x0000027c0a7e0800 Exception <a 'java/lang/IncompatibleClassChangeError'{0x000000008d58b070}: Found class java.lang.Object, but interface was expected> (0x000000008d58b070) thrown at [src/hotspot/share/interpreter/linkResolver.cpp, line 839]

Events (20 events):
Event: 31.673 loading class com/android/tools/r8/graph/p0 done
Event: 31.674 loading class com/android/tools/r8/internal/DC
Event: 31.674 loading class com/android/tools/r8/internal/DC done
Event: 31.676 loading class com/android/tools/r8/internal/Pw
Event: 31.676 loading class com/android/tools/r8/internal/Pw done
Event: 31.677 loading class com/android/tools/r8/graph/a1
Event: 31.677 loading class com/android/tools/r8/graph/a1 done
Event: 31.677 loading class com/android/tools/r8/graph/a1
Event: 31.677 loading class com/android/tools/r8/graph/a1 done
Event: 31.677 loading class com/android/tools/r8/graph/a1$a
Event: 31.677 loading class com/android/tools/r8/graph/a1$a done
Event: 31.681 loading class com/android/tools/r8/internal/vm
Event: 31.681 loading class com/android/tools/r8/internal/vm done
Event: 31.681 loading class com/android/tools/r8/graph/f1
Event: 31.681 loading class com/android/tools/r8/graph/f1 done
Event: 31.681 loading class com/android/tools/r8/internal/vm
Event: 31.681 loading class com/android/tools/r8/internal/vm done
Event: 31.682 loading class com/android/tools/r8/internal/xC
Event: 31.682 loading class com/android/tools/r8/internal/xC done
Event: 31.692 Executing VM operation: G1CollectForAllocation


Dynamic libraries:
0x00007ff7d3130000 - 0x00007ff7d313a000 	C:\Program Files\Android\Android Studio\jbr\bin\java.exe
0x00007ffe51ef0000 - 0x00007ffe52104000 	C:\WINDOWS\SYSTEM32\ntdll.dll
0x00007ffe51860000 - 0x00007ffe51922000 	C:\WINDOWS\System32\KERNEL32.DLL
0x00007ffe4f3b0000 - 0x00007ffe4f74c000 	C:\WINDOWS\System32\KERNELBASE.dll
0x00007ffe4f980000 - 0x00007ffe4fa91000 	C:\WINDOWS\System32\ucrtbase.dll
0x00007ffe295c0000 - 0x00007ffe295d7000 	C:\Program Files\Android\Android Studio\jbr\bin\jli.dll
0x00007ffe274f0000 - 0x00007ffe2750b000 	C:\Program Files\Android\Android Studio\jbr\bin\VCRUNTIME140.dll
0x00007ffe51330000 - 0x00007ffe514db000 	C:\WINDOWS\System32\USER32.dll
0x00007ffe4fcd0000 - 0x00007ffe4fcf6000 	C:\WINDOWS\System32\win32u.dll
0x00007ffe400c0000 - 0x00007ffe4034e000 	C:\WINDOWS\WinSxS\amd64_microsoft.windows.common-controls_6595b64144ccf1df_6.0.22621.608_none_a9444ca7c10bb01d\COMCTL32.dll
0x00007ffe4fee0000 - 0x00007ffe4ff87000 	C:\WINDOWS\System32\msvcrt.dll
0x00007ffe51da0000 - 0x00007ffe51dc9000 	C:\WINDOWS\System32\GDI32.dll
0x00007ffe4f860000 - 0x00007ffe4f973000 	C:\WINDOWS\System32\gdi32full.dll
0x00007ffe4f750000 - 0x00007ffe4f7ea000 	C:\WINDOWS\System32\msvcp_win.dll
0x00007ffe51120000 - 0x00007ffe51151000 	C:\WINDOWS\System32\IMM32.DLL
0x00007ffe4c4e0000 - 0x00007ffe4c4ec000 	C:\Program Files\Android\Android Studio\jbr\bin\vcruntime140_1.dll
0x00007ffdef050000 - 0x00007ffdef0dd000 	C:\Program Files\Android\Android Studio\jbr\bin\msvcp140.dll
0x00007ffdd7e80000 - 0x00007ffdd8a3c000 	C:\Program Files\Android\Android Studio\jbr\bin\server\jvm.dll
0x00007ffe4fd50000 - 0x00007ffe4fdfe000 	C:\WINDOWS\System32\ADVAPI32.dll
0x00007ffe51690000 - 0x00007ffe51734000 	C:\WINDOWS\System32\sechost.dll
0x00007ffe51740000 - 0x00007ffe51857000 	C:\WINDOWS\System32\RPCRT4.dll
0x00007ffe51940000 - 0x00007ffe51948000 	C:\WINDOWS\System32\PSAPI.DLL
0x00007ffe48f00000 - 0x00007ffe48f34000 	C:\WINDOWS\SYSTEM32\WINMM.dll
0x00007ffe4c4d0000 - 0x00007ffe4c4d9000 	C:\WINDOWS\SYSTEM32\WSOCK32.dll
0x00007ffe50330000 - 0x00007ffe503a1000 	C:\WINDOWS\System32\WS2_32.dll
0x00007ffe468c0000 - 0x00007ffe468ca000 	C:\WINDOWS\SYSTEM32\VERSION.dll
0x00007ffe4e350000 - 0x00007ffe4e368000 	C:\WINDOWS\SYSTEM32\kernel.appcore.dll
0x00007ffdf1cb0000 - 0x00007ffdf1cc0000 	C:\Program Files\Android\Android Studio\jbr\bin\verify.dll
0x00007ffe3ed50000 - 0x00007ffe3ef7e000 	C:\WINDOWS\SYSTEM32\DBGHELP.DLL
0x00007ffe4ff90000 - 0x00007ffe50319000 	C:\WINDOWS\System32\combase.dll
0x00007ffe51dd0000 - 0x00007ffe51ea7000 	C:\WINDOWS\System32\OLEAUT32.dll
0x00007ffe3d570000 - 0x00007ffe3d5a2000 	C:\WINDOWS\SYSTEM32\dbgcore.DLL
0x00007ffe4f330000 - 0x00007ffe4f3ab000 	C:\WINDOWS\System32\bcryptPrimitives.dll
0x00007ffdd9820000 - 0x00007ffdd9848000 	C:\Program Files\Android\Android Studio\jbr\bin\java.dll
0x00007ffdda030000 - 0x00007ffdda03a000 	C:\Program Files\Android\Android Studio\jbr\bin\jimage.dll
0x00007ffdd9910000 - 0x00007ffdd9928000 	C:\Program Files\Android\Android Studio\jbr\bin\zip.dll
0x00007ffe503b0000 - 0x00007ffe50ba0000 	C:\WINDOWS\System32\SHELL32.dll
0x00007ffe4d2f0000 - 0x00007ffe4dbbd000 	C:\WINDOWS\SYSTEM32\windows.storage.dll
0x00007ffe4d1b0000 - 0x00007ffe4d2ee000 	C:\WINDOWS\SYSTEM32\wintypes.dll
0x00007ffe51590000 - 0x00007ffe51681000 	C:\WINDOWS\System32\SHCORE.dll
0x00007ffe50ba0000 - 0x00007ffe50bfe000 	C:\WINDOWS\System32\shlwapi.dll
0x00007ffe4f260000 - 0x00007ffe4f281000 	C:\WINDOWS\SYSTEM32\profapi.dll
0x00007ffe3c550000 - 0x00007ffe3c569000 	C:\Program Files\Android\Android Studio\jbr\bin\net.dll
0x00007ffe48580000 - 0x00007ffe486b7000 	C:\WINDOWS\SYSTEM32\WINHTTP.dll
0x00007ffe4e7d0000 - 0x00007ffe4e839000 	C:\WINDOWS\system32\mswsock.dll
0x00007ffe3c530000 - 0x00007ffe3c543000 	C:\Program Files\Android\Android Studio\jbr\bin\nio.dll
0x00007ffe3d0b0000 - 0x00007ffe3d0d7000 	C:\Users\rafae\.gradle\native\e1d6ef7f7dcc3fd88c89a11ec53ec762bb8ba0a96d01ffa2cd45eb1d1d8dd5c5\windows-amd64\native-platform.dll
0x00007ffdebb10000 - 0x00007ffdebc54000 	C:\Users\rafae\.gradle\native\0d407fdbe67a94daf76414ababcb853783967236a71b16ec16e742cd7a986fd3\windows-amd64\native-platform-file-events.dll
0x00007ffe3c520000 - 0x00007ffe3c52a000 	C:\Program Files\Android\Android Studio\jbr\bin\management.dll
0x00007ffdd9810000 - 0x00007ffdd981b000 	C:\Program Files\Android\Android Studio\jbr\bin\management_ext.dll
0x00007ffe4ea50000 - 0x00007ffe4ea6b000 	C:\WINDOWS\SYSTEM32\CRYPTSP.dll
0x00007ffe4e2c0000 - 0x00007ffe4e2f5000 	C:\WINDOWS\system32\rsaenh.dll
0x00007ffe4e8f0000 - 0x00007ffe4e918000 	C:\WINDOWS\SYSTEM32\USERENV.dll
0x00007ffe4ebf0000 - 0x00007ffe4ec18000 	C:\WINDOWS\SYSTEM32\bcrypt.dll
0x00007ffe4ea70000 - 0x00007ffe4ea7c000 	C:\WINDOWS\SYSTEM32\CRYPTBASE.dll
0x00007ffe4de50000 - 0x00007ffe4de7d000 	C:\WINDOWS\SYSTEM32\IPHLPAPI.DLL
0x00007ffe50320000 - 0x00007ffe50329000 	C:\WINDOWS\System32\NSI.dll
0x00007ffe48310000 - 0x00007ffe48329000 	C:\WINDOWS\SYSTEM32\dhcpcsvc6.DLL
0x00007ffe482d0000 - 0x00007ffe482ef000 	C:\WINDOWS\SYSTEM32\dhcpcsvc.DLL
0x00007ffe4de80000 - 0x00007ffe4df73000 	C:\WINDOWS\SYSTEM32\DNSAPI.dll

dbghelp: loaded successfully - version: 4.0.5 - missing functions: none
symbol engine: initialized successfully - sym options: 0x614 - pdb path: .;C:\Program Files\Android\Android Studio\jbr\bin;C:\WINDOWS\SYSTEM32;C:\WINDOWS\WinSxS\amd64_microsoft.windows.common-controls_6595b64144ccf1df_6.0.22621.608_none_a9444ca7c10bb01d;C:\Program Files\Android\Android Studio\jbr\bin\server;C:\Users\rafae\.gradle\native\e1d6ef7f7dcc3fd88c89a11ec53ec762bb8ba0a96d01ffa2cd45eb1d1d8dd5c5\windows-amd64;C:\Users\rafae\.gradle\native\0d407fdbe67a94daf76414ababcb853783967236a71b16ec16e742cd7a986fd3\windows-amd64

VM Arguments:
jvm_args: --add-opens=java.base/java.util=ALL-UNNAMED --add-opens=java.base/java.lang=ALL-UNNAMED --add-opens=java.base/java.lang.invoke=ALL-UNNAMED --add-opens=java.base/java.util=ALL-UNNAMED --add-opens=java.prefs/java.util.prefs=ALL-UNNAMED --add-opens=java.prefs/java.util.prefs=ALL-UNNAMED --add-opens=java.base/java.nio.charset=ALL-UNNAMED --add-opens=java.base/java.net=ALL-UNNAMED --add-opens=java.base/java.util.concurrent.atomic=ALL-UNNAMED -Xmx2048m -Dfile.encoding=UTF-8 -Duser.country=ES -Duser.language=es -Duser.variant 
java_command: org.gradle.launcher.daemon.bootstrap.GradleDaemon 7.5
java_class_path (initial): C:\Users\rafae\.gradle\wrapper\dists\gradle-7.5-bin\f1w0cc9nuo0eivz97x2xlu9sv\gradle-7.5\lib\gradle-launcher-7.5.jar
Launcher Type: SUN_STANDARD

[Global flags]
     intx CICompilerCount                          = 4                                         {product} {ergonomic}
     uint ConcGCThreads                            = 2                                         {product} {ergonomic}
     uint G1ConcRefinementThreads                  = 8                                         {product} {ergonomic}
   size_t G1HeapRegionSize                         = 1048576                                   {product} {ergonomic}
    uintx GCDrainStackTargetSize                   = 64                                        {product} {ergonomic}
   size_t InitialHeapSize                          = 58720256                                  {product} {ergonomic}
   size_t MarkStackSize                            = 4194304                                   {product} {ergonomic}
   size_t MaxHeapSize                              = 2147483648                                {product} {command line}
   size_t MaxNewSize                               = 1287651328                                {product} {ergonomic}
   size_t MinHeapDeltaBytes                        = 1048576                                   {product} {ergonomic}
    uintx NonNMethodCodeHeapSize                   = 5836300                                {pd product} {ergonomic}
    uintx NonProfiledCodeHeapSize                  = 122910970                              {pd product} {ergonomic}
    uintx ProfiledCodeHeapSize                     = 122910970                              {pd product} {ergonomic}
    uintx ReservedCodeCacheSize                    = 251658240                              {pd product} {ergonomic}
     bool SegmentedCodeCache                       = true                                      {product} {ergonomic}
     bool UseCompressedClassPointers               = true                                 {lp64_product} {ergonomic}
     bool UseCompressedOops                        = true                                 {lp64_product} {ergonomic}
     bool UseG1GC                                  = true                                      {product} {ergonomic}
     bool UseLargePagesIndividualAllocation        = false                                  {pd product} {ergonomic}

Logging:
Log output configuration:
 #0: stdout all=warning uptime,level,tags
 #1: stderr all=off uptime,level,tags

Environment Variables:
PATH=C:\Program Files (x86)\Common Files\Oracle\Java\javapath;C:\Windows\system32;C:\Windows;C:\Windows\System32\Wbem;C:\Windows\System32\WindowsPowerShell\v1.0\;C:\Windows\System32\OpenSSH\;C:\Program Files\Git\cmd;C:\Program Files\Microsoft SQL Server\150\Tools\Binn\;C:\Program Files\Microsoft SQL Server\Client SDK\ODBC\170\Tools\Binn\;C:\Program Files\dotnet\;C:\Program Files (x86)\Microsoft SQL Server\150\Tools\Binn\;C:\Program Files (x86)\Microsoft SQL Server\150\DTS\Binn\;C:\Program Files\Microsoft SQL Server\150\DTS\Binn\;C:\Program Files\Azure Data Studio\bin;C:\WINDOWS\system32;C:\WINDOWS;C:\WINDOWS\System32\Wbem;C:\WINDOWS\System32\WindowsPowerShell\v1.0\;C:\WINDOWS\System32\OpenSSH\;C:\Program Files\MongoDB\Server\6.0\bin;C:\Program Files\nodejs\;C:\Program Files\Docker\Docker\resources\bin;C:\Users\rafae\AppData\Local\Microsoft\WindowsApps;;C:\Users\rafae\AppData\Local\Programs\Microsoft VS Code\bin;C:\Users\rafae\.dotnet\tools;C:\Program Files\Azure Data Studio\bin;C:\Users\rafae\AppData\Roaming\npm
USERNAME=rafae
OS=Windows_NT
PROCESSOR_IDENTIFIER=AMD64 Family 23 Model 24 Stepping 1, AuthenticAMD



---------------  S Y S T E M  ---------------

OS: Windows 11 , 64 bit Build 22621 (10.0.22621.1485)
OS uptime: 0 days 2:25 hours
Hyper-V role detected

CPU:total 8 (initial active 8) (8 cores per cpu, 2 threads per core) family 23 model 24 stepping 1 microcode 0x0, cmov, cx8, fxsr, mmx, sse, sse2, sse3, ssse3, sse4.1, sse4.2, popcnt, avx, avx2, aes, clmul, mmxext, 3dnowpref, lzcnt, sse4a, ht, tsc, tscinvbit, tscinv, bmi1, bmi2, adx, sha, fma

Memory: 4k page, system-wide physical 3531M (259M free)
TotalPageFile size 14283M (AvailPageFile size 188M)
current process WorkingSet (physical memory assigned to process): 545M, peak: 545M
current process commit charge ("private bytes"): 639M, peak: 863M

vm_info: OpenJDK 64-Bit Server VM (11.0.15+0-b2043.56-9505619) for windows-amd64 JRE (11.0.15+0-b2043.56-9505619), built on Jan 19 2023 02:48:00 by "builduser" with unknown MS VC++:1929

END.
