#
# There is insufficient memory for the Java Runtime Environment to continue.
# Native memory allocation (mmap) failed to map 213909504 bytes for Failed to commit area from 0x0000000091400000 to 0x000000009e000000 of length 213909504.
# Possible reasons:
#   The system is out of physical RAM or swap space
#   The process is running with CompressedOops enabled, and the Java Heap may be blocking the growth of the native heap
# Possible solutions:
#   Reduce memory load on the system
#   Increase physical memory or swap space
#   Check if swap backing store is full
#   Decrease Java heap size (-Xmx/-Xms)
#   Decrease number of Java threads
#   Decrease Java thread stack sizes (-Xss)
#   Set larger code cache with -XX:ReservedCodeCacheSize=
#   JVM is running with Unscaled Compressed Oops mode in which the Java heap is
#     placed in the first 4GB address space. The Java Heap base address is the
#     maximum limit for the native heap growth. Please use -XX:HeapBaseMinAddress
#     to set the Java Heap base and to place the Java Heap above 4GB virtual address.
# This output file may be truncated or incomplete.
#
#  Out of Memory Error (src/hotspot/os/windows/os_windows.cpp:3627), pid=14064, tid=10156
#
# JRE version: OpenJDK Runtime Environment (11.0.15) (build 11.0.15+0-b2043.56-9505619)
# Java VM: OpenJDK 64-Bit Server VM (11.0.15+0-b2043.56-9505619, mixed mode, tiered, compressed oops, g1 gc, windows-amd64)
# No core dump will be written. Minidumps are not enabled by default on client versions of Windows
#

---------------  S U M M A R Y ------------

Command Line: --add-opens=java.base/java.util=ALL-UNNAMED --add-opens=java.base/java.lang=ALL-UNNAMED --add-opens=java.base/java.lang.invoke=ALL-UNNAMED --add-opens=java.base/java.util=ALL-UNNAMED --add-opens=java.prefs/java.util.prefs=ALL-UNNAMED --add-opens=java.prefs/java.util.prefs=ALL-UNNAMED --add-opens=java.base/java.nio.charset=ALL-UNNAMED --add-opens=java.base/java.net=ALL-UNNAMED --add-opens=java.base/java.util.concurrent.atomic=ALL-UNNAMED -Xmx2048m -Dfile.encoding=UTF-8 -Duser.country=ES -Duser.language=es -Duser.variant org.gradle.launcher.daemon.bootstrap.GradleDaemon 7.5

Host: AMD Ryzen 5 3500U with Radeon Vega Mobile Gfx  , 8 cores, 3G,  Windows 11 , 64 bit Build 22621 (10.0.22621.1485)
Time: Tue Apr 18 01:13:38 2023 Hora est. Pacífico, Sudamérica elapsed time: 27.528277 seconds (0d 0h 0m 27s)

---------------  T H R E A D  ---------------

Current thread (0x0000020f6228d800):  VMThread "VM Thread" [stack: 0x0000002652500000,0x0000002652600000] [id=10156]

Stack: [0x0000002652500000,0x0000002652600000]
[error occurred during error reporting (printing stack bounds), id 0xc0000005, EXCEPTION_ACCESS_VIOLATION (0xc0000005) at pc=0x0000020f4b94112d]

Native frames: (J=compiled Java code, j=interpreted, Vv=VM code, C=native code)
V  [jvm.dll+0x64135a]
V  [jvm.dll+0x7d39f9]
V  [jvm.dll+0x7d51b9]
V  [jvm.dll+0x7d5805]
V  [jvm.dll+0x7d57bb]
V  [jvm.dll+0x640655]
V  [jvm.dll+0x640d68]
C  [ntdll.dll+0xa3cff]
C  [ntdll.dll+0x1e456]
C  [ntdll.dll+0xa2cee]
C  0x0000020f4b94112d

VM_Operation (0x00000026574f9010): G1CollectForAllocation, mode: safepoint, requested by thread 0x0000020f6755b000


---------------  P R O C E S S  ---------------

Threads class SMR info:
_java_thread_list=0x0000020f6dc13e20, length=136, elements={
0x0000020f47e1e000, 0x0000020f62293000, 0x0000020f62294000, 0x0000020f62c72800,
0x0000020f622ac000, 0x0000020f622ac800, 0x0000020f622af000, 0x0000020f622b8000,
0x0000020f622c2800, 0x0000020f62dad000, 0x0000020f6443b800, 0x0000020f6387e800,
0x0000020f647c4000, 0x0000020f64648000, 0x0000020f63b50000, 0x0000020f64dad000,
0x0000020f64daa800, 0x0000020f64dab000, 0x0000020f64dad800, 0x0000020f64da8000,
0x0000020f64dae800, 0x0000020f64da9000, 0x0000020f64da9800, 0x0000020f64dac000,
0x0000020f653ea000, 0x0000020f653ea800, 0x0000020f653ee000, 0x0000020f653e9000,
0x0000020f653ed000, 0x0000020f653e8800, 0x0000020f653ec800, 0x0000020f653ef800,
0x0000020f653f0800, 0x0000020f653f7000, 0x0000020f653f6000, 0x0000020f653f3000,
0x0000020f653f3800, 0x0000020f653f4800, 0x0000020f653f2000, 0x0000020f653f1800,
0x0000020f67593000, 0x0000020f67595000, 0x0000020f67593800, 0x0000020f67594800,
0x0000020f67591000, 0x0000020f67596000, 0x0000020f67597000, 0x0000020f67597800,
0x0000020f67592000, 0x0000020f6759e000, 0x0000020f67598800, 0x0000020f6759a000,
0x0000020f6759b000, 0x0000020f6759c800, 0x0000020f6759f000, 0x0000020f6759c000,
0x0000020f6759d800, 0x0000020f67599800, 0x0000020f675a0000, 0x0000020f679aa800,
0x0000020f679ac000, 0x0000020f679ad800, 0x0000020f679b0000, 0x0000020f679ac800,
0x0000020f679ae800, 0x0000020f679af000, 0x0000020f679b1000, 0x0000020f679ab000,
0x0000020f67559800, 0x0000020f6755c800, 0x0000020f6755b000, 0x0000020f6755a000,
0x0000020f6755b800, 0x0000020f67558800, 0x0000020f67557000, 0x0000020f67557800,
0x0000020f67562000, 0x0000020f67563000, 0x0000020f6755d800, 0x0000020f6755e000,
0x0000020f67564000, 0x0000020f67564800, 0x0000020f6755f000, 0x0000020f67560800,
0x0000020f67565800, 0x0000020f67560000, 0x0000020f67561800, 0x0000020f6797c000,
0x0000020f6797b800, 0x0000020f67979000, 0x0000020f6797d000, 0x0000020f67979800,
0x0000020f67977000, 0x0000020f6797a800, 0x0000020f6797d800, 0x0000020f67978000,
0x0000020f67984000, 0x0000020f6797e800, 0x0000020f67985000, 0x0000020f6797f800,
0x0000020f67986000, 0x0000020f67980000, 0x0000020f67982800, 0x0000020f67983800,
0x0000020f67981000, 0x0000020f67982000, 0x0000020f677d3800, 0x0000020f677d4800,
0x0000020f677cf800, 0x0000020f677d1800, 0x0000020f677d2000, 0x0000020f677d3000,
0x0000020f677cf000, 0x0000020f677d0800, 0x0000020f677d9800, 0x0000020f677da800,
0x0000020f677d8800, 0x0000020f677db000, 0x0000020f677d5800, 0x0000020f677d8000,
0x0000020f677dc000, 0x0000020f677d7000, 0x0000020f677d6000, 0x0000020f63d3a800,
0x0000020f69853000, 0x0000020f677dc800, 0x0000020f677dd800, 0x0000020f6bceb000,
0x0000020f6bce9000, 0x0000020f6bce6800, 0x0000020f6bcea000, 0x0000020f6bceb800,
0x0000020f6bce6000, 0x0000020f6bcec800, 0x0000020f6bcee000, 0x0000020f6bce8800
}

Java Threads: ( => current thread )
  0x0000020f47e1e000 JavaThread "main" [_thread_blocked, id=1512, stack(0x0000002651f00000,0x0000002652000000)]
  0x0000020f62293000 JavaThread "Reference Handler" daemon [_thread_blocked, id=9028, stack(0x0000002652600000,0x0000002652700000)]
  0x0000020f62294000 JavaThread "Finalizer" daemon [_thread_blocked, id=3304, stack(0x0000002652700000,0x0000002652800000)]
  0x0000020f62c72800 JavaThread "Signal Dispatcher" daemon [_thread_blocked, id=1672, stack(0x0000002652800000,0x0000002652900000)]
  0x0000020f622ac000 JavaThread "Attach Listener" daemon [_thread_blocked, id=12612, stack(0x0000002652900000,0x0000002652a00000)]
  0x0000020f622ac800 JavaThread "Service Thread" daemon [_thread_blocked, id=12020, stack(0x0000002652a00000,0x0000002652b00000)]
  0x0000020f622af000 JavaThread "C2 CompilerThread0" daemon [_thread_in_native, id=8712, stack(0x0000002652b00000,0x0000002652c00000)]
  0x0000020f622b8000 JavaThread "C1 CompilerThread0" daemon [_thread_blocked, id=10012, stack(0x0000002652c00000,0x0000002652d00000)]
  0x0000020f622c2800 JavaThread "Sweeper thread" daemon [_thread_blocked, id=7076, stack(0x0000002652d00000,0x0000002652e00000)]
  0x0000020f62dad000 JavaThread "Common-Cleaner" daemon [_thread_blocked, id=13776, stack(0x0000002652e00000,0x0000002652f00000)]
  0x0000020f6443b800 JavaThread "Daemon health stats" [_thread_blocked, id=6220, stack(0x0000002653100000,0x0000002653200000)]
  0x0000020f6387e800 JavaThread "Incoming local TCP Connector on port 52687" [_thread_in_native, id=2876, stack(0x0000002653200000,0x0000002653300000)]
  0x0000020f647c4000 JavaThread "Daemon periodic checks" [_thread_blocked, id=1352, stack(0x0000002653300000,0x0000002653400000)]
  0x0000020f64648000 JavaThread "Daemon" [_thread_blocked, id=3616, stack(0x0000002653400000,0x0000002653500000)]
  0x0000020f63b50000 JavaThread "Handler for socket connection from /127.0.0.1:52687 to /127.0.0.1:52688" [_thread_in_native, id=11968, stack(0x0000002653500000,0x0000002653600000)]
  0x0000020f64dad000 JavaThread "Cancel handler" [_thread_blocked, id=13888, stack(0x0000002653600000,0x0000002653700000)]
  0x0000020f64daa800 JavaThread "Daemon worker" [_thread_blocked, id=4536, stack(0x0000002653700000,0x0000002653800000)]
  0x0000020f64dab000 JavaThread "Asynchronous log dispatcher for DefaultDaemonConnection: socket connection from /127.0.0.1:52687 to /127.0.0.1:52688" [_thread_blocked, id=2180, stack(0x0000002653800000,0x0000002653900000)]
  0x0000020f64dad800 JavaThread "Stdin handler" [_thread_blocked, id=14032, stack(0x0000002653900000,0x0000002653a00000)]
  0x0000020f64da8000 JavaThread "Daemon client event forwarder" [_thread_blocked, id=7688, stack(0x0000002653a00000,0x0000002653b00000)]
  0x0000020f64dae800 JavaThread "Cache worker for journal cache (C:\Users\rafae\.gradle\caches\journal-1)" [_thread_blocked, id=13544, stack(0x0000002654100000,0x0000002654200000)]
  0x0000020f64da9000 JavaThread "File lock request listener" [_thread_in_native, id=10912, stack(0x0000002654200000,0x0000002654300000)]
  0x0000020f64da9800 JavaThread "Cache worker for file hash cache (C:\Users\rafae\.gradle\caches\7.5\fileHashes)" [_thread_blocked, id=12912, stack(0x0000002654300000,0x0000002654400000)]
  0x0000020f64dac000 JavaThread "File watcher server" daemon [_thread_blocked, id=1796, stack(0x0000002654500000,0x0000002654600000)]
  0x0000020f653ea000 JavaThread "File watcher consumer" daemon [_thread_blocked, id=13068, stack(0x0000002654600000,0x0000002654700000)]
  0x0000020f653ea800 JavaThread "Cache worker for checksums cache (C:\Users\rafae\OneDrive\Escritorio\parcial2\.gradle\7.5\checksums)" [_thread_blocked, id=7412, stack(0x0000002654700000,0x0000002654800000)]
  0x0000020f653ee000 JavaThread "Cache worker for cache directory md-rule (C:\Users\rafae\.gradle\caches\7.5\md-rule)" [_thread_blocked, id=7612, stack(0x0000002654800000,0x0000002654900000)]
  0x0000020f653e9000 JavaThread "Cache worker for file content cache (C:\Users\rafae\.gradle\caches\7.5\fileContent)" [_thread_blocked, id=1400, stack(0x0000002654900000,0x0000002654a00000)]
  0x0000020f653ed000 JavaThread "Cache worker for file hash cache (C:\Users\rafae\OneDrive\Escritorio\parcial2\.gradle\7.5\fileHashes)" [_thread_blocked, id=13680, stack(0x0000002654a00000,0x0000002654b00000)]
  0x0000020f653e8800 JavaThread "Cache worker for cache directory md-supplier (C:\Users\rafae\.gradle\caches\7.5\md-supplier)" [_thread_blocked, id=10148, stack(0x0000002654b00000,0x0000002654c00000)]
  0x0000020f653ec800 JavaThread "Cache worker for execution history cache (C:\Users\rafae\.gradle\caches\7.5\executionHistory)" [_thread_blocked, id=1772, stack(0x0000002654c00000,0x0000002654d00000)]
  0x0000020f653ef800 JavaThread "jar transforms" [_thread_blocked, id=12396, stack(0x0000002654d00000,0x0000002654e00000)]
  0x0000020f653f0800 JavaThread "jar transforms Thread 2" [_thread_blocked, id=9328, stack(0x0000002654e00000,0x0000002654f00000)]
  0x0000020f653f7000 JavaThread "jar transforms Thread 3" [_thread_blocked, id=3536, stack(0x0000002654f00000,0x0000002655000000)]
  0x0000020f653f6000 JavaThread "jar transforms Thread 4" [_thread_blocked, id=2304, stack(0x0000002655000000,0x0000002655100000)]
  0x0000020f653f3000 JavaThread "Cache worker for dependencies-accessors (C:\Users\rafae\OneDrive\Escritorio\parcial2\.gradle\7.5\dependencies-accessors)" [_thread_blocked, id=12092, stack(0x0000002655100000,0x0000002655200000)]
  0x0000020f653f3800 JavaThread "jar transforms Thread 5" [_thread_blocked, id=11208, stack(0x0000002655200000,0x0000002655300000)]
  0x0000020f653f4800 JavaThread "Cache worker for Build Output Cleanup Cache (C:\Users\rafae\OneDrive\Escritorio\parcial2\.gradle\buildOutputCleanup)" [_thread_blocked, id=2688, stack(0x0000002655300000,0x0000002655400000)]
  0x0000020f653f2000 JavaThread "Unconstrained build operations" [_thread_blocked, id=2320, stack(0x0000002655400000,0x0000002655500000)]
  0x0000020f653f1800 JavaThread "Unconstrained build operations Thread 2" [_thread_blocked, id=14168, stack(0x0000002655500000,0x0000002655600000)]
  0x0000020f67593000 JavaThread "Unconstrained build operations Thread 3" [_thread_blocked, id=13448, stack(0x0000002655600000,0x0000002655700000)]
  0x0000020f67595000 JavaThread "Unconstrained build operations Thread 4" [_thread_blocked, id=11380, stack(0x0000002655700000,0x0000002655800000)]
  0x0000020f67593800 JavaThread "Unconstrained build operations Thread 5" [_thread_blocked, id=13308, stack(0x0000002655800000,0x0000002655900000)]
  0x0000020f67594800 JavaThread "Unconstrained build operations Thread 6" [_thread_blocked, id=11656, stack(0x0000002655900000,0x0000002655a00000)]
  0x0000020f67591000 JavaThread "Unconstrained build operations Thread 7" [_thread_blocked, id=12348, stack(0x0000002655a00000,0x0000002655b00000)]
  0x0000020f67596000 JavaThread "Unconstrained build operations Thread 8" [_thread_blocked, id=8704, stack(0x0000002655b00000,0x0000002655c00000)]
  0x0000020f67597000 JavaThread "Unconstrained build operations Thread 9" [_thread_blocked, id=2324, stack(0x0000002655c00000,0x0000002655d00000)]
  0x0000020f67597800 JavaThread "Unconstrained build operations Thread 10" [_thread_blocked, id=6992, stack(0x0000002655d00000,0x0000002655e00000)]
  0x0000020f67592000 JavaThread "Unconstrained build operations Thread 11" [_thread_blocked, id=4132, stack(0x0000002655e00000,0x0000002655f00000)]
  0x0000020f6759e000 JavaThread "Unconstrained build operations Thread 12" [_thread_blocked, id=8384, stack(0x0000002655f00000,0x0000002656000000)]
  0x0000020f67598800 JavaThread "Unconstrained build operations Thread 13" [_thread_blocked, id=5740, stack(0x0000002656000000,0x0000002656100000)]
  0x0000020f6759a000 JavaThread "Unconstrained build operations Thread 14" [_thread_blocked, id=11832, stack(0x0000002656100000,0x0000002656200000)]
  0x0000020f6759b000 JavaThread "Unconstrained build operations Thread 15" [_thread_blocked, id=13080, stack(0x0000002656200000,0x0000002656300000)]
  0x0000020f6759c800 JavaThread "Unconstrained build operations Thread 16" [_thread_blocked, id=3016, stack(0x0000002656300000,0x0000002656400000)]
  0x0000020f6759f000 JavaThread "Unconstrained build operations Thread 17" [_thread_blocked, id=7180, stack(0x0000002656400000,0x0000002656500000)]
  0x0000020f6759c000 JavaThread "Unconstrained build operations Thread 18" [_thread_blocked, id=4200, stack(0x0000002656500000,0x0000002656600000)]
  0x0000020f6759d800 JavaThread "Unconstrained build operations Thread 19" [_thread_blocked, id=5000, stack(0x0000002656600000,0x0000002656700000)]
  0x0000020f67599800 JavaThread "Unconstrained build operations Thread 20" [_thread_blocked, id=12720, stack(0x0000002656700000,0x0000002656800000)]
  0x0000020f675a0000 JavaThread "Unconstrained build operations Thread 21" [_thread_blocked, id=8636, stack(0x0000002656800000,0x0000002656900000)]
  0x0000020f679aa800 JavaThread "Unconstrained build operations Thread 22" [_thread_blocked, id=11576, stack(0x0000002656900000,0x0000002656a00000)]
  0x0000020f679ac000 JavaThread "Unconstrained build operations Thread 23" [_thread_blocked, id=13132, stack(0x0000002656a00000,0x0000002656b00000)]
  0x0000020f679ad800 JavaThread "Unconstrained build operations Thread 24" [_thread_blocked, id=9116, stack(0x0000002656b00000,0x0000002656c00000)]
  0x0000020f679b0000 JavaThread "Unconstrained build operations Thread 25" [_thread_blocked, id=14024, stack(0x0000002656c00000,0x0000002656d00000)]
  0x0000020f679ac800 JavaThread "Unconstrained build operations Thread 26" [_thread_blocked, id=8428, stack(0x0000002656d00000,0x0000002656e00000)]
  0x0000020f679ae800 JavaThread "Unconstrained build operations Thread 27" [_thread_blocked, id=7476, stack(0x0000002656e00000,0x0000002656f00000)]
  0x0000020f679af000 JavaThread "Unconstrained build operations Thread 28" [_thread_blocked, id=1924, stack(0x0000002656f00000,0x0000002657000000)]
  0x0000020f679b1000 JavaThread "Unconstrained build operations Thread 29" [_thread_blocked, id=6476, stack(0x0000002657000000,0x0000002657100000)]
  0x0000020f679ab000 JavaThread "Unconstrained build operations Thread 30" [_thread_blocked, id=2276, stack(0x0000002657100000,0x0000002657200000)]
  0x0000020f67559800 JavaThread "Unconstrained build operations Thread 31" [_thread_blocked, id=8676, stack(0x0000002657200000,0x0000002657300000)]
  0x0000020f6755c800 JavaThread "Unconstrained build operations Thread 32" [_thread_blocked, id=2600, stack(0x0000002657300000,0x0000002657400000)]
  0x0000020f6755b000 JavaThread "Unconstrained build operations Thread 33" [_thread_blocked, id=1048, stack(0x0000002657400000,0x0000002657500000)]
  0x0000020f6755a000 JavaThread "Unconstrained build operations Thread 34" [_thread_blocked, id=14324, stack(0x0000002657500000,0x0000002657600000)]
  0x0000020f6755b800 JavaThread "Unconstrained build operations Thread 35" [_thread_blocked, id=12244, stack(0x0000002657600000,0x0000002657700000)]
  0x0000020f67558800 JavaThread "Unconstrained build operations Thread 36" [_thread_blocked, id=1408, stack(0x0000002657700000,0x0000002657800000)]
  0x0000020f67557000 JavaThread "Unconstrained build operations Thread 37" [_thread_blocked, id=4104, stack(0x0000002657800000,0x0000002657900000)]
  0x0000020f67557800 JavaThread "Unconstrained build operations Thread 38" [_thread_blocked, id=1460, stack(0x0000002657900000,0x0000002657a00000)]
  0x0000020f67562000 JavaThread "Unconstrained build operations Thread 39" [_thread_blocked, id=3884, stack(0x0000002657a00000,0x0000002657b00000)]
  0x0000020f67563000 JavaThread "Unconstrained build operations Thread 40" [_thread_blocked, id=10212, stack(0x0000002657b00000,0x0000002657c00000)]
  0x0000020f6755d800 JavaThread "Unconstrained build operations Thread 41" [_thread_blocked, id=4052, stack(0x0000002657c00000,0x0000002657d00000)]
  0x0000020f6755e000 JavaThread "Unconstrained build operations Thread 42" [_thread_blocked, id=4916, stack(0x0000002657d00000,0x0000002657e00000)]
  0x0000020f67564000 JavaThread "Unconstrained build operations Thread 43" [_thread_blocked, id=6820, stack(0x0000002657e00000,0x0000002657f00000)]
  0x0000020f67564800 JavaThread "Unconstrained build operations Thread 44" [_thread_blocked, id=13364, stack(0x0000002657f00000,0x0000002658000000)]
  0x0000020f6755f000 JavaThread "Unconstrained build operations Thread 45" [_thread_blocked, id=13800, stack(0x0000002658000000,0x0000002658100000)]
  0x0000020f67560800 JavaThread "Unconstrained build operations Thread 46" [_thread_blocked, id=292, stack(0x0000002658100000,0x0000002658200000)]
  0x0000020f67565800 JavaThread "Unconstrained build operations Thread 47" [_thread_blocked, id=4576, stack(0x0000002658200000,0x0000002658300000)]
  0x0000020f67560000 JavaThread "Unconstrained build operations Thread 48" [_thread_blocked, id=5992, stack(0x0000002658300000,0x0000002658400000)]
  0x0000020f67561800 JavaThread "Unconstrained build operations Thread 49" [_thread_blocked, id=7516, stack(0x0000002658400000,0x0000002658500000)]
  0x0000020f6797c000 JavaThread "Unconstrained build operations Thread 50" [_thread_blocked, id=13140, stack(0x0000002658500000,0x0000002658600000)]
  0x0000020f6797b800 JavaThread "Unconstrained build operations Thread 51" [_thread_blocked, id=7520, stack(0x0000002658600000,0x0000002658700000)]
  0x0000020f67979000 JavaThread "Unconstrained build operations Thread 52" [_thread_blocked, id=5236, stack(0x0000002658700000,0x0000002658800000)]
  0x0000020f6797d000 JavaThread "Unconstrained build operations Thread 53" [_thread_blocked, id=8628, stack(0x0000002658800000,0x0000002658900000)]
  0x0000020f67979800 JavaThread "Unconstrained build operations Thread 54" [_thread_blocked, id=13396, stack(0x0000002658900000,0x0000002658a00000)]
  0x0000020f67977000 JavaThread "Unconstrained build operations Thread 55" [_thread_blocked, id=13956, stack(0x0000002658a00000,0x0000002658b00000)]
  0x0000020f6797a800 JavaThread "Unconstrained build operations Thread 56" [_thread_blocked, id=8044, stack(0x0000002658b00000,0x0000002658c00000)]
  0x0000020f6797d800 JavaThread "Unconstrained build operations Thread 57" [_thread_blocked, id=13648, stack(0x0000002658c00000,0x0000002658d00000)]
  0x0000020f67978000 JavaThread "Unconstrained build operations Thread 58" [_thread_blocked, id=7012, stack(0x0000002658d00000,0x0000002658e00000)]
  0x0000020f67984000 JavaThread "Unconstrained build operations Thread 59" [_thread_blocked, id=13992, stack(0x0000002658e00000,0x0000002658f00000)]
  0x0000020f6797e800 JavaThread "Unconstrained build operations Thread 60" [_thread_blocked, id=2016, stack(0x0000002658f00000,0x0000002659000000)]
  0x0000020f67985000 JavaThread "Unconstrained build operations Thread 61" [_thread_blocked, id=5468, stack(0x0000002659000000,0x0000002659100000)]
  0x0000020f6797f800 JavaThread "Unconstrained build operations Thread 62" [_thread_blocked, id=11344, stack(0x0000002659100000,0x0000002659200000)]
  0x0000020f67986000 JavaThread "Unconstrained build operations Thread 63" [_thread_blocked, id=8924, stack(0x0000002659200000,0x0000002659300000)]
  0x0000020f67980000 JavaThread "Unconstrained build operations Thread 64" [_thread_blocked, id=1140, stack(0x0000002659300000,0x0000002659400000)]
  0x0000020f67982800 JavaThread "Unconstrained build operations Thread 65" [_thread_blocked, id=13732, stack(0x0000002659400000,0x0000002659500000)]
  0x0000020f67983800 JavaThread "Unconstrained build operations Thread 66" [_thread_blocked, id=9816, stack(0x0000002659500000,0x0000002659600000)]
  0x0000020f67981000 JavaThread "Unconstrained build operations Thread 67" [_thread_blocked, id=11780, stack(0x0000002659600000,0x0000002659700000)]
  0x0000020f67982000 JavaThread "Unconstrained build operations Thread 68" [_thread_blocked, id=8748, stack(0x0000002659700000,0x0000002659800000)]
  0x0000020f677d3800 JavaThread "Unconstrained build operations Thread 69" [_thread_blocked, id=9916, stack(0x0000002659800000,0x0000002659900000)]
  0x0000020f677d4800 JavaThread "Unconstrained build operations Thread 70" [_thread_blocked, id=9492, stack(0x0000002659900000,0x0000002659a00000)]
  0x0000020f677cf800 JavaThread "Unconstrained build operations Thread 71" [_thread_blocked, id=5684, stack(0x0000002659a00000,0x0000002659b00000)]
  0x0000020f677d1800 JavaThread "Unconstrained build operations Thread 72" [_thread_blocked, id=11520, stack(0x0000002659b00000,0x0000002659c00000)]
  0x0000020f677d2000 JavaThread "Unconstrained build operations Thread 73" [_thread_blocked, id=4744, stack(0x0000002659c00000,0x0000002659d00000)]
  0x0000020f677d3000 JavaThread "Unconstrained build operations Thread 74" [_thread_blocked, id=7648, stack(0x0000002659d00000,0x0000002659e00000)]
  0x0000020f677cf000 JavaThread "Unconstrained build operations Thread 75" [_thread_blocked, id=11988, stack(0x0000002659e00000,0x0000002659f00000)]
  0x0000020f677d0800 JavaThread "Unconstrained build operations Thread 76" [_thread_blocked, id=6840, stack(0x0000002659f00000,0x000000265a000000)]
  0x0000020f677d9800 JavaThread "Unconstrained build operations Thread 77" [_thread_blocked, id=7392, stack(0x000000265a000000,0x000000265a100000)]
  0x0000020f677da800 JavaThread "Unconstrained build operations Thread 78" [_thread_blocked, id=13868, stack(0x000000265a100000,0x000000265a200000)]
  0x0000020f677d8800 JavaThread "Unconstrained build operations Thread 79" [_thread_blocked, id=12444, stack(0x000000265a200000,0x000000265a300000)]
  0x0000020f677db000 JavaThread "Unconstrained build operations Thread 80" [_thread_blocked, id=6496, stack(0x000000265a300000,0x000000265a400000)]
  0x0000020f677d5800 JavaThread "jar transforms Thread 6" [_thread_blocked, id=8800, stack(0x000000265a400000,0x000000265a500000)]
  0x0000020f677d8000 JavaThread "jar transforms Thread 7" [_thread_blocked, id=14160, stack(0x000000265a500000,0x000000265a600000)]
  0x0000020f677dc000 JavaThread "jar transforms Thread 8" [_thread_blocked, id=7152, stack(0x000000265a600000,0x000000265a700000)]
  0x0000020f677d7000 JavaThread "build event listener" [_thread_blocked, id=14120, stack(0x000000265a700000,0x000000265a800000)]
  0x0000020f677d6000 JavaThread "Memory manager" [_thread_blocked, id=8860, stack(0x000000265a800000,0x000000265a900000)]
  0x0000020f63d3a800 JavaThread "C2 CompilerThread1" daemon [_thread_blocked, id=7088, stack(0x000000265a900000,0x000000265aa00000)]
  0x0000020f69853000 JavaThread "C2 CompilerThread2" daemon [_thread_in_native, id=12904, stack(0x000000265aa00000,0x000000265ab00000)]
  0x0000020f677dc800 JavaThread "included builds" [_thread_blocked, id=1768, stack(0x000000265ab00000,0x000000265ac00000)]
  0x0000020f677dd800 JavaThread "Execution worker" [_thread_blocked, id=13376, stack(0x000000265ac00000,0x000000265ad00000)]
  0x0000020f6bceb000 JavaThread "Execution worker Thread 2" [_thread_blocked, id=8972, stack(0x000000265ad00000,0x000000265ae00000)]
  0x0000020f6bce9000 JavaThread "Execution worker Thread 3" [_thread_blocked, id=13380, stack(0x000000265ae00000,0x000000265af00000)]
  0x0000020f6bce6800 JavaThread "Execution worker Thread 4" [_thread_blocked, id=13480, stack(0x000000265af00000,0x000000265b000000)]
  0x0000020f6bcea000 JavaThread "Execution worker Thread 5" [_thread_blocked, id=14332, stack(0x000000265b000000,0x000000265b100000)]
  0x0000020f6bceb800 JavaThread "Execution worker Thread 6" [_thread_blocked, id=508, stack(0x000000265b100000,0x000000265b200000)]
  0x0000020f6bce6000 JavaThread "Execution worker Thread 7" [_thread_blocked, id=1344, stack(0x000000265b200000,0x000000265b300000)]
  0x0000020f6bcec800 JavaThread "Cache worker for execution history cache (C:\Users\rafae\OneDrive\Escritorio\parcial2\.gradle\7.5\executionHistory)" [_thread_blocked, id=6416, stack(0x000000265b300000,0x000000265b400000)]
  0x0000020f6bcee000 JavaThread "WorkerExecutor Queue" [_thread_blocked, id=9052, stack(0x000000265b400000,0x000000265b500000)]
  0x0000020f6bce8800 JavaThread "WorkerExecutor Queue Thread 2" [_thread_blocked, id=8552, stack(0x000000265b500000,0x000000265b600000)]

Other Threads:
=>0x0000020f6228d800 VMThread "VM Thread" [stack: 0x0000002652500000,0x0000002652600000] [id=10156]
  0x0000020f62dba000 WatcherThread [stack: 0x0000002652f00000,0x0000002653000000] [id=11272]
  0x0000020f47e38800 GCTaskThread "GC Thread#0" [stack: 0x0000002652000000,0x0000002652100000] [id=6280]
  0x0000020f63ca6800 GCTaskThread "GC Thread#1" [stack: 0x0000002653000000,0x0000002653100000] [id=13496]
  0x0000020f6507c800 GCTaskThread "GC Thread#2" [stack: 0x0000002653b00000,0x0000002653c00000] [id=3596]
  0x0000020f6507b800 GCTaskThread "GC Thread#3" [stack: 0x0000002653c00000,0x0000002653d00000] [id=12696]
  0x0000020f64e37000 GCTaskThread "GC Thread#4" [stack: 0x0000002653d00000,0x0000002653e00000] [id=3844]
  0x0000020f65002800 GCTaskThread "GC Thread#5" [stack: 0x0000002653e00000,0x0000002653f00000] [id=12280]
  0x0000020f65076000 GCTaskThread "GC Thread#6" [stack: 0x0000002653f00000,0x0000002654000000] [id=10564]
  0x0000020f64ced800 GCTaskThread "GC Thread#7" [stack: 0x0000002654000000,0x0000002654100000] [id=5912]
  0x0000020f47e6c000 ConcurrentGCThread "G1 Main Marker" [stack: 0x0000002652100000,0x0000002652200000] [id=9796]
  0x0000020f47e6d800 ConcurrentGCThread "G1 Conc#0" [stack: 0x0000002652200000,0x0000002652300000] [id=11124]
  0x0000020f6505f800 ConcurrentGCThread "G1 Conc#1" [stack: 0x0000002654400000,0x0000002654500000] [id=12232]
  0x0000020f47ec7800 ConcurrentGCThread "G1 Refine#0" [stack: 0x0000002652300000,0x0000002652400000] [id=12464]
  0x0000020f73879800 ConcurrentGCThread "G1 Refine#1" [stack: 0x000000265b600000,0x000000265b700000] [id=6552]
  0x0000020f47ecc000 ConcurrentGCThread "G1 Young RemSet Sampling" [stack: 0x0000002652400000,0x0000002652500000] [id=7576]

Threads with active compile tasks:
C2 CompilerThread0    27591 11535 %     4       com.android.tools.r8.internal.Ab::a @ 80 (6176 bytes)
C1 CompilerThread0    27591 13149       2       com.android.tools.r8.internal.rT::hashCode (21 bytes)
C2 CompilerThread1    27591 13143       4       java.util.ArrayList::<init> (63 bytes)
C2 CompilerThread2    27591 11197 %     4       com.android.tools.r8.internal.Ab::a @ 3209 (4413 bytes)

VM state:at safepoint (normal execution)

VM Mutex/Monitor currently owned by a thread:  ([mutex/lock_event])
[0x0000020f47e1b220] Threads_lock - owner thread: 0x0000020f6228d800
[0x0000020f47e1b340] Heap_lock - owner thread: 0x0000020f6755b000

Heap address: 0x0000000080000000, size: 2048 MB, Compressed Oops mode: 32-bit
Narrow klass base: 0x0000000000000000, Narrow klass shift: 3
Compressed class space size: 1073741824 Address: 0x0000000100000000

Heap:
 garbage-first heap   total 491520K, used 169246K [0x0000000080000000, 0x0000000100000000)
  region size 1024K, 2 young (2048K), 2 survivors (2048K)
 Metaspace       used 102719K, capacity 106002K, committed 106140K, reserved 1140736K
  class space    used 13665K, capacity 15046K, committed 15128K, reserved 1048576K
Heap Regions: E=young(eden), S=young(survivor), O=old, HS=humongous(starts), HC=humongous(continues), CS=collection set, F=free, A=archive, TAMS=top-at-mark-start (previous, next)
|   0|0x0000000080000000, 0x0000000080100000, 0x0000000080100000|100%| O|  |TAMS 0x0000000080100000, 0x0000000080100000| Untracked 
|   1|0x0000000080100000, 0x0000000080200000, 0x0000000080200000|100%| O|  |TAMS 0x0000000080200000, 0x0000000080200000| Untracked 
|   2|0x0000000080200000, 0x0000000080300000, 0x0000000080300000|100%| O|  |TAMS 0x0000000080300000, 0x0000000080300000| Untracked 
|   3|0x0000000080300000, 0x0000000080400000, 0x0000000080400000|100%|HS|  |TAMS 0x0000000080400000, 0x0000000080400000| Complete 
|   4|0x0000000080400000, 0x0000000080500000, 0x0000000080500000|100%|HC|  |TAMS 0x0000000080500000, 0x0000000080500000| Complete 
|   5|0x0000000080500000, 0x0000000080600000, 0x0000000080600000|100%|HC|  |TAMS 0x0000000080600000, 0x0000000080600000| Complete 
|   6|0x0000000080600000, 0x0000000080700000, 0x0000000080700000|100%| O|  |TAMS 0x0000000080700000, 0x0000000080700000| Untracked 
|   7|0x0000000080700000, 0x0000000080800000, 0x0000000080800000|100%| O|  |TAMS 0x0000000080800000, 0x0000000080800000| Untracked 
|   8|0x0000000080800000, 0x0000000080900000, 0x0000000080900000|100%| O|  |TAMS 0x0000000080900000, 0x0000000080900000| Untracked 
|   9|0x0000000080900000, 0x0000000080a00000, 0x0000000080a00000|100%| O|  |TAMS 0x0000000080a00000, 0x0000000080a00000| Untracked 
|  10|0x0000000080a00000, 0x0000000080b00000, 0x0000000080b00000|100%| O|  |TAMS 0x0000000080b00000, 0x0000000080b00000| Untracked 
|  11|0x0000000080b00000, 0x0000000080c00000, 0x0000000080c00000|100%| O|  |TAMS 0x0000000080c00000, 0x0000000080c00000| Untracked 
|  12|0x0000000080c00000, 0x0000000080d00000, 0x0000000080d00000|100%| O|  |TAMS 0x0000000080d00000, 0x0000000080d00000| Untracked 
|  13|0x0000000080d00000, 0x0000000080e00000, 0x0000000080e00000|100%| O|  |TAMS 0x0000000080e00000, 0x0000000080e00000| Untracked 
|  14|0x0000000080e00000, 0x0000000080f00000, 0x0000000080f00000|100%| O|  |TAMS 0x0000000080f00000, 0x0000000080f00000| Untracked 
|  15|0x0000000080f00000, 0x0000000081000000, 0x0000000081000000|100%| O|  |TAMS 0x0000000081000000, 0x0000000081000000| Untracked 
|  16|0x0000000081000000, 0x0000000081100000, 0x0000000081100000|100%| O|  |TAMS 0x0000000081100000, 0x0000000081100000| Untracked 
|  17|0x0000000081100000, 0x0000000081200000, 0x0000000081200000|100%| O|  |TAMS 0x0000000081200000, 0x0000000081200000| Untracked 
|  18|0x0000000081200000, 0x0000000081300000, 0x0000000081300000|100%| O|  |TAMS 0x0000000081300000, 0x0000000081300000| Untracked 
|  19|0x0000000081300000, 0x0000000081400000, 0x0000000081400000|100%| O|  |TAMS 0x0000000081400000, 0x0000000081400000| Untracked 
|  20|0x0000000081400000, 0x0000000081500000, 0x0000000081500000|100%| O|  |TAMS 0x0000000081500000, 0x0000000081500000| Untracked 
|  21|0x0000000081500000, 0x0000000081600000, 0x0000000081600000|100%| O|  |TAMS 0x0000000081600000, 0x0000000081600000| Untracked 
|  22|0x0000000081600000, 0x0000000081700000, 0x0000000081700000|100%| O|  |TAMS 0x0000000081700000, 0x0000000081700000| Untracked 
|  23|0x0000000081700000, 0x0000000081800000, 0x0000000081800000|100%| O|  |TAMS 0x0000000081800000, 0x0000000081800000| Untracked 
|  24|0x0000000081800000, 0x0000000081900000, 0x0000000081900000|100%| O|  |TAMS 0x0000000081900000, 0x0000000081900000| Untracked 
|  25|0x0000000081900000, 0x0000000081a00000, 0x0000000081a00000|100%| O|  |TAMS 0x0000000081a00000, 0x0000000081a00000| Untracked 
|  26|0x0000000081a00000, 0x0000000081b00000, 0x0000000081b00000|100%| O|  |TAMS 0x0000000081b00000, 0x0000000081b00000| Untracked 
|  27|0x0000000081b00000, 0x0000000081c00000, 0x0000000081c00000|100%|HS|  |TAMS 0x0000000081c00000, 0x0000000081c00000| Complete 
|  28|0x0000000081c00000, 0x0000000081d00000, 0x0000000081d00000|100%| O|  |TAMS 0x0000000081d00000, 0x0000000081d00000| Untracked 
|  29|0x0000000081d00000, 0x0000000081e00000, 0x0000000081e00000|100%| O|  |TAMS 0x0000000081e00000, 0x0000000081e00000| Untracked 
|  30|0x0000000081e00000, 0x0000000081f00000, 0x0000000081f00000|100%|HS|  |TAMS 0x0000000081f00000, 0x0000000081f00000| Complete 
|  31|0x0000000081f00000, 0x0000000082000000, 0x0000000082000000|100%| O|  |TAMS 0x0000000082000000, 0x0000000082000000| Untracked 
|  32|0x0000000082000000, 0x0000000082100000, 0x0000000082100000|100%| O|  |TAMS 0x0000000082100000, 0x0000000082100000| Untracked 
|  33|0x0000000082100000, 0x0000000082200000, 0x0000000082200000|100%| O|  |TAMS 0x0000000082200000, 0x0000000082200000| Untracked 
|  34|0x0000000082200000, 0x0000000082300000, 0x0000000082300000|100%| O|  |TAMS 0x0000000082300000, 0x0000000082300000| Untracked 
|  35|0x0000000082300000, 0x0000000082400000, 0x0000000082400000|100%| O|  |TAMS 0x0000000082400000, 0x0000000082400000| Untracked 
|  36|0x0000000082400000, 0x0000000082500000, 0x0000000082500000|100%| O|  |TAMS 0x0000000082500000, 0x0000000082500000| Untracked 
|  37|0x0000000082500000, 0x0000000082600000, 0x0000000082600000|100%| O|  |TAMS 0x0000000082600000, 0x0000000082600000| Untracked 
|  38|0x0000000082600000, 0x0000000082700000, 0x0000000082700000|100%| O|  |TAMS 0x0000000082700000, 0x0000000082700000| Untracked 
|  39|0x0000000082700000, 0x0000000082800000, 0x0000000082800000|100%| O|  |TAMS 0x0000000082800000, 0x0000000082800000| Untracked 
|  40|0x0000000082800000, 0x0000000082900000, 0x0000000082900000|100%| O|  |TAMS 0x0000000082900000, 0x0000000082900000| Untracked 
|  41|0x0000000082900000, 0x0000000082a00000, 0x0000000082a00000|100%| O|  |TAMS 0x0000000082a00000, 0x0000000082a00000| Untracked 
|  42|0x0000000082a00000, 0x0000000082b00000, 0x0000000082b00000|100%| O|  |TAMS 0x0000000082b00000, 0x0000000082b00000| Untracked 
|  43|0x0000000082b00000, 0x0000000082c00000, 0x0000000082c00000|100%| O|  |TAMS 0x0000000082c00000, 0x0000000082c00000| Untracked 
|  44|0x0000000082c00000, 0x0000000082d00000, 0x0000000082d00000|100%| O|  |TAMS 0x0000000082d00000, 0x0000000082d00000| Untracked 
|  45|0x0000000082d00000, 0x0000000082e00000, 0x0000000082e00000|100%| O|  |TAMS 0x0000000082e00000, 0x0000000082e00000| Untracked 
|  46|0x0000000082e00000, 0x0000000082f00000, 0x0000000082f00000|100%| O|  |TAMS 0x0000000082f00000, 0x0000000082f00000| Untracked 
|  47|0x0000000082f00000, 0x0000000083000000, 0x0000000083000000|100%| O|  |TAMS 0x0000000083000000, 0x0000000083000000| Untracked 
|  48|0x0000000083000000, 0x0000000083100000, 0x0000000083100000|100%| O|  |TAMS 0x0000000083100000, 0x0000000083100000| Untracked 
|  49|0x0000000083100000, 0x0000000083200000, 0x0000000083200000|100%| O|  |TAMS 0x0000000083200000, 0x0000000083200000| Untracked 
|  50|0x0000000083200000, 0x0000000083300000, 0x0000000083300000|100%| O|  |TAMS 0x0000000083300000, 0x0000000083300000| Untracked 
|  51|0x0000000083300000, 0x0000000083400000, 0x0000000083400000|100%| O|  |TAMS 0x0000000083400000, 0x0000000083400000| Untracked 
|  52|0x0000000083400000, 0x0000000083500000, 0x0000000083500000|100%| O|  |TAMS 0x0000000083500000, 0x0000000083500000| Untracked 
|  53|0x0000000083500000, 0x0000000083600000, 0x0000000083600000|100%| O|  |TAMS 0x0000000083600000, 0x0000000083600000| Untracked 
|  54|0x0000000083600000, 0x0000000083700000, 0x0000000083700000|100%| O|  |TAMS 0x0000000083700000, 0x0000000083700000| Untracked 
|  55|0x0000000083700000, 0x0000000083800000, 0x0000000083800000|100%| O|  |TAMS 0x0000000083800000, 0x0000000083800000| Untracked 
|  56|0x0000000083800000, 0x0000000083900000, 0x0000000083900000|100%| O|  |TAMS 0x0000000083900000, 0x0000000083900000| Untracked 
|  57|0x0000000083900000, 0x0000000083a00000, 0x0000000083a00000|100%| O|  |TAMS 0x0000000083a00000, 0x0000000083a00000| Untracked 
|  58|0x0000000083a00000, 0x0000000083b00000, 0x0000000083b00000|100%| O|  |TAMS 0x0000000083b00000, 0x0000000083b00000| Untracked 
|  59|0x0000000083b00000, 0x0000000083c00000, 0x0000000083c00000|100%| O|  |TAMS 0x0000000083c00000, 0x0000000083c00000| Untracked 
|  60|0x0000000083c00000, 0x0000000083d00000, 0x0000000083d00000|100%| O|  |TAMS 0x0000000083d00000, 0x0000000083d00000| Untracked 
|  61|0x0000000083d00000, 0x0000000083e00000, 0x0000000083e00000|100%| O|  |TAMS 0x0000000083e00000, 0x0000000083e00000| Untracked 
|  62|0x0000000083e00000, 0x0000000083f00000, 0x0000000083f00000|100%| O|  |TAMS 0x0000000083f00000, 0x0000000083f00000| Untracked 
|  63|0x0000000083f00000, 0x0000000084000000, 0x0000000084000000|100%| O|  |TAMS 0x0000000084000000, 0x0000000084000000| Untracked 
|  64|0x0000000084000000, 0x0000000084100000, 0x0000000084100000|100%| O|  |TAMS 0x0000000084100000, 0x0000000084100000| Untracked 
|  65|0x0000000084100000, 0x0000000084200000, 0x0000000084200000|100%| O|  |TAMS 0x0000000084200000, 0x0000000084200000| Untracked 
|  66|0x0000000084200000, 0x0000000084300000, 0x0000000084300000|100%| O|  |TAMS 0x0000000084300000, 0x0000000084300000| Untracked 
|  67|0x0000000084300000, 0x0000000084400000, 0x0000000084400000|100%| O|  |TAMS 0x0000000084400000, 0x0000000084400000| Untracked 
|  68|0x0000000084400000, 0x0000000084500000, 0x0000000084500000|100%| O|  |TAMS 0x0000000084500000, 0x0000000084500000| Untracked 
|  69|0x0000000084500000, 0x0000000084600000, 0x0000000084600000|100%| O|  |TAMS 0x0000000084600000, 0x0000000084600000| Untracked 
|  70|0x0000000084600000, 0x0000000084700000, 0x0000000084700000|100%| O|  |TAMS 0x0000000084700000, 0x0000000084700000| Untracked 
|  71|0x0000000084700000, 0x0000000084800000, 0x0000000084800000|100%| O|  |TAMS 0x0000000084800000, 0x0000000084800000| Untracked 
|  72|0x0000000084800000, 0x0000000084900000, 0x0000000084900000|100%| O|  |TAMS 0x0000000084900000, 0x0000000084900000| Untracked 
|  73|0x0000000084900000, 0x0000000084a00000, 0x0000000084a00000|100%| O|  |TAMS 0x0000000084a00000, 0x0000000084a00000| Untracked 
|  74|0x0000000084a00000, 0x0000000084b00000, 0x0000000084b00000|100%| O|  |TAMS 0x0000000084b00000, 0x0000000084b00000| Untracked 
|  75|0x0000000084b00000, 0x0000000084c00000, 0x0000000084c00000|100%| O|  |TAMS 0x0000000084c00000, 0x0000000084c00000| Untracked 
|  76|0x0000000084c00000, 0x0000000084d00000, 0x0000000084d00000|100%| O|  |TAMS 0x0000000084d00000, 0x0000000084d00000| Untracked 
|  77|0x0000000084d00000, 0x0000000084e00000, 0x0000000084e00000|100%| O|  |TAMS 0x0000000084e00000, 0x0000000084e00000| Untracked 
|  78|0x0000000084e00000, 0x0000000084f00000, 0x0000000084f00000|100%| O|  |TAMS 0x0000000084f00000, 0x0000000084f00000| Untracked 
|  79|0x0000000084f00000, 0x0000000085000000, 0x0000000085000000|100%| O|  |TAMS 0x0000000085000000, 0x0000000085000000| Untracked 
|  80|0x0000000085000000, 0x0000000085100000, 0x0000000085100000|100%| O|  |TAMS 0x0000000085100000, 0x0000000085100000| Untracked 
|  81|0x0000000085100000, 0x0000000085200000, 0x0000000085200000|100%| O|  |TAMS 0x0000000085200000, 0x0000000085200000| Untracked 
|  82|0x0000000085200000, 0x0000000085300000, 0x0000000085300000|100%| O|  |TAMS 0x0000000085300000, 0x0000000085300000| Untracked 
|  83|0x0000000085300000, 0x0000000085400000, 0x0000000085400000|100%| O|  |TAMS 0x0000000085400000, 0x0000000085400000| Untracked 
|  84|0x0000000085400000, 0x0000000085500000, 0x0000000085500000|100%| O|  |TAMS 0x0000000085500000, 0x0000000085500000| Untracked 
|  85|0x0000000085500000, 0x0000000085600000, 0x0000000085600000|100%| O|  |TAMS 0x0000000085600000, 0x0000000085600000| Untracked 
|  86|0x0000000085600000, 0x0000000085700000, 0x0000000085700000|100%| O|  |TAMS 0x0000000085700000, 0x0000000085700000| Untracked 
|  87|0x0000000085700000, 0x0000000085800000, 0x0000000085800000|100%| O|  |TAMS 0x0000000085800000, 0x0000000085800000| Untracked 
|  88|0x0000000085800000, 0x0000000085900000, 0x0000000085900000|100%| O|  |TAMS 0x0000000085900000, 0x0000000085900000| Untracked 
|  89|0x0000000085900000, 0x0000000085a00000, 0x0000000085a00000|100%| O|  |TAMS 0x0000000085a00000, 0x0000000085a00000| Untracked 
|  90|0x0000000085a00000, 0x0000000085b00000, 0x0000000085b00000|100%| O|  |TAMS 0x0000000085b00000, 0x0000000085b00000| Untracked 
|  91|0x0000000085b00000, 0x0000000085c00000, 0x0000000085c00000|100%| O|  |TAMS 0x0000000085c00000, 0x0000000085c00000| Untracked 
|  92|0x0000000085c00000, 0x0000000085d00000, 0x0000000085d00000|100%| O|  |TAMS 0x0000000085d00000, 0x0000000085d00000| Untracked 
|  93|0x0000000085d00000, 0x0000000085e00000, 0x0000000085e00000|100%| O|  |TAMS 0x0000000085e00000, 0x0000000085e00000| Untracked 
|  94|0x0000000085e00000, 0x0000000085f00000, 0x0000000085f00000|100%| O|  |TAMS 0x0000000085f00000, 0x0000000085f00000| Untracked 
|  95|0x0000000085f00000, 0x0000000086000000, 0x0000000086000000|100%| O|  |TAMS 0x0000000086000000, 0x0000000086000000| Untracked 
|  96|0x0000000086000000, 0x0000000086100000, 0x0000000086100000|100%| O|  |TAMS 0x0000000086100000, 0x0000000086100000| Untracked 
|  97|0x0000000086100000, 0x0000000086200000, 0x0000000086200000|100%| O|  |TAMS 0x0000000086200000, 0x0000000086200000| Untracked 
|  98|0x0000000086200000, 0x0000000086300000, 0x0000000086300000|100%| O|  |TAMS 0x0000000086300000, 0x0000000086300000| Untracked 
|  99|0x0000000086300000, 0x0000000086400000, 0x0000000086400000|100%| O|  |TAMS 0x0000000086400000, 0x0000000086400000| Untracked 
| 100|0x0000000086400000, 0x0000000086500000, 0x0000000086500000|100%| O|  |TAMS 0x0000000086500000, 0x0000000086500000| Untracked 
| 101|0x0000000086500000, 0x0000000086600000, 0x0000000086600000|100%| O|  |TAMS 0x0000000086600000, 0x0000000086600000| Untracked 
| 102|0x0000000086600000, 0x0000000086700000, 0x0000000086700000|100%| O|  |TAMS 0x0000000086700000, 0x0000000086700000| Untracked 
| 103|0x0000000086700000, 0x0000000086800000, 0x0000000086800000|100%| O|  |TAMS 0x0000000086800000, 0x0000000086800000| Untracked 
| 104|0x0000000086800000, 0x0000000086900000, 0x0000000086900000|100%| O|  |TAMS 0x0000000086900000, 0x0000000086900000| Untracked 
| 105|0x0000000086900000, 0x0000000086a00000, 0x0000000086a00000|100%| O|  |TAMS 0x0000000086a00000, 0x0000000086a00000| Untracked 
| 106|0x0000000086a00000, 0x0000000086b00000, 0x0000000086b00000|100%| O|  |TAMS 0x0000000086b00000, 0x0000000086b00000| Untracked 
| 107|0x0000000086b00000, 0x0000000086c00000, 0x0000000086c00000|100%| O|  |TAMS 0x0000000086c00000, 0x0000000086c00000| Untracked 
| 108|0x0000000086c00000, 0x0000000086d00000, 0x0000000086d00000|100%| O|  |TAMS 0x0000000086d00000, 0x0000000086d00000| Untracked 
| 109|0x0000000086d00000, 0x0000000086e00000, 0x0000000086e00000|100%| O|  |TAMS 0x0000000086e00000, 0x0000000086e00000| Untracked 
| 110|0x0000000086e00000, 0x0000000086f00000, 0x0000000086f00000|100%| O|  |TAMS 0x0000000086f00000, 0x0000000086f00000| Untracked 
| 111|0x0000000086f00000, 0x0000000087000000, 0x0000000087000000|100%| O|  |TAMS 0x0000000087000000, 0x0000000087000000| Untracked 
| 112|0x0000000087000000, 0x0000000087100000, 0x0000000087100000|100%| O|  |TAMS 0x0000000087100000, 0x0000000087100000| Untracked 
| 113|0x0000000087100000, 0x0000000087200000, 0x0000000087200000|100%| O|  |TAMS 0x0000000087200000, 0x0000000087200000| Untracked 
| 114|0x0000000087200000, 0x0000000087300000, 0x0000000087300000|100%| O|  |TAMS 0x0000000087300000, 0x0000000087300000| Untracked 
| 115|0x0000000087300000, 0x0000000087400000, 0x0000000087400000|100%| O|  |TAMS 0x0000000087400000, 0x0000000087400000| Untracked 
| 116|0x0000000087400000, 0x0000000087500000, 0x0000000087500000|100%| O|  |TAMS 0x0000000087500000, 0x0000000087500000| Untracked 
| 117|0x0000000087500000, 0x0000000087600000, 0x0000000087600000|100%| O|  |TAMS 0x0000000087600000, 0x0000000087600000| Untracked 
| 118|0x0000000087600000, 0x0000000087700000, 0x0000000087700000|100%| O|  |TAMS 0x0000000087700000, 0x0000000087700000| Untracked 
| 119|0x0000000087700000, 0x0000000087800000, 0x0000000087800000|100%| O|  |TAMS 0x0000000087800000, 0x0000000087800000| Untracked 
| 120|0x0000000087800000, 0x0000000087900000, 0x0000000087900000|100%| O|  |TAMS 0x0000000087900000, 0x0000000087900000| Untracked 
| 121|0x0000000087900000, 0x0000000087a00000, 0x0000000087a00000|100%| O|  |TAMS 0x0000000087a00000, 0x0000000087a00000| Untracked 
| 122|0x0000000087a00000, 0x0000000087b00000, 0x0000000087b00000|100%| O|  |TAMS 0x0000000087b00000, 0x0000000087b00000| Untracked 
| 123|0x0000000087b00000, 0x0000000087c00000, 0x0000000087c00000|100%| O|  |TAMS 0x0000000087c00000, 0x0000000087c00000| Untracked 
| 124|0x0000000087c00000, 0x0000000087d00000, 0x0000000087d00000|100%| O|  |TAMS 0x0000000087d00000, 0x0000000087d00000| Untracked 
| 125|0x0000000087d00000, 0x0000000087e00000, 0x0000000087e00000|100%| O|  |TAMS 0x0000000087e00000, 0x0000000087e00000| Untracked 
| 126|0x0000000087e00000, 0x0000000087f00000, 0x0000000087f00000|100%| O|  |TAMS 0x0000000087f00000, 0x0000000087f00000| Untracked 
| 127|0x0000000087f00000, 0x0000000088000000, 0x0000000088000000|100%| O|  |TAMS 0x0000000088000000, 0x0000000088000000| Untracked 
| 128|0x0000000088000000, 0x0000000088100000, 0x0000000088100000|100%| O|  |TAMS 0x0000000088100000, 0x0000000088100000| Untracked 
| 129|0x0000000088100000, 0x0000000088200000, 0x0000000088200000|100%| O|  |TAMS 0x0000000088200000, 0x0000000088200000| Untracked 
| 130|0x0000000088200000, 0x0000000088300000, 0x0000000088300000|100%| O|  |TAMS 0x0000000088300000, 0x0000000088300000| Untracked 
| 131|0x0000000088300000, 0x0000000088400000, 0x0000000088400000|100%| O|  |TAMS 0x0000000088400000, 0x0000000088400000| Untracked 
| 132|0x0000000088400000, 0x0000000088500000, 0x0000000088500000|100%| O|  |TAMS 0x0000000088500000, 0x0000000088500000| Untracked 
| 133|0x0000000088500000, 0x0000000088600000, 0x0000000088600000|100%| O|  |TAMS 0x0000000088600000, 0x0000000088600000| Untracked 
| 134|0x0000000088600000, 0x0000000088700000, 0x0000000088700000|100%| O|  |TAMS 0x0000000088700000, 0x0000000088700000| Untracked 
| 135|0x0000000088700000, 0x0000000088800000, 0x0000000088800000|100%| O|  |TAMS 0x0000000088800000, 0x0000000088800000| Untracked 
| 136|0x0000000088800000, 0x0000000088900000, 0x0000000088900000|100%| O|  |TAMS 0x0000000088900000, 0x0000000088900000| Untracked 
| 137|0x0000000088900000, 0x0000000088a00000, 0x0000000088a00000|100%| O|  |TAMS 0x0000000088a00000, 0x0000000088a00000| Untracked 
| 138|0x0000000088a00000, 0x0000000088b00000, 0x0000000088b00000|100%| O|  |TAMS 0x0000000088b00000, 0x0000000088b00000| Untracked 
| 139|0x0000000088b00000, 0x0000000088c00000, 0x0000000088c00000|100%| O|  |TAMS 0x0000000088ba0e00, 0x0000000088c00000| Untracked 
| 140|0x0000000088c00000, 0x0000000088d00000, 0x0000000088d00000|100%| O|  |TAMS 0x0000000088c00000, 0x0000000088d00000| Untracked 
| 141|0x0000000088d00000, 0x0000000088e00000, 0x0000000088e00000|100%| O|  |TAMS 0x0000000088d00000, 0x0000000088e00000| Untracked 
| 142|0x0000000088e00000, 0x0000000088f00000, 0x0000000088f00000|100%| O|  |TAMS 0x0000000088e00000, 0x0000000088f00000| Untracked 
| 143|0x0000000088f00000, 0x0000000089000000, 0x0000000089000000|100%| O|  |TAMS 0x0000000088f00000, 0x0000000089000000| Untracked 
| 144|0x0000000089000000, 0x0000000089100000, 0x0000000089100000|100%| O|  |TAMS 0x0000000089000000, 0x0000000089100000| Untracked 
| 145|0x0000000089100000, 0x0000000089200000, 0x0000000089200000|100%| O|  |TAMS 0x0000000089100000, 0x0000000089200000| Untracked 
| 146|0x0000000089200000, 0x0000000089300000, 0x0000000089300000|100%| O|  |TAMS 0x0000000089200000, 0x0000000089300000| Untracked 
| 147|0x0000000089300000, 0x0000000089400000, 0x0000000089400000|100%| O|  |TAMS 0x0000000089300000, 0x0000000089400000| Untracked 
| 148|0x0000000089400000, 0x0000000089500000, 0x0000000089500000|100%| O|  |TAMS 0x0000000089400000, 0x0000000089500000| Untracked 
| 149|0x0000000089500000, 0x0000000089600000, 0x0000000089600000|100%| O|  |TAMS 0x0000000089500000, 0x0000000089600000| Untracked 
| 150|0x0000000089600000, 0x0000000089700000, 0x0000000089700000|100%| O|  |TAMS 0x0000000089600000, 0x0000000089700000| Untracked 
| 151|0x0000000089700000, 0x0000000089800000, 0x0000000089800000|100%| O|  |TAMS 0x0000000089700000, 0x0000000089800000| Untracked 
| 152|0x0000000089800000, 0x0000000089900000, 0x0000000089900000|100%| O|  |TAMS 0x0000000089800000, 0x0000000089900000| Untracked 
| 153|0x0000000089900000, 0x0000000089a00000, 0x0000000089a00000|100%| O|  |TAMS 0x0000000089900000, 0x0000000089a00000| Untracked 
| 154|0x0000000089a00000, 0x0000000089b00000, 0x0000000089b00000|100%| O|  |TAMS 0x0000000089a00000, 0x0000000089b00000| Untracked 
| 155|0x0000000089b00000, 0x0000000089c00000, 0x0000000089c00000|100%| O|  |TAMS 0x0000000089b00000, 0x0000000089c00000| Untracked 
| 156|0x0000000089c00000, 0x0000000089d00000, 0x0000000089d00000|100%| O|  |TAMS 0x0000000089c00000, 0x0000000089d00000| Untracked 
| 157|0x0000000089d00000, 0x0000000089e00000, 0x0000000089e00000|100%| O|  |TAMS 0x0000000089d00000, 0x0000000089e00000| Untracked 
| 158|0x0000000089e00000, 0x0000000089f00000, 0x0000000089f00000|100%| O|  |TAMS 0x0000000089e00000, 0x0000000089f00000| Untracked 
| 159|0x0000000089f00000, 0x000000008a000000, 0x000000008a000000|100%| O|  |TAMS 0x0000000089f00000, 0x000000008a000000| Untracked 
| 160|0x000000008a000000, 0x000000008a100000, 0x000000008a100000|100%| O|  |TAMS 0x000000008a000000, 0x000000008a100000| Untracked 
| 161|0x000000008a100000, 0x000000008a200000, 0x000000008a200000|100%| O|  |TAMS 0x000000008a100000, 0x000000008a200000| Untracked 
| 162|0x000000008a200000, 0x000000008a300000, 0x000000008a300000|100%| O|  |TAMS 0x000000008a200000, 0x000000008a300000| Untracked 
| 163|0x000000008a300000, 0x000000008a3cbe00, 0x000000008a400000| 79%| O|  |TAMS 0x000000008a300000, 0x000000008a3cbe00| Untracked 
| 164|0x000000008a400000, 0x000000008a400000, 0x000000008a500000|  0%| F|  |TAMS 0x000000008a400000, 0x000000008a400000| Untracked 
| 165|0x000000008a500000, 0x000000008a500000, 0x000000008a600000|  0%| F|  |TAMS 0x000000008a500000, 0x000000008a500000| Untracked 
| 166|0x000000008a600000, 0x000000008a600000, 0x000000008a700000|  0%| F|  |TAMS 0x000000008a600000, 0x000000008a600000| Untracked 
| 167|0x000000008a700000, 0x000000008a700000, 0x000000008a800000|  0%| F|  |TAMS 0x000000008a700000, 0x000000008a700000| Untracked 
| 168|0x000000008a800000, 0x000000008a800000, 0x000000008a900000|  0%| F|  |TAMS 0x000000008a800000, 0x000000008a800000| Untracked 
| 169|0x000000008a900000, 0x000000008a900000, 0x000000008aa00000|  0%| F|  |TAMS 0x000000008a900000, 0x000000008a900000| Untracked 
| 170|0x000000008aa00000, 0x000000008aa00000, 0x000000008ab00000|  0%| F|  |TAMS 0x000000008aa00000, 0x000000008aa00000| Untracked 
| 171|0x000000008ab00000, 0x000000008ab00000, 0x000000008ac00000|  0%| F|  |TAMS 0x000000008ab00000, 0x000000008ab00000| Untracked 
| 172|0x000000008ac00000, 0x000000008ac00000, 0x000000008ad00000|  0%| F|  |TAMS 0x000000008ac00000, 0x000000008ac00000| Untracked 
| 173|0x000000008ad00000, 0x000000008ad00000, 0x000000008ae00000|  0%| F|  |TAMS 0x000000008ad00000, 0x000000008ad00000| Untracked 
| 174|0x000000008ae00000, 0x000000008ae00000, 0x000000008af00000|  0%| F|  |TAMS 0x000000008ae00000, 0x000000008ae00000| Untracked 
| 175|0x000000008af00000, 0x000000008af00000, 0x000000008b000000|  0%| F|  |TAMS 0x000000008af00000, 0x000000008af00000| Untracked 
| 176|0x000000008b000000, 0x000000008b000000, 0x000000008b100000|  0%| F|  |TAMS 0x000000008b000000, 0x000000008b000000| Untracked 
| 177|0x000000008b100000, 0x000000008b100000, 0x000000008b200000|  0%| F|  |TAMS 0x000000008b100000, 0x000000008b100000| Untracked 
| 178|0x000000008b200000, 0x000000008b200000, 0x000000008b300000|  0%| F|  |TAMS 0x000000008b200000, 0x000000008b200000| Untracked 
| 179|0x000000008b300000, 0x000000008b300000, 0x000000008b400000|  0%| F|  |TAMS 0x000000008b300000, 0x000000008b300000| Untracked 
| 180|0x000000008b400000, 0x000000008b400000, 0x000000008b500000|  0%| F|  |TAMS 0x000000008b400000, 0x000000008b400000| Untracked 
| 181|0x000000008b500000, 0x000000008b500000, 0x000000008b600000|  0%| F|  |TAMS 0x000000008b500000, 0x000000008b500000| Untracked 
| 182|0x000000008b600000, 0x000000008b600000, 0x000000008b700000|  0%| F|  |TAMS 0x000000008b600000, 0x000000008b600000| Untracked 
| 183|0x000000008b700000, 0x000000008b700000, 0x000000008b800000|  0%| F|  |TAMS 0x000000008b700000, 0x000000008b700000| Untracked 
| 184|0x000000008b800000, 0x000000008b800000, 0x000000008b900000|  0%| F|  |TAMS 0x000000008b800000, 0x000000008b800000| Untracked 
| 185|0x000000008b900000, 0x000000008b900000, 0x000000008ba00000|  0%| F|  |TAMS 0x000000008b900000, 0x000000008b900000| Untracked 
| 186|0x000000008ba00000, 0x000000008ba00000, 0x000000008bb00000|  0%| F|  |TAMS 0x000000008ba00000, 0x000000008ba00000| Untracked 
| 187|0x000000008bb00000, 0x000000008bb00000, 0x000000008bc00000|  0%| F|  |TAMS 0x000000008bb00000, 0x000000008bb00000| Untracked 
| 188|0x000000008bc00000, 0x000000008bc00000, 0x000000008bd00000|  0%| F|  |TAMS 0x000000008bc00000, 0x000000008bc00000| Untracked 
| 189|0x000000008bd00000, 0x000000008bd00000, 0x000000008be00000|  0%| F|  |TAMS 0x000000008bd00000, 0x000000008bd00000| Untracked 
| 190|0x000000008be00000, 0x000000008be00000, 0x000000008bf00000|  0%| F|  |TAMS 0x000000008be00000, 0x000000008be00000| Untracked 
| 191|0x000000008bf00000, 0x000000008bf00000, 0x000000008c000000|  0%| F|  |TAMS 0x000000008bf00000, 0x000000008bf00000| Untracked 
| 192|0x000000008c000000, 0x000000008c000000, 0x000000008c100000|  0%| F|  |TAMS 0x000000008c000000, 0x000000008c000000| Untracked 
| 193|0x000000008c100000, 0x000000008c100000, 0x000000008c200000|  0%| F|  |TAMS 0x000000008c100000, 0x000000008c100000| Untracked 
| 194|0x000000008c200000, 0x000000008c200000, 0x000000008c300000|  0%| F|  |TAMS 0x000000008c200000, 0x000000008c200000| Untracked 
| 195|0x000000008c300000, 0x000000008c300000, 0x000000008c400000|  0%| F|  |TAMS 0x000000008c300000, 0x000000008c300000| Untracked 
| 196|0x000000008c400000, 0x000000008c400000, 0x000000008c500000|  0%| F|  |TAMS 0x000000008c400000, 0x000000008c400000| Untracked 
| 197|0x000000008c500000, 0x000000008c500000, 0x000000008c600000|  0%| F|  |TAMS 0x000000008c500000, 0x000000008c500000| Untracked 
| 198|0x000000008c600000, 0x000000008c600000, 0x000000008c700000|  0%| F|  |TAMS 0x000000008c600000, 0x000000008c600000| Untracked 
| 199|0x000000008c700000, 0x000000008c700000, 0x000000008c800000|  0%| F|  |TAMS 0x000000008c700000, 0x000000008c700000| Untracked 
| 200|0x000000008c800000, 0x000000008c800000, 0x000000008c900000|  0%| F|  |TAMS 0x000000008c800000, 0x000000008c800000| Untracked 
| 201|0x000000008c900000, 0x000000008c900000, 0x000000008ca00000|  0%| F|  |TAMS 0x000000008c900000, 0x000000008c900000| Untracked 
| 202|0x000000008ca00000, 0x000000008ca00000, 0x000000008cb00000|  0%| F|  |TAMS 0x000000008ca00000, 0x000000008ca00000| Untracked 
| 203|0x000000008cb00000, 0x000000008cb00000, 0x000000008cc00000|  0%| F|  |TAMS 0x000000008cb00000, 0x000000008cb00000| Untracked 
| 204|0x000000008cc00000, 0x000000008cc00000, 0x000000008cd00000|  0%| F|  |TAMS 0x000000008cc00000, 0x000000008cc00000| Untracked 
| 205|0x000000008cd00000, 0x000000008cd00000, 0x000000008ce00000|  0%| F|  |TAMS 0x000000008cd00000, 0x000000008cd00000| Untracked 
| 206|0x000000008ce00000, 0x000000008ce00000, 0x000000008cf00000|  0%| F|  |TAMS 0x000000008ce00000, 0x000000008ce00000| Untracked 
| 207|0x000000008cf00000, 0x000000008cf00000, 0x000000008d000000|  0%| F|  |TAMS 0x000000008cf00000, 0x000000008cf00000| Untracked 
| 208|0x000000008d000000, 0x000000008d000000, 0x000000008d100000|  0%| F|  |TAMS 0x000000008d000000, 0x000000008d000000| Untracked 
| 209|0x000000008d100000, 0x000000008d100000, 0x000000008d200000|  0%| F|  |TAMS 0x000000008d100000, 0x000000008d100000| Untracked 
| 210|0x000000008d200000, 0x000000008d200000, 0x000000008d300000|  0%| F|  |TAMS 0x000000008d200000, 0x000000008d200000| Untracked 
| 211|0x000000008d300000, 0x000000008d300000, 0x000000008d400000|  0%| F|  |TAMS 0x000000008d300000, 0x000000008d300000| Untracked 
| 212|0x000000008d400000, 0x000000008d400000, 0x000000008d500000|  0%| F|  |TAMS 0x000000008d400000, 0x000000008d400000| Untracked 
| 213|0x000000008d500000, 0x000000008d500000, 0x000000008d600000|  0%| F|  |TAMS 0x000000008d500000, 0x000000008d500000| Untracked 
| 214|0x000000008d600000, 0x000000008d600000, 0x000000008d700000|  0%| F|  |TAMS 0x000000008d600000, 0x000000008d600000| Untracked 
| 215|0x000000008d700000, 0x000000008d77bb40, 0x000000008d800000| 48%| S|CS|TAMS 0x000000008d700000, 0x000000008d700000| Complete 
| 216|0x000000008d800000, 0x000000008d800000, 0x000000008d900000|  0%| F|  |TAMS 0x000000008d800000, 0x000000008d800000| Untracked 
| 217|0x000000008d900000, 0x000000008d900000, 0x000000008da00000|  0%| F|  |TAMS 0x000000008d900000, 0x000000008d900000| Untracked 
| 218|0x000000008da00000, 0x000000008da00000, 0x000000008db00000|  0%| F|  |TAMS 0x000000008da00000, 0x000000008da00000| Untracked 
| 219|0x000000008db00000, 0x000000008db00000, 0x000000008dc00000|  0%| F|  |TAMS 0x000000008db00000, 0x000000008db00000| Untracked 
| 220|0x000000008dc00000, 0x000000008dc00000, 0x000000008dd00000|  0%| F|  |TAMS 0x000000008dc00000, 0x000000008dc00000| Untracked 
| 221|0x000000008dd00000, 0x000000008dd00000, 0x000000008de00000|  0%| F|  |TAMS 0x000000008dd00000, 0x000000008dd00000| Untracked 
| 222|0x000000008de00000, 0x000000008de00000, 0x000000008df00000|  0%| F|  |TAMS 0x000000008de00000, 0x000000008de00000| Untracked 
| 223|0x000000008df00000, 0x000000008e000000, 0x000000008e000000|100%| S|CS|TAMS 0x000000008df00000, 0x000000008df00000| Complete 
| 224|0x000000008e000000, 0x000000008e000000, 0x000000008e100000|  0%| F|  |TAMS 0x000000008e000000, 0x000000008e000000| Untracked 
| 225|0x000000008e100000, 0x000000008e100000, 0x000000008e200000|  0%| F|  |TAMS 0x000000008e100000, 0x000000008e100000| Untracked 
| 226|0x000000008e200000, 0x000000008e200000, 0x000000008e300000|  0%| F|  |TAMS 0x000000008e200000, 0x000000008e200000| Untracked 
| 227|0x000000008e300000, 0x000000008e300000, 0x000000008e400000|  0%| F|  |TAMS 0x000000008e300000, 0x000000008e300000| Untracked 
| 228|0x000000008e400000, 0x000000008e400000, 0x000000008e500000|  0%| F|  |TAMS 0x000000008e400000, 0x000000008e400000| Untracked 
| 229|0x000000008e500000, 0x000000008e500000, 0x000000008e600000|  0%| F|  |TAMS 0x000000008e500000, 0x000000008e500000| Untracked 
| 230|0x000000008e600000, 0x000000008e600000, 0x000000008e700000|  0%| F|  |TAMS 0x000000008e600000, 0x000000008e600000| Untracked 
| 231|0x000000008e700000, 0x000000008e700000, 0x000000008e800000|  0%| F|  |TAMS 0x000000008e700000, 0x000000008e700000| Untracked 
| 232|0x000000008e800000, 0x000000008e800000, 0x000000008e900000|  0%| F|  |TAMS 0x000000008e800000, 0x000000008e800000| Untracked 
| 233|0x000000008e900000, 0x000000008e900000, 0x000000008ea00000|  0%| F|  |TAMS 0x000000008e900000, 0x000000008e900000| Untracked 
| 234|0x000000008ea00000, 0x000000008ea00000, 0x000000008eb00000|  0%| F|  |TAMS 0x000000008ea00000, 0x000000008ea00000| Untracked 
| 235|0x000000008eb00000, 0x000000008eb00000, 0x000000008ec00000|  0%| F|  |TAMS 0x000000008eb00000, 0x000000008eb00000| Untracked 
| 236|0x000000008ec00000, 0x000000008ec00000, 0x000000008ed00000|  0%| F|  |TAMS 0x000000008ec00000, 0x000000008ec00000| Untracked 
| 237|0x000000008ed00000, 0x000000008ed00000, 0x000000008ee00000|  0%| F|  |TAMS 0x000000008ed00000, 0x000000008ed00000| Untracked 
| 238|0x000000008ee00000, 0x000000008ee00000, 0x000000008ef00000|  0%| F|  |TAMS 0x000000008ee00000, 0x000000008ee00000| Untracked 
| 239|0x000000008ef00000, 0x000000008ef00000, 0x000000008f000000|  0%| F|  |TAMS 0x000000008ef00000, 0x000000008ef00000| Untracked 
| 240|0x000000008f000000, 0x000000008f000000, 0x000000008f100000|  0%| F|  |TAMS 0x000000008f000000, 0x000000008f000000| Untracked 
| 241|0x000000008f100000, 0x000000008f100000, 0x000000008f200000|  0%| F|  |TAMS 0x000000008f100000, 0x000000008f100000| Untracked 
| 242|0x000000008f200000, 0x000000008f200000, 0x000000008f300000|  0%| F|  |TAMS 0x000000008f200000, 0x000000008f200000| Untracked 
| 243|0x000000008f300000, 0x000000008f300000, 0x000000008f400000|  0%| F|  |TAMS 0x000000008f300000, 0x000000008f300000| Untracked 
| 244|0x000000008f400000, 0x000000008f400000, 0x000000008f500000|  0%| F|  |TAMS 0x000000008f400000, 0x000000008f400000| Untracked 
| 245|0x000000008f500000, 0x000000008f500000, 0x000000008f600000|  0%| F|  |TAMS 0x000000008f500000, 0x000000008f500000| Untracked 
| 246|0x000000008f600000, 0x000000008f600000, 0x000000008f700000|  0%| F|  |TAMS 0x000000008f600000, 0x000000008f600000| Untracked 
| 247|0x000000008f700000, 0x000000008f700000, 0x000000008f800000|  0%| F|  |TAMS 0x000000008f700000, 0x000000008f700000| Untracked 
| 248|0x000000008f800000, 0x000000008f800000, 0x000000008f900000|  0%| F|  |TAMS 0x000000008f800000, 0x000000008f800000| Untracked 
| 249|0x000000008f900000, 0x000000008f900000, 0x000000008fa00000|  0%| F|  |TAMS 0x000000008f900000, 0x000000008f900000| Untracked 
| 250|0x000000008fa00000, 0x000000008fa00000, 0x000000008fb00000|  0%| F|  |TAMS 0x000000008fa00000, 0x000000008fa00000| Untracked 
| 251|0x000000008fb00000, 0x000000008fb00000, 0x000000008fc00000|  0%| F|  |TAMS 0x000000008fb00000, 0x000000008fb00000| Untracked 
| 252|0x000000008fc00000, 0x000000008fc00000, 0x000000008fd00000|  0%| F|  |TAMS 0x000000008fc00000, 0x000000008fc00000| Untracked 
| 253|0x000000008fd00000, 0x000000008fd00000, 0x000000008fe00000|  0%| F|  |TAMS 0x000000008fd00000, 0x000000008fd00000| Untracked 
| 254|0x000000008fe00000, 0x000000008fe00000, 0x000000008ff00000|  0%| F|  |TAMS 0x000000008fe00000, 0x000000008fe00000| Untracked 
| 255|0x000000008ff00000, 0x000000008ff00000, 0x0000000090000000|  0%| F|  |TAMS 0x000000008ff00000, 0x000000008ff00000| Untracked 
| 256|0x0000000090000000, 0x0000000090000000, 0x0000000090100000|  0%| F|  |TAMS 0x0000000090000000, 0x0000000090000000| Untracked 
| 257|0x0000000090100000, 0x0000000090100000, 0x0000000090200000|  0%| F|  |TAMS 0x0000000090100000, 0x0000000090100000| Untracked 
| 258|0x0000000090200000, 0x0000000090200000, 0x0000000090300000|  0%| F|  |TAMS 0x0000000090200000, 0x0000000090200000| Untracked 
| 259|0x0000000090300000, 0x0000000090300000, 0x0000000090400000|  0%| F|  |TAMS 0x0000000090300000, 0x0000000090300000| Untracked 
| 260|0x0000000090400000, 0x0000000090400000, 0x0000000090500000|  0%| F|  |TAMS 0x0000000090400000, 0x0000000090400000| Untracked 
| 261|0x0000000090500000, 0x0000000090500000, 0x0000000090600000|  0%| F|  |TAMS 0x0000000090500000, 0x0000000090500000| Untracked 
| 262|0x0000000090600000, 0x0000000090600000, 0x0000000090700000|  0%| F|  |TAMS 0x0000000090600000, 0x0000000090600000| Untracked 
| 263|0x0000000090700000, 0x0000000090700000, 0x0000000090800000|  0%| F|  |TAMS 0x0000000090700000, 0x0000000090700000| Untracked 
| 264|0x0000000090800000, 0x0000000090800000, 0x0000000090900000|  0%| F|  |TAMS 0x0000000090800000, 0x0000000090800000| Untracked 
| 265|0x0000000090900000, 0x0000000090900000, 0x0000000090a00000|  0%| F|  |TAMS 0x0000000090900000, 0x0000000090900000| Untracked 
| 266|0x0000000090a00000, 0x0000000090a00000, 0x0000000090b00000|  0%| F|  |TAMS 0x0000000090a00000, 0x0000000090a00000| Untracked 
| 267|0x0000000090b00000, 0x0000000090b00000, 0x0000000090c00000|  0%| F|  |TAMS 0x0000000090b00000, 0x0000000090b00000| Untracked 
| 268|0x0000000090c00000, 0x0000000090c00000, 0x0000000090d00000|  0%| F|  |TAMS 0x0000000090c00000, 0x0000000090c00000| Untracked 
| 269|0x0000000090d00000, 0x0000000090d00000, 0x0000000090e00000|  0%| F|  |TAMS 0x0000000090d00000, 0x0000000090d00000| Untracked 
| 270|0x0000000090e00000, 0x0000000090e00000, 0x0000000090f00000|  0%| F|  |TAMS 0x0000000090e00000, 0x0000000090e00000| Untracked 
| 271|0x0000000090f00000, 0x0000000090f00000, 0x0000000091000000|  0%| F|  |TAMS 0x0000000090f00000, 0x0000000090f00000| Untracked 
| 272|0x0000000091000000, 0x0000000091000000, 0x0000000091100000|  0%| F|  |TAMS 0x0000000091000000, 0x0000000091000000| Untracked 
| 273|0x0000000091100000, 0x0000000091100000, 0x0000000091200000|  0%| F|  |TAMS 0x0000000091100000, 0x0000000091100000| Untracked 
| 274|0x0000000091200000, 0x0000000091200000, 0x0000000091300000|  0%| F|  |TAMS 0x0000000091200000, 0x0000000091200000| Untracked 
| 275|0x0000000091300000, 0x0000000091300000, 0x0000000091400000|  0%| F|  |TAMS 0x0000000091300000, 0x0000000091300000| Untracked 

Card table byte_map: [0x0000020f5b070000,0x0000020f5b470000] _byte_map_base: 0x0000020f5ac70000

Marking Bits (Prev, Next): (CMBitMap*) 0x0000020f47e62658, (CMBitMap*) 0x0000020f47e62690
 Prev Bits: [0x0000020f5b870000, 0x0000020f5d870000)
 Next Bits: [0x0000020f5d870000, 0x0000020f5f870000)

Polling page: 0x0000020f475f0000

Metaspace:

Usage:
  Non-class:     88.82 MB capacity,    86.97 MB ( 98%) used,     1.48 MB (  2%) free+waste,   386.94 KB ( <1%) overhead. 
      Class:     14.69 MB capacity,    13.35 MB ( 91%) used,     1.16 MB (  8%) free+waste,   190.50 KB (  1%) overhead. 
       Both:    103.52 MB capacity,   100.31 MB ( 97%) used,     2.64 MB (  3%) free+waste,   577.44 KB ( <1%) overhead. 

Virtual space:
  Non-class space:       90.00 MB reserved,      88.88 MB ( 99%) committed 
      Class space:        1.00 GB reserved,      14.77 MB (  1%) committed 
             Both:        1.09 GB reserved,     103.65 MB (  9%) committed 

Chunk freelists:
   Non-Class:  0 bytes
       Class:  26.00 KB
        Both:  26.00 KB

MaxMetaspaceSize: 17179869184.00 GB
CompressedClassSpaceSize: 1.00 GB
Initial GC threshold: 20.80 MB
Current GC threshold: 167.13 MB
CDS: off

CodeHeap 'non-profiled nmethods': size=120000Kb used=6761Kb max_used=6761Kb free=113238Kb
 bounds [0x0000020f53410000, 0x0000020f53ab0000, 0x0000020f5a940000]
CodeHeap 'profiled nmethods': size=120000Kb used=24956Kb max_used=24956Kb free=95043Kb
 bounds [0x0000020f4bee0000, 0x0000020f4d740000, 0x0000020f53410000]
CodeHeap 'non-nmethods': size=5760Kb used=2407Kb max_used=2448Kb free=3352Kb
 bounds [0x0000020f4b940000, 0x0000020f4bbb0000, 0x0000020f4bee0000]
 total_blobs=13748 nmethods=12811 adapters=848
 compilation: enabled
              stopped_count=0, restarted_count=0
 full_count=0

Compilation events (20 events):
Event: 27.482 Thread 0x0000020f63d3a800 nmethod 13122 0x0000020f53aa9f90 code [0x0000020f53aaa120, 0x0000020f53aaa1b8]
Event: 27.482 Thread 0x0000020f622b8000 nmethod 13140 0x0000020f4d73c790 code [0x0000020f4d73c9a0, 0x0000020f4d73cdd8]
Event: 27.482 Thread 0x0000020f63d3a800 13010       4       com.android.tools.r8.internal.R5::a (2 bytes)
Event: 27.482 Thread 0x0000020f622b8000 13141       2       com.android.tools.r8.internal.G50::D (10 bytes)
Event: 27.482 Thread 0x0000020f622b8000 nmethod 13141 0x0000020f4d73d190 code [0x0000020f4d73d340, 0x0000020f4d73d458]
Event: 27.482 Thread 0x0000020f622b8000 13144 %     3       java.lang.StringUTF16::toBytes @ 8 (34 bytes)
Event: 27.482 Thread 0x0000020f63d3a800 nmethod 13010 0x0000020f53aaa290 code [0x0000020f53aaa420, 0x0000020f53aaa478]
Event: 27.482 Thread 0x0000020f63d3a800 13143       4       java.util.ArrayList::<init> (63 bytes)
Event: 27.483 Thread 0x0000020f622b8000 nmethod 13144% 0x0000020f4d73d510 code [0x0000020f4d73d6e0, 0x0000020f4d73d968]
Event: 27.483 Thread 0x0000020f622b8000 13139       2       com.android.tools.r8.internal.cs::a (17 bytes)
Event: 27.483 Thread 0x0000020f622b8000 nmethod 13139 0x0000020f4d73db10 code [0x0000020f4d73dcc0, 0x0000020f4d73de28]
Event: 27.483 Thread 0x0000020f622b8000 13146       2       com.android.tools.r8.internal.fe::W0 (2 bytes)
Event: 27.484 Thread 0x0000020f622b8000 nmethod 13146 0x0000020f4d73df10 code [0x0000020f4d73e0c0, 0x0000020f4d73e1b8]
Event: 27.484 Thread 0x0000020f622b8000 13145       2       com.android.tools.r8.internal.Ro::b (19 bytes)
Event: 27.484 Thread 0x0000020f622b8000 nmethod 13145 0x0000020f4d73e290 code [0x0000020f4d73e460, 0x0000020f4d73e5b8]
Event: 27.484 Thread 0x0000020f622b8000 13124       2       com.android.tools.r8.graph.U$b::hashCode (11 bytes)
Event: 27.484 Thread 0x0000020f622b8000 nmethod 13124 0x0000020f4d73e690 code [0x0000020f4d73e840, 0x0000020f4d73e938]
Event: 27.484 Thread 0x0000020f622b8000 13113   !   2       com.android.tools.r8.graph.v0::c (36 bytes)
Event: 27.485 Thread 0x0000020f622b8000 nmethod 13113 0x0000020f4d73ea10 code [0x0000020f4d73ebe0, 0x0000020f4d73ef88]
Event: 27.485 Thread 0x0000020f622b8000 13149       2       com.android.tools.r8.internal.rT::hashCode (21 bytes)

GC Heap History (20 events):
Event: 23.957 GC heap after
{Heap after GC invocations=55 (full 0):
 garbage-first heap   total 176128K, used 100025K [0x0000000080000000, 0x0000000100000000)
  region size 1024K, 7 young (7168K), 7 survivors (7168K)
 Metaspace       used 91523K, capacity 94177K, committed 94364K, reserved 1130496K
  class space    used 11972K, capacity 13016K, committed 13080K, reserved 1048576K
}
Event: 24.446 GC heap before
{Heap before GC invocations=56 (full 0):
 garbage-first heap   total 176128K, used 138937K [0x0000000080000000, 0x0000000100000000)
  region size 1024K, 45 young (46080K), 7 survivors (7168K)
 Metaspace       used 93986K, capacity 96790K, committed 97052K, reserved 1132544K
  class space    used 12299K, capacity 13392K, committed 13464K, reserved 1048576K
}
Event: 24.460 GC heap after
{Heap after GC invocations=57 (full 0):
 garbage-first heap   total 176128K, used 102960K [0x0000000080000000, 0x0000000100000000)
  region size 1024K, 6 young (6144K), 6 survivors (6144K)
 Metaspace       used 93986K, capacity 96790K, committed 97052K, reserved 1132544K
  class space    used 12299K, capacity 13392K, committed 13464K, reserved 1048576K
}
Event: 24.628 GC heap before
{Heap before GC invocations=57 (full 0):
 garbage-first heap   total 176128K, used 139824K [0x0000000080000000, 0x0000000100000000)
  region size 1024K, 42 young (43008K), 6 survivors (6144K)
 Metaspace       used 94599K, capacity 97483K, committed 97692K, reserved 1134592K
  class space    used 12400K, capacity 13516K, committed 13592K, reserved 1048576K
}
Event: 24.661 GC heap after
{Heap after GC invocations=58 (full 0):
 garbage-first heap   total 211968K, used 110526K [0x0000000080000000, 0x0000000100000000)
  region size 1024K, 6 young (6144K), 6 survivors (6144K)
 Metaspace       used 94599K, capacity 97483K, committed 97692K, reserved 1134592K
  class space    used 12400K, capacity 13516K, committed 13592K, reserved 1048576K
}
Event: 25.098 GC heap before
{Heap before GC invocations=59 (full 0):
 garbage-first heap   total 211968K, used 157630K [0x0000000080000000, 0x0000000100000000)
  region size 1024K, 52 young (53248K), 6 survivors (6144K)
 Metaspace       used 96082K, capacity 98917K, committed 99228K, reserved 1134592K
  class space    used 12613K, capacity 13708K, committed 13848K, reserved 1048576K
}
Event: 25.121 GC heap after
{Heap after GC invocations=60 (full 0):
 garbage-first heap   total 211968K, used 119570K [0x0000000080000000, 0x0000000100000000)
  region size 1024K, 7 young (7168K), 7 survivors (7168K)
 Metaspace       used 96082K, capacity 98917K, committed 99228K, reserved 1134592K
  class space    used 12613K, capacity 13708K, committed 13848K, reserved 1048576K
}
Event: 25.231 GC heap before
{Heap before GC invocations=60 (full 0):
 garbage-first heap   total 211968K, used 162578K [0x0000000080000000, 0x0000000100000000)
  region size 1024K, 50 young (51200K), 7 survivors (7168K)
 Metaspace       used 96585K, capacity 99429K, committed 99740K, reserved 1134592K
  class space    used 12665K, capacity 13772K, committed 13848K, reserved 1048576K
}
Event: 25.259 GC heap after
{Heap after GC invocations=61 (full 0):
 garbage-first heap   total 211968K, used 128000K [0x0000000080000000, 0x0000000100000000)
  region size 1024K, 7 young (7168K), 7 survivors (7168K)
 Metaspace       used 96585K, capacity 99429K, committed 99740K, reserved 1134592K
  class space    used 12665K, capacity 13772K, committed 13848K, reserved 1048576K
}
Event: 25.389 GC heap before
{Heap before GC invocations=61 (full 0):
 garbage-first heap   total 211968K, used 167936K [0x0000000080000000, 0x0000000100000000)
  region size 1024K, 47 young (48128K), 7 survivors (7168K)
 Metaspace       used 97240K, capacity 100140K, committed 100380K, reserved 1136640K
  class space    used 12747K, capacity 13895K, committed 13976K, reserved 1048576K
}
Event: 25.405 GC heap after
{Heap after GC invocations=62 (full 0):
 garbage-first heap   total 211968K, used 135545K [0x0000000080000000, 0x0000000100000000)
  region size 1024K, 6 young (6144K), 6 survivors (6144K)
 Metaspace       used 97240K, capacity 100140K, committed 100380K, reserved 1136640K
  class space    used 12747K, capacity 13895K, committed 13976K, reserved 1048576K
}
Event: 25.647 GC heap before
{Heap before GC invocations=63 (full 0):
 garbage-first heap   total 211968K, used 171385K [0x0000000080000000, 0x0000000100000000)
  region size 1024K, 42 young (43008K), 6 survivors (6144K)
 Metaspace       used 98153K, capacity 101209K, committed 101532K, reserved 1136640K
  class space    used 12959K, capacity 14248K, committed 14360K, reserved 1048576K
}
Event: 25.669 GC heap after
{Heap after GC invocations=64 (full 0):
 garbage-first heap   total 282624K, used 142534K [0x0000000080000000, 0x0000000100000000)
  region size 1024K, 6 young (6144K), 6 survivors (6144K)
 Metaspace       used 98153K, capacity 101209K, committed 101532K, reserved 1136640K
  class space    used 12959K, capacity 14248K, committed 14360K, reserved 1048576K
}
Event: 25.858 GC heap before
{Heap before GC invocations=64 (full 0):
 garbage-first heap   total 282624K, used 198854K [0x0000000080000000, 0x0000000100000000)
  region size 1024K, 61 young (62464K), 6 survivors (6144K)
 Metaspace       used 99015K, capacity 102070K, committed 102172K, reserved 1136640K
  class space    used 13108K, capacity 14406K, committed 14488K, reserved 1048576K
}
Event: 25.886 GC heap after
{Heap after GC invocations=65 (full 0):
 garbage-first heap   total 282624K, used 151171K [0x0000000080000000, 0x0000000100000000)
  region size 1024K, 8 young (8192K), 8 survivors (8192K)
 Metaspace       used 99015K, capacity 102070K, committed 102172K, reserved 1136640K
  class space    used 13108K, capacity 14406K, committed 14488K, reserved 1048576K
}
Event: 26.271 GC heap before
{Heap before GC invocations=65 (full 0):
 garbage-first heap   total 282624K, used 207491K [0x0000000080000000, 0x0000000100000000)
  region size 1024K, 63 young (64512K), 8 survivors (8192K)
 Metaspace       used 99226K, capacity 102209K, committed 102684K, reserved 1138688K
  class space    used 13118K, capacity 14378K, committed 14488K, reserved 1048576K
}
Event: 26.300 GC heap after
{Heap after GC invocations=66 (full 0):
 garbage-first heap   total 282624K, used 160659K [0x0000000080000000, 0x0000000100000000)
  region size 1024K, 8 young (8192K), 8 survivors (8192K)
 Metaspace       used 99226K, capacity 102209K, committed 102684K, reserved 1138688K
  class space    used 13118K, capacity 14378K, committed 14488K, reserved 1048576K
}
Event: 26.841 GC heap before
{Heap before GC invocations=67 (full 0):
 garbage-first heap   total 282624K, used 214931K [0x0000000080000000, 0x0000000100000000)
  region size 1024K, 61 young (62464K), 8 survivors (8192K)
 Metaspace       used 101742K, capacity 104995K, committed 105244K, reserved 1140736K
  class space    used 13568K, capacity 14913K, committed 15000K, reserved 1048576K
}
Event: 26.871 GC heap after
{Heap after GC invocations=68 (full 0):
 garbage-first heap   total 282624K, used 168122K [0x0000000080000000, 0x0000000100000000)
  region size 1024K, 7 young (7168K), 7 survivors (7168K)
 Metaspace       used 101742K, capacity 104995K, committed 105244K, reserved 1140736K
  class space    used 13568K, capacity 14913K, committed 15000K, reserved 1048576K
}
Event: 27.489 GC heap before
{Heap before GC invocations=68 (full 0):
 garbage-first heap   total 282624K, used 221370K [0x0000000080000000, 0x0000000100000000)
  region size 1024K, 59 young (60416K), 7 survivors (7168K)
 Metaspace       used 102719K, capacity 106002K, committed 106140K, reserved 1140736K
  class space    used 13665K, capacity 15046K, committed 15128K, reserved 1048576K
}

Deoptimization events (20 events):
Event: 27.363 Thread 0x0000020f67594800 DEOPT PACKING pc=0x0000020f53a913b0 sp=0x00000026559f9be0
Event: 27.363 Thread 0x0000020f67594800 DEOPT UNPACKING pc=0x0000020f4b98a1af sp=0x00000026559f9b68 mode 2
Event: 27.363 Thread 0x0000020f67594800 Uncommon trap: trap_request=0xffffffbe fr.pc=0x0000020f53a913b0 relative=0x0000000000000210
Event: 27.363 Thread 0x0000020f67594800 Uncommon trap: reason=profile_predicate action=maybe_recompile pc=0x0000020f53a913b0 method=com.android.tools.r8.graph.e1.a([C)I @ 8 c2
Event: 27.363 Thread 0x0000020f67594800 DEOPT PACKING pc=0x0000020f53a913b0 sp=0x00000026559f9920
Event: 27.363 Thread 0x0000020f67594800 DEOPT UNPACKING pc=0x0000020f4b98a1af sp=0x00000026559f98a8 mode 2
Event: 27.364 Thread 0x0000020f67594800 Uncommon trap: trap_request=0xffffffbe fr.pc=0x0000020f53a913b0 relative=0x0000000000000210
Event: 27.364 Thread 0x0000020f67594800 Uncommon trap: reason=profile_predicate action=maybe_recompile pc=0x0000020f53a913b0 method=com.android.tools.r8.graph.e1.a([C)I @ 8 c2
Event: 27.364 Thread 0x0000020f67594800 DEOPT PACKING pc=0x0000020f53a913b0 sp=0x00000026559f98b0
Event: 27.364 Thread 0x0000020f67594800 DEOPT UNPACKING pc=0x0000020f4b98a1af sp=0x00000026559f9838 mode 2
Event: 27.443 Thread 0x0000020f67598800 Uncommon trap: trap_request=0xffffff4d fr.pc=0x0000020f53aa4438 relative=0x0000000000000218
Event: 27.443 Thread 0x0000020f67598800 Uncommon trap: reason=unstable_if action=reinterpret pc=0x0000020f53aa4438 method=com.android.tools.r8.graph.e1.a([C)I @ 44 c2
Event: 27.443 Thread 0x0000020f67598800 DEOPT PACKING pc=0x0000020f53aa4438 sp=0x00000026560f9c00
Event: 27.443 Thread 0x0000020f67598800 DEOPT UNPACKING pc=0x0000020f4b98a1af sp=0x00000026560f9b88 mode 2
Event: 27.444 Thread 0x0000020f67598800 Uncommon trap: trap_request=0xffffff4d fr.pc=0x0000020f53a9f560 relative=0x0000000000000320
Event: 27.444 Thread 0x0000020f67598800 Uncommon trap: reason=unstable_if action=reinterpret pc=0x0000020f53a9f560 method=com.android.tools.r8.graph.e1.a([C)I @ 44 c2
Event: 27.445 Thread 0x0000020f67598800 DEOPT PACKING pc=0x0000020f53a9f560 sp=0x00000026560f9bf0
Event: 27.445 Thread 0x0000020f67598800 DEOPT UNPACKING pc=0x0000020f4b98a1af sp=0x00000026560f9b88 mode 2
Event: 27.459 Thread 0x0000020f67598800 DEOPT PACKING pc=0x0000020f4d6876de sp=0x00000026560f9c40
Event: 27.459 Thread 0x0000020f67598800 DEOPT UNPACKING pc=0x0000020f4b98a95e sp=0x00000026560f90e8 mode 0

Classes redefined (0 events):
No events

Internal exceptions (20 events):
Event: 25.428 Thread 0x0000020f6bcea000 Exception <a 'java/lang/NoSuchMethodError'{0x000000008cb99948}: 'java.lang.Object java.lang.invoke.DirectMethodHandle$Holder.invokeStatic(java.lang.Object, int, java.lang.Object, java.lang.Object)'> (0x000000008cb99948) thrown at [src/hotspot/share/interpreter/linkResolver.cpp, line 773]
Event: 25.428 Thread 0x0000020f67562000 Exception <a 'java/lang/NoSuchMethodError'{0x000000008c818e60}: 'java.lang.Object java.lang.invoke.DirectMethodHandle$Holder.invokeStatic(java.lang.Object, int, java.lang.Object, java.lang.Object)'> (0x000000008c818e60) thrown at [src/hotspot/share/interpreter/linkResolver.cpp, line 773]
Event: 25.428 Thread 0x0000020f6755b000 Exception <a 'java/lang/NoSuchMethodError'{0x000000008cce0798}: 'java.lang.Object java.lang.invoke.DirectMethodHandle$Holder.invokeStatic(java.lang.Object, int, java.lang.Object, java.lang.Object)'> (0x000000008cce0798) thrown at [src/hotspot/share/interpreter/linkResolver.cpp, line 773]
Event: 25.759 Thread 0x0000020f6755b000 Exception <a 'java/lang/IncompatibleClassChangeError'{0x000000008fca8e30}: Found class java.lang.Object, but interface was expected> (0x000000008fca8e30) thrown at [src/hotspot/share/interpreter/linkResolver.cpp, line 839]
Event: 25.760 Thread 0x0000020f6755b000 Exception <a 'java/lang/IncompatibleClassChangeError'{0x000000008fcb3788}: Found class java.lang.Object, but interface was expected> (0x000000008fcb3788) thrown at [src/hotspot/share/interpreter/linkResolver.cpp, line 839]
Event: 26.393 Thread 0x0000020f67594800 Exception <a 'java/lang/NoSuchMethodError'{0x000000009048b1a0}: 'void java.lang.invoke.DirectMethodHandle$Holder.invokeSpecial(java.lang.Object, java.lang.Object, int, java.lang.Object)'> (0x000000009048b1a0) thrown at [src/hotspot/share/interpreter/linkResolver.cpp, line 773]
Event: 26.393 Thread 0x0000020f6bcea000 Exception <a 'java/lang/NoSuchMethodError'{0x00000000904d4708}: 'void java.lang.invoke.DirectMethodHandle$Holder.invokeSpecial(java.lang.Object, java.lang.Object, int, java.lang.Object)'> (0x00000000904d4708) thrown at [src/hotspot/share/interpreter/linkResolver.cpp, line 773]
Event: 26.393 Thread 0x0000020f6755b000 Exception <a 'java/lang/NoSuchMethodError'{0x00000000904b3f78}: 'void java.lang.invoke.DirectMethodHandle$Holder.invokeSpecial(java.lang.Object, java.lang.Object, int, java.lang.Object)'> (0x00000000904b3f78) thrown at [src/hotspot/share/interpreter/linkResolver.cpp, line 773]
Event: 26.580 Thread 0x0000020f6755b000 Exception <a 'java/lang/NoSuchMethodError'{0x000000008ecb6dc0}: 'int java.lang.invoke.DirectMethodHandle$Holder.invokeSpecial(java.lang.Object, java.lang.Object, java.lang.Object, int, java.lang.Object)'> (0x000000008ecb6dc0) thrown at [src/hotspot/share/interpreter/linkResolver.cpp, line 773]
Event: 26.580 Thread 0x0000020f6bcea000 Exception <a 'java/lang/NoSuchMethodError'{0x000000008ece33b8}: 'int java.lang.invoke.DirectMethodHandle$Holder.invokeSpecial(java.lang.Object, java.lang.Object, java.lang.Object, int, java.lang.Object)'> (0x000000008ece33b8) thrown at [src/hotspot/share/interpreter/linkResolver.cpp, line 773]
Event: 26.580 Thread 0x0000020f6797b800 Exception <a 'java/lang/NoSuchMethodError'{0x000000008ec582b0}: 'int java.lang.invoke.DirectMethodHandle$Holder.invokeSpecial(java.lang.Object, java.lang.Object, java.lang.Object, int, java.lang.Object)'> (0x000000008ec582b0) thrown at [src/hotspot/share/interpreter/linkResolver.cpp, line 773]
Event: 26.580 Thread 0x0000020f677d9800 Exception <a 'java/lang/NoSuchMethodError'{0x000000008ec426b8}: 'int java.lang.invoke.DirectMethodHandle$Holder.invokeSpecial(java.lang.Object, java.lang.Object, java.lang.Object, int, java.lang.Object)'> (0x000000008ec426b8) thrown at [src/hotspot/share/interpreter/linkResolver.cpp, line 773]
Event: 26.580 Thread 0x0000020f67594800 Exception <a 'java/lang/NoSuchMethodError'{0x000000008ef67b58}: 'int java.lang.invoke.DirectMethodHandle$Holder.invokeSpecial(java.lang.Object, java.lang.Object, java.lang.Object, int, java.lang.Object)'> (0x000000008ef67b58) thrown at [src/hotspot/share/interpreter/linkResolver.cpp, line 773]
Event: 26.580 Thread 0x0000020f67598800 Exception <a 'java/lang/NoSuchMethodError'{0x000000008ed64420}: 'int java.lang.invoke.DirectMethodHandle$Holder.invokeSpecial(java.lang.Object, java.lang.Object, java.lang.Object, int, java.lang.Object)'> (0x000000008ed64420) thrown at [src/hotspot/share/interpreter/linkResolver.cpp, line 773]
Event: 26.580 Thread 0x0000020f67562000 Exception <a 'java/lang/NoSuchMethodError'{0x000000008ecadf90}: 'int java.lang.invoke.DirectMethodHandle$Holder.invokeSpecial(java.lang.Object, java.lang.Object, java.lang.Object, int, java.lang.Object)'> (0x000000008ecadf90) thrown at [src/hotspot/share/interpreter/linkResolver.cpp, line 773]
Event: 26.793 Thread 0x0000020f67562000 Exception <a 'java/lang/NoSuchMethodError'{0x000000008e2ee8f8}: 'java.lang.Object java.lang.invoke.DirectMethodHandle$Holder.invokeInterface(java.lang.Object, java.lang.Object, int)'> (0x000000008e2ee8f8) thrown at [src/hotspot/share/interpreter/linkResolver.cpp, line 773]
Event: 26.926 Thread 0x0000020f67598800 Exception <a 'java/lang/NoSuchMethodError'{0x000000009138c440}: 'java.lang.Object java.lang.invoke.DirectMethodHandle$Holder.invokeSpecial(java.lang.Object, java.lang.Object, java.lang.Object, java.lang.Object, java.lang.Object, java.lang.Object, java.lang.Object, java.lang.Object, java.lang.Object, java.lang.Object, java.lang.Object)'> (0x000000009138c440) thrown at [src/hotspot/share/interpreter/linkResolver.cpp, line 773]
Event: 26.927 Thread 0x0000020f67598800 Exception <a 'java/lang/NoSuchMethodError'{0x0000000090e42eb0}: 'java.lang.Object java.lang.invoke.Invokers$Holder.linkToTargetMethod(java.lang.Object, java.lang.Object, java.lang.Object, java.lang.Object, java.lang.Object, java.lang.Object, java.lang.Object, java.lang.Object, java.lang.Object, java.lang.Object)'> (0x0000000090e42eb0) thrown at [src/hotspot/share/interpreter/linkResolver.cpp, line 773]
Event: 26.947 Thread 0x0000020f677d9800 Exception <a 'java/lang/NoSuchMethodError'{0x0000000091330de8}: 'int java.lang.invoke.DirectMethodHandle$Holder.invokeStatic(java.lang.Object, java.lang.Object, int, java.lang.Object)'> (0x0000000091330de8) thrown at [src/hotspot/share/interpreter/linkResolver.cpp, line 773]
Event: 26.997 Thread 0x0000020f67598800 Exception <a 'java/lang/IncompatibleClassChangeError'{0x0000000090908878}: Found class java.lang.Object, but interface was expected> (0x0000000090908878) thrown at [src/hotspot/share/interpreter/linkResolver.cpp, line 839]

Events (20 events):
Event: 27.312 loading class com/android/tools/r8/dex/code/m0 done
Event: 27.332 loading class com/android/tools/r8/internal/e30
Event: 27.332 loading class com/android/tools/r8/internal/e30 done
Event: 27.334 loading class com/android/tools/r8/internal/c30
Event: 27.334 loading class com/android/tools/r8/internal/c30 done
Event: 27.334 loading class com/android/tools/r8/internal/B9
Event: 27.334 loading class com/android/tools/r8/internal/B9 done
Event: 27.357 Executing VM operation: ICBufferFull
Event: 27.358 Executing VM operation: ICBufferFull done
Event: 27.466 loading class com/android/tools/r8/internal/h9
Event: 27.466 loading class com/android/tools/r8/internal/h9 done
Event: 27.466 loading class com/android/tools/r8/internal/b8
Event: 27.466 loading class com/android/tools/r8/internal/b8 done
Event: 27.466 loading class com/android/tools/r8/internal/b8
Event: 27.466 loading class com/android/tools/r8/internal/b8 done
Event: 27.468 loading class com/android/tools/r8/internal/b8
Event: 27.468 loading class com/android/tools/r8/internal/b8 done
Event: 27.468 loading class com/android/tools/r8/internal/b8
Event: 27.468 loading class com/android/tools/r8/internal/b8 done
Event: 27.485 Executing VM operation: G1CollectForAllocation


Dynamic libraries:
0x00007ff73fb10000 - 0x00007ff73fb1a000 	C:\Program Files\Android\Android Studio\jbr\bin\java.exe
0x00007ffe51ef0000 - 0x00007ffe52104000 	C:\WINDOWS\SYSTEM32\ntdll.dll
0x00007ffe51860000 - 0x00007ffe51922000 	C:\WINDOWS\System32\KERNEL32.DLL
0x00007ffe4f3b0000 - 0x00007ffe4f74c000 	C:\WINDOWS\System32\KERNELBASE.dll
0x00007ffe4f980000 - 0x00007ffe4fa91000 	C:\WINDOWS\System32\ucrtbase.dll
0x00007ffe298e0000 - 0x00007ffe298fb000 	C:\Program Files\Android\Android Studio\jbr\bin\VCRUNTIME140.dll
0x00007ffe298c0000 - 0x00007ffe298d7000 	C:\Program Files\Android\Android Studio\jbr\bin\jli.dll
0x00007ffe51330000 - 0x00007ffe514db000 	C:\WINDOWS\System32\USER32.dll
0x00007ffe4fcd0000 - 0x00007ffe4fcf6000 	C:\WINDOWS\System32\win32u.dll
0x00007ffe400c0000 - 0x00007ffe4034e000 	C:\WINDOWS\WinSxS\amd64_microsoft.windows.common-controls_6595b64144ccf1df_6.0.22621.608_none_a9444ca7c10bb01d\COMCTL32.dll
0x00007ffe51da0000 - 0x00007ffe51dc9000 	C:\WINDOWS\System32\GDI32.dll
0x00007ffe4fee0000 - 0x00007ffe4ff87000 	C:\WINDOWS\System32\msvcrt.dll
0x00007ffe4f860000 - 0x00007ffe4f973000 	C:\WINDOWS\System32\gdi32full.dll
0x00007ffe4f750000 - 0x00007ffe4f7ea000 	C:\WINDOWS\System32\msvcp_win.dll
0x00007ffe51120000 - 0x00007ffe51151000 	C:\WINDOWS\System32\IMM32.DLL
0x00007ffe4c4e0000 - 0x00007ffe4c4ec000 	C:\Program Files\Android\Android Studio\jbr\bin\vcruntime140_1.dll
0x00007ffe29830000 - 0x00007ffe298bd000 	C:\Program Files\Android\Android Studio\jbr\bin\msvcp140.dll
0x00007ffdd7e80000 - 0x00007ffdd8a3c000 	C:\Program Files\Android\Android Studio\jbr\bin\server\jvm.dll
0x00007ffe4fd50000 - 0x00007ffe4fdfe000 	C:\WINDOWS\System32\ADVAPI32.dll
0x00007ffe51690000 - 0x00007ffe51734000 	C:\WINDOWS\System32\sechost.dll
0x00007ffe51740000 - 0x00007ffe51857000 	C:\WINDOWS\System32\RPCRT4.dll
0x00007ffe51940000 - 0x00007ffe51948000 	C:\WINDOWS\System32\PSAPI.DLL
0x00007ffe468c0000 - 0x00007ffe468ca000 	C:\WINDOWS\SYSTEM32\VERSION.dll
0x00007ffe48f00000 - 0x00007ffe48f34000 	C:\WINDOWS\SYSTEM32\WINMM.dll
0x00007ffe4c4d0000 - 0x00007ffe4c4d9000 	C:\WINDOWS\SYSTEM32\WSOCK32.dll
0x00007ffe50330000 - 0x00007ffe503a1000 	C:\WINDOWS\System32\WS2_32.dll
0x00007ffe4e350000 - 0x00007ffe4e368000 	C:\WINDOWS\SYSTEM32\kernel.appcore.dll
0x00007ffdf1cb0000 - 0x00007ffdf1cc0000 	C:\Program Files\Android\Android Studio\jbr\bin\verify.dll
0x00007ffe3ed50000 - 0x00007ffe3ef7e000 	C:\WINDOWS\SYSTEM32\DBGHELP.DLL
0x00007ffe4ff90000 - 0x00007ffe50319000 	C:\WINDOWS\System32\combase.dll
0x00007ffe51dd0000 - 0x00007ffe51ea7000 	C:\WINDOWS\System32\OLEAUT32.dll
0x00007ffe3d570000 - 0x00007ffe3d5a2000 	C:\WINDOWS\SYSTEM32\dbgcore.DLL
0x00007ffe4f330000 - 0x00007ffe4f3ab000 	C:\WINDOWS\System32\bcryptPrimitives.dll
0x00007ffdd9820000 - 0x00007ffdd9848000 	C:\Program Files\Android\Android Studio\jbr\bin\java.dll
0x00007ffdda030000 - 0x00007ffdda03a000 	C:\Program Files\Android\Android Studio\jbr\bin\jimage.dll
0x00007ffdd9910000 - 0x00007ffdd9928000 	C:\Program Files\Android\Android Studio\jbr\bin\zip.dll
0x00007ffe503b0000 - 0x00007ffe50ba0000 	C:\WINDOWS\System32\SHELL32.dll
0x00007ffe4d2f0000 - 0x00007ffe4dbbd000 	C:\WINDOWS\SYSTEM32\windows.storage.dll
0x00007ffe4d1b0000 - 0x00007ffe4d2ee000 	C:\WINDOWS\SYSTEM32\wintypes.dll
0x00007ffe51590000 - 0x00007ffe51681000 	C:\WINDOWS\System32\SHCORE.dll
0x00007ffe50ba0000 - 0x00007ffe50bfe000 	C:\WINDOWS\System32\shlwapi.dll
0x00007ffe4f260000 - 0x00007ffe4f281000 	C:\WINDOWS\SYSTEM32\profapi.dll
0x00007ffe3c550000 - 0x00007ffe3c569000 	C:\Program Files\Android\Android Studio\jbr\bin\net.dll
0x00007ffe48580000 - 0x00007ffe486b7000 	C:\WINDOWS\SYSTEM32\WINHTTP.dll
0x00007ffe4e7d0000 - 0x00007ffe4e839000 	C:\WINDOWS\system32\mswsock.dll
0x00007ffe3c530000 - 0x00007ffe3c543000 	C:\Program Files\Android\Android Studio\jbr\bin\nio.dll
0x00007ffe3d0b0000 - 0x00007ffe3d0d7000 	C:\Users\rafae\.gradle\native\e1d6ef7f7dcc3fd88c89a11ec53ec762bb8ba0a96d01ffa2cd45eb1d1d8dd5c5\windows-amd64\native-platform.dll
0x00007ffdeef90000 - 0x00007ffdef0d4000 	C:\Users\rafae\.gradle\native\0d407fdbe67a94daf76414ababcb853783967236a71b16ec16e742cd7a986fd3\windows-amd64\native-platform-file-events.dll
0x00007ffe3c520000 - 0x00007ffe3c52a000 	C:\Program Files\Android\Android Studio\jbr\bin\management.dll
0x00007ffdd9810000 - 0x00007ffdd981b000 	C:\Program Files\Android\Android Studio\jbr\bin\management_ext.dll
0x00007ffe4ea50000 - 0x00007ffe4ea6b000 	C:\WINDOWS\SYSTEM32\CRYPTSP.dll
0x00007ffe4e2c0000 - 0x00007ffe4e2f5000 	C:\WINDOWS\system32\rsaenh.dll
0x00007ffe4e8f0000 - 0x00007ffe4e918000 	C:\WINDOWS\SYSTEM32\USERENV.dll
0x00007ffe4ebf0000 - 0x00007ffe4ec18000 	C:\WINDOWS\SYSTEM32\bcrypt.dll
0x00007ffe4ea70000 - 0x00007ffe4ea7c000 	C:\WINDOWS\SYSTEM32\CRYPTBASE.dll
0x00007ffe4de50000 - 0x00007ffe4de7d000 	C:\WINDOWS\SYSTEM32\IPHLPAPI.DLL
0x00007ffe50320000 - 0x00007ffe50329000 	C:\WINDOWS\System32\NSI.dll
0x00007ffe48310000 - 0x00007ffe48329000 	C:\WINDOWS\SYSTEM32\dhcpcsvc6.DLL
0x00007ffe482d0000 - 0x00007ffe482ef000 	C:\WINDOWS\SYSTEM32\dhcpcsvc.DLL
0x00007ffe4de80000 - 0x00007ffe4df73000 	C:\WINDOWS\SYSTEM32\DNSAPI.dll

dbghelp: loaded successfully - version: 4.0.5 - missing functions: none
symbol engine: initialized successfully - sym options: 0x614 - pdb path: .;C:\Program Files\Android\Android Studio\jbr\bin;C:\WINDOWS\SYSTEM32;C:\WINDOWS\WinSxS\amd64_microsoft.windows.common-controls_6595b64144ccf1df_6.0.22621.608_none_a9444ca7c10bb01d;C:\Program Files\Android\Android Studio\jbr\bin\server;C:\Users\rafae\.gradle\native\e1d6ef7f7dcc3fd88c89a11ec53ec762bb8ba0a96d01ffa2cd45eb1d1d8dd5c5\windows-amd64;C:\Users\rafae\.gradle\native\0d407fdbe67a94daf76414ababcb853783967236a71b16ec16e742cd7a986fd3\windows-amd64

VM Arguments:
jvm_args: --add-opens=java.base/java.util=ALL-UNNAMED --add-opens=java.base/java.lang=ALL-UNNAMED --add-opens=java.base/java.lang.invoke=ALL-UNNAMED --add-opens=java.base/java.util=ALL-UNNAMED --add-opens=java.prefs/java.util.prefs=ALL-UNNAMED --add-opens=java.prefs/java.util.prefs=ALL-UNNAMED --add-opens=java.base/java.nio.charset=ALL-UNNAMED --add-opens=java.base/java.net=ALL-UNNAMED --add-opens=java.base/java.util.concurrent.atomic=ALL-UNNAMED -Xmx2048m -Dfile.encoding=UTF-8 -Duser.country=ES -Duser.language=es -Duser.variant 
java_command: org.gradle.launcher.daemon.bootstrap.GradleDaemon 7.5
java_class_path (initial): C:\Users\rafae\.gradle\wrapper\dists\gradle-7.5-bin\f1w0cc9nuo0eivz97x2xlu9sv\gradle-7.5\lib\gradle-launcher-7.5.jar
Launcher Type: SUN_STANDARD

[Global flags]
     intx CICompilerCount                          = 4                                         {product} {ergonomic}
     uint ConcGCThreads                            = 2                                         {product} {ergonomic}
     uint G1ConcRefinementThreads                  = 8                                         {product} {ergonomic}
   size_t G1HeapRegionSize                         = 1048576                                   {product} {ergonomic}
    uintx GCDrainStackTargetSize                   = 64                                        {product} {ergonomic}
   size_t InitialHeapSize                          = 58720256                                  {product} {ergonomic}
   size_t MarkStackSize                            = 4194304                                   {product} {ergonomic}
   size_t MaxHeapSize                              = 2147483648                                {product} {command line}
   size_t MaxNewSize                               = 1287651328                                {product} {ergonomic}
   size_t MinHeapDeltaBytes                        = 1048576                                   {product} {ergonomic}
    uintx NonNMethodCodeHeapSize                   = 5836300                                {pd product} {ergonomic}
    uintx NonProfiledCodeHeapSize                  = 122910970                              {pd product} {ergonomic}
    uintx ProfiledCodeHeapSize                     = 122910970                              {pd product} {ergonomic}
    uintx ReservedCodeCacheSize                    = 251658240                              {pd product} {ergonomic}
     bool SegmentedCodeCache                       = true                                      {product} {ergonomic}
     bool UseCompressedClassPointers               = true                                 {lp64_product} {ergonomic}
     bool UseCompressedOops                        = true                                 {lp64_product} {ergonomic}
     bool UseG1GC                                  = true                                      {product} {ergonomic}
     bool UseLargePagesIndividualAllocation        = false                                  {pd product} {ergonomic}

Logging:
Log output configuration:
 #0: stdout all=warning uptime,level,tags
 #1: stderr all=off uptime,level,tags

Environment Variables:
PATH=C:\Program Files (x86)\Common Files\Oracle\Java\javapath;C:\Windows\system32;C:\Windows;C:\Windows\System32\Wbem;C:\Windows\System32\WindowsPowerShell\v1.0\;C:\Windows\System32\OpenSSH\;C:\Program Files\Git\cmd;C:\Program Files\Microsoft SQL Server\150\Tools\Binn\;C:\Program Files\Microsoft SQL Server\Client SDK\ODBC\170\Tools\Binn\;C:\Program Files\dotnet\;C:\Program Files (x86)\Microsoft SQL Server\150\Tools\Binn\;C:\Program Files (x86)\Microsoft SQL Server\150\DTS\Binn\;C:\Program Files\Microsoft SQL Server\150\DTS\Binn\;C:\Program Files\Azure Data Studio\bin;C:\WINDOWS\system32;C:\WINDOWS;C:\WINDOWS\System32\Wbem;C:\WINDOWS\System32\WindowsPowerShell\v1.0\;C:\WINDOWS\System32\OpenSSH\;C:\Program Files\MongoDB\Server\6.0\bin;C:\Program Files\nodejs\;C:\Program Files\Docker\Docker\resources\bin;C:\Users\rafae\AppData\Local\Microsoft\WindowsApps;;C:\Users\rafae\AppData\Local\Programs\Microsoft VS Code\bin;C:\Users\rafae\.dotnet\tools;C:\Program Files\Azure Data Studio\bin;C:\Users\rafae\AppData\Roaming\npm
USERNAME=rafae
OS=Windows_NT
PROCESSOR_IDENTIFIER=AMD64 Family 23 Model 24 Stepping 1, AuthenticAMD



---------------  S Y S T E M  ---------------

OS: Windows 11 , 64 bit Build 22621 (10.0.22621.1485)
OS uptime: 0 days 2:26 hours
Hyper-V role detected

CPU:total 8 (initial active 8) (8 cores per cpu, 2 threads per core) family 23 model 24 stepping 1 microcode 0x0, cmov, cx8, fxsr, mmx, sse, sse2, sse3, ssse3, sse4.1, sse4.2, popcnt, avx, avx2, aes, clmul, mmxext, 3dnowpref, lzcnt, sse4a, ht, tsc, tscinvbit, tscinv, bmi1, bmi2, adx, sha, fma

Memory: 4k page, system-wide physical 3531M (213M free)
TotalPageFile size 14283M (AvailPageFile size 103M)
current process WorkingSet (physical memory assigned to process): 394M, peak: 575M
current process commit charge ("private bytes"): 733M, peak: 937M

vm_info: OpenJDK 64-Bit Server VM (11.0.15+0-b2043.56-9505619) for windows-amd64 JRE (11.0.15+0-b2043.56-9505619), built on Jan 19 2023 02:48:00 by "builduser" with unknown MS VC++:1929

END.
