#
# There is insufficient memory for the Java Runtime Environment to continue.
# Native memory allocation (mmap) failed to map 59768832 bytes for Failed to commit area from 0x0000000091b00000 to 0x0000000095400000 of length 59768832.
# Possible reasons:
#   The system is out of physical RAM or swap space
#   The process is running with CompressedOops enabled, and the Java Heap may be blocking the growth of the native heap
# Possible solutions:
#   Reduce memory load on the system
#   Increase physical memory or swap space
#   Check if swap backing store is full
#   Decrease Java heap size (-Xmx/-Xms)
#   Decrease number of Java threads
#   Decrease Java thread stack sizes (-Xss)
#   Set larger code cache with -XX:ReservedCodeCacheSize=
#   JVM is running with Unscaled Compressed Oops mode in which the Java heap is
#     placed in the first 4GB address space. The Java Heap base address is the
#     maximum limit for the native heap growth. Please use -XX:HeapBaseMinAddress
#     to set the Java Heap base and to place the Java Heap above 4GB virtual address.
# This output file may be truncated or incomplete.
#
#  Out of Memory Error (src/hotspot/os/windows/os_windows.cpp:3627), pid=15332, tid=8520
#
# JRE version: OpenJDK Runtime Environment (11.0.15) (build 11.0.15+0-b2043.56-9505619)
# Java VM: OpenJDK 64-Bit Server VM (11.0.15+0-b2043.56-9505619, mixed mode, tiered, compressed oops, g1 gc, windows-amd64)
# No core dump will be written. Minidumps are not enabled by default on client versions of Windows
#

---------------  S U M M A R Y ------------

Command Line: --add-opens=java.base/java.util=ALL-UNNAMED --add-opens=java.base/java.lang=ALL-UNNAMED --add-opens=java.base/java.lang.invoke=ALL-UNNAMED --add-opens=java.base/java.util=ALL-UNNAMED --add-opens=java.prefs/java.util.prefs=ALL-UNNAMED --add-opens=java.prefs/java.util.prefs=ALL-UNNAMED --add-opens=java.base/java.nio.charset=ALL-UNNAMED --add-opens=java.base/java.net=ALL-UNNAMED --add-opens=java.base/java.util.concurrent.atomic=ALL-UNNAMED -Xmx2048m -Dfile.encoding=UTF-8 -Duser.country=ES -Duser.language=es -Duser.variant org.gradle.launcher.daemon.bootstrap.GradleDaemon 7.5

Host: AMD Ryzen 5 3500U with Radeon Vega Mobile Gfx  , 8 cores, 3G,  Windows 11 , 64 bit Build 22621 (10.0.22621.1485)
Time: Tue Apr 18 01:20:35 2023 Hora est. Pacífico, Sudamérica elapsed time: 30.300521 seconds (0d 0h 0m 30s)

---------------  T H R E A D  ---------------

Current thread (0x0000029446ab1800):  VMThread "VM Thread" [stack: 0x000000be32e00000,0x000000be32f00000] [id=8520]

Stack: [0x000000be32e00000,0x000000be32f00000]
[error occurred during error reporting (printing stack bounds), id 0xc0000005, EXCEPTION_ACCESS_VIOLATION (0xc0000005) at pc=0x000002943017112d]

Native frames: (J=compiled Java code, j=interpreted, Vv=VM code, C=native code)
V  [jvm.dll+0x64135a]
V  [jvm.dll+0x7d39f9]
V  [jvm.dll+0x7d51b9]
V  [jvm.dll+0x7d5805]
V  [jvm.dll+0x7d57bb]
V  [jvm.dll+0x640655]
V  [jvm.dll+0x640d68]
C  [ntdll.dll+0xa3cff]
C  [ntdll.dll+0x1e456]
C  [ntdll.dll+0xa2cee]
C  0x000002943017112d

VM_Operation (0x000000be3abf8660): G1CollectForAllocation, mode: safepoint, requested by thread 0x000002944c04f000


---------------  P R O C E S S  ---------------

Threads class SMR info:
_java_thread_list=0x000002945034c050, length=133, elements={
0x000002942c657000, 0x0000029446ab4800, 0x0000029446abf800, 0x0000029447492800,
0x0000029446ad0000, 0x0000029446ad1000, 0x0000029446ad3800, 0x0000029446ad5800,
0x0000029446ad9800, 0x00000294475b5000, 0x000002944943c800, 0x0000029449682800,
0x0000029448e45800, 0x000002944895b000, 0x0000029447f6d000, 0x0000029449563800,
0x0000029448416000, 0x0000029449565000, 0x0000029449565800, 0x0000029449619000,
0x000002944990d800, 0x000002944990c000, 0x0000029449911800, 0x000002944990c800,
0x0000029449912800, 0x000002944990e800, 0x000002944990f000, 0x0000029449910000,
0x0000029449910800, 0x000002944b787000, 0x000002944b789000, 0x000002944b785800,
0x000002944b789800, 0x000002944b78d000, 0x000002944b78e000, 0x000002944b788000,
0x000002944b78e800, 0x000002944b790000, 0x000002944b791000, 0x000002944b78f800,
0x000002944b792000, 0x000002944b792800, 0x000002944a020800, 0x000002944a023000,
0x000002944a021800, 0x000002944a01f000, 0x000002944a01f800, 0x000002944a01e000,
0x000002944a022000, 0x000002944a029800, 0x000002944a024000, 0x000002944a02a800,
0x000002944a024800, 0x000002944a028800, 0x000002944a028000, 0x000002944a02b000,
0x000002944a027000, 0x000002944a025800, 0x000002944a02c000, 0x000002944a026000,
0x000002944a02d000, 0x000002944bef5000, 0x000002944bef7800, 0x000002944bef5800,
0x000002944bef6800, 0x000002944bef3000, 0x000002944bef1800, 0x000002944bef4000,
0x000002944bef8000, 0x000002944bef2800, 0x000002944befb800, 0x000002944befc000,
0x000002944befd000, 0x000002944befe800, 0x000002944bef9800, 0x000002944befa800,
0x000002944befe000, 0x000002944bef9000, 0x000002944beff800, 0x000002944bf00000,
0x0000029449df7800, 0x0000029449df6800, 0x0000029449df8000, 0x0000029449dfe800,
0x0000029449dfd000, 0x0000029449dfb800, 0x0000029449df9000, 0x0000029449dfc800,
0x0000029449dfe000, 0x0000029449dff800, 0x0000029449dfa000, 0x0000029449e00800,
0x0000029449dfa800, 0x0000029449e05800, 0x0000029449e04800, 0x0000029449e01000,
0x0000029449e02000, 0x0000029449e03800, 0x0000029449e03000, 0x000002944c048800,
0x000002944c044800, 0x000002944c046000, 0x000002944c042800, 0x000002944c043800,
0x000002944c047800, 0x000002944c049000, 0x000002944c04a000, 0x000002944c04b000,
0x000002944c045000, 0x000002944c04b800, 0x000002944c047000, 0x000002944c04f800,
0x000002944c04c800, 0x000002944c04e000, 0x000002944c04d800, 0x000002944c050800,
0x000002944c04f000, 0x000002944c051800, 0x000002944b942800, 0x000002944b945000,
0x000002944b944800, 0x000002944b943800, 0x000002944b940000, 0x000002944b947000,
0x000002944b941000, 0x000002944b946000, 0x000002944b947800, 0x000002944b942000,
0x000002944b94d800, 0x000002944b94b800, 0x000002944b94c800, 0x000002944b94e000,
0x000002944b948800
}

Java Threads: ( => current thread )
  0x000002942c657000 JavaThread "main" [_thread_blocked, id=5208, stack(0x000000be32800000,0x000000be32900000)]
  0x0000029446ab4800 JavaThread "Reference Handler" daemon [_thread_blocked, id=14156, stack(0x000000be32f00000,0x000000be33000000)]
  0x0000029446abf800 JavaThread "Finalizer" daemon [_thread_blocked, id=12960, stack(0x000000be33000000,0x000000be33100000)]
  0x0000029447492800 JavaThread "Signal Dispatcher" daemon [_thread_blocked, id=14688, stack(0x000000be33100000,0x000000be33200000)]
  0x0000029446ad0000 JavaThread "Attach Listener" daemon [_thread_blocked, id=6624, stack(0x000000be33200000,0x000000be33300000)]
  0x0000029446ad1000 JavaThread "Service Thread" daemon [_thread_blocked, id=6416, stack(0x000000be33300000,0x000000be33400000)]
  0x0000029446ad3800 JavaThread "C2 CompilerThread0" daemon [_thread_blocked, id=15356, stack(0x000000be33400000,0x000000be33500000)]
  0x0000029446ad5800 JavaThread "C1 CompilerThread0" daemon [_thread_blocked, id=7804, stack(0x000000be33500000,0x000000be33600000)]
  0x0000029446ad9800 JavaThread "Sweeper thread" daemon [_thread_blocked, id=9072, stack(0x000000be33600000,0x000000be33700000)]
  0x00000294475b5000 JavaThread "Common-Cleaner" daemon [_thread_blocked, id=13500, stack(0x000000be33700000,0x000000be33800000)]
  0x000002944943c800 JavaThread "Daemon health stats" [_thread_blocked, id=8456, stack(0x000000be33a00000,0x000000be33b00000)]
  0x0000029449682800 JavaThread "Incoming local TCP Connector on port 53005" [_thread_in_native, id=11588, stack(0x000000be33b00000,0x000000be33c00000)]
  0x0000029448e45800 JavaThread "Daemon periodic checks" [_thread_blocked, id=9400, stack(0x000000be33c00000,0x000000be33d00000)]
  0x000002944895b000 JavaThread "Daemon" [_thread_blocked, id=8440, stack(0x000000be33d00000,0x000000be33e00000)]
  0x0000029447f6d000 JavaThread "Handler for socket connection from /127.0.0.1:53005 to /127.0.0.1:53006" [_thread_in_native, id=1336, stack(0x000000be33e00000,0x000000be33f00000)]
  0x0000029449563800 JavaThread "Cancel handler" [_thread_blocked, id=9724, stack(0x000000be33f00000,0x000000be34000000)]
  0x0000029448416000 JavaThread "Daemon worker" [_thread_blocked, id=68, stack(0x000000be34000000,0x000000be34100000)]
  0x0000029449565000 JavaThread "Asynchronous log dispatcher for DefaultDaemonConnection: socket connection from /127.0.0.1:53005 to /127.0.0.1:53006" [_thread_blocked, id=12224, stack(0x000000be34100000,0x000000be34200000)]
  0x0000029449565800 JavaThread "Stdin handler" [_thread_blocked, id=14500, stack(0x000000be34200000,0x000000be34300000)]
  0x0000029449619000 JavaThread "Daemon client event forwarder" [_thread_blocked, id=9544, stack(0x000000be34300000,0x000000be34400000)]
  0x000002944990d800 JavaThread "Cache worker for journal cache (C:\Users\rafae\.gradle\caches\journal-1)" [_thread_blocked, id=3640, stack(0x000000be34a00000,0x000000be34b00000)]
  0x000002944990c000 JavaThread "File lock request listener" [_thread_in_native, id=15020, stack(0x000000be34b00000,0x000000be34c00000)]
  0x0000029449911800 JavaThread "Cache worker for file hash cache (C:\Users\rafae\.gradle\caches\7.5\fileHashes)" [_thread_blocked, id=14740, stack(0x000000be34d00000,0x000000be34e00000)]
  0x000002944990c800 JavaThread "File watcher server" daemon [_thread_blocked, id=14748, stack(0x000000be34e00000,0x000000be34f00000)]
  0x0000029449912800 JavaThread "File watcher consumer" daemon [_thread_blocked, id=12028, stack(0x000000be34f00000,0x000000be35000000)]
  0x000002944990e800 JavaThread "Cache worker for checksums cache (C:\Users\rafae\OneDrive\Escritorio\parcial2\.gradle\7.5\checksums)" [_thread_blocked, id=7052, stack(0x000000be35000000,0x000000be35100000)]
  0x000002944990f000 JavaThread "Cache worker for cache directory md-rule (C:\Users\rafae\.gradle\caches\7.5\md-rule)" [_thread_blocked, id=14700, stack(0x000000be35100000,0x000000be35200000)]
  0x0000029449910000 JavaThread "Cache worker for file content cache (C:\Users\rafae\.gradle\caches\7.5\fileContent)" [_thread_blocked, id=9964, stack(0x000000be35200000,0x000000be35300000)]
  0x0000029449910800 JavaThread "Cache worker for file hash cache (C:\Users\rafae\OneDrive\Escritorio\parcial2\.gradle\7.5\fileHashes)" [_thread_blocked, id=13308, stack(0x000000be35300000,0x000000be35400000)]
  0x000002944b787000 JavaThread "Cache worker for cache directory md-supplier (C:\Users\rafae\.gradle\caches\7.5\md-supplier)" [_thread_blocked, id=10912, stack(0x000000be35400000,0x000000be35500000)]
  0x000002944b789000 JavaThread "Cache worker for execution history cache (C:\Users\rafae\.gradle\caches\7.5\executionHistory)" [_thread_blocked, id=12700, stack(0x000000be35500000,0x000000be35600000)]
  0x000002944b785800 JavaThread "jar transforms" [_thread_blocked, id=4252, stack(0x000000be35600000,0x000000be35700000)]
  0x000002944b789800 JavaThread "jar transforms Thread 2" [_thread_blocked, id=7696, stack(0x000000be35700000,0x000000be35800000)]
  0x000002944b78d000 JavaThread "jar transforms Thread 3" [_thread_blocked, id=11060, stack(0x000000be35800000,0x000000be35900000)]
  0x000002944b78e000 JavaThread "jar transforms Thread 4" [_thread_blocked, id=14132, stack(0x000000be35900000,0x000000be35a00000)]
  0x000002944b788000 JavaThread "Cache worker for dependencies-accessors (C:\Users\rafae\OneDrive\Escritorio\parcial2\.gradle\7.5\dependencies-accessors)" [_thread_blocked, id=14524, stack(0x000000be35a00000,0x000000be35b00000)]
  0x000002944b78e800 JavaThread "jar transforms Thread 5" [_thread_blocked, id=14472, stack(0x000000be35b00000,0x000000be35c00000)]
  0x000002944b790000 JavaThread "Cache worker for Build Output Cleanup Cache (C:\Users\rafae\OneDrive\Escritorio\parcial2\.gradle\buildOutputCleanup)" [_thread_blocked, id=15040, stack(0x000000be35c00000,0x000000be35d00000)]
  0x000002944b791000 JavaThread "Unconstrained build operations" [_thread_blocked, id=14444, stack(0x000000be35d00000,0x000000be35e00000)]
  0x000002944b78f800 JavaThread "Unconstrained build operations Thread 2" [_thread_blocked, id=14520, stack(0x000000be35e00000,0x000000be35f00000)]
  0x000002944b792000 JavaThread "Unconstrained build operations Thread 3" [_thread_blocked, id=13640, stack(0x000000be35f00000,0x000000be36000000)]
  0x000002944b792800 JavaThread "Unconstrained build operations Thread 4" [_thread_blocked, id=14448, stack(0x000000be36000000,0x000000be36100000)]
  0x000002944a020800 JavaThread "Unconstrained build operations Thread 5" [_thread_blocked, id=14048, stack(0x000000be36100000,0x000000be36200000)]
  0x000002944a023000 JavaThread "Unconstrained build operations Thread 6" [_thread_blocked, id=5616, stack(0x000000be36200000,0x000000be36300000)]
  0x000002944a021800 JavaThread "Unconstrained build operations Thread 7" [_thread_blocked, id=1388, stack(0x000000be36300000,0x000000be36400000)]
  0x000002944a01f000 JavaThread "Unconstrained build operations Thread 8" [_thread_blocked, id=2908, stack(0x000000be36400000,0x000000be36500000)]
  0x000002944a01f800 JavaThread "Unconstrained build operations Thread 9" [_thread_blocked, id=15188, stack(0x000000be36500000,0x000000be36600000)]
  0x000002944a01e000 JavaThread "Unconstrained build operations Thread 10" [_thread_blocked, id=14424, stack(0x000000be36600000,0x000000be36700000)]
  0x000002944a022000 JavaThread "Unconstrained build operations Thread 11" [_thread_blocked, id=13604, stack(0x000000be36700000,0x000000be36800000)]
  0x000002944a029800 JavaThread "Unconstrained build operations Thread 12" [_thread_blocked, id=5040, stack(0x000000be36800000,0x000000be36900000)]
  0x000002944a024000 JavaThread "Unconstrained build operations Thread 13" [_thread_blocked, id=1852, stack(0x000000be36900000,0x000000be36a00000)]
  0x000002944a02a800 JavaThread "Unconstrained build operations Thread 14" [_thread_blocked, id=6016, stack(0x000000be36a00000,0x000000be36b00000)]
  0x000002944a024800 JavaThread "Unconstrained build operations Thread 15" [_thread_blocked, id=15248, stack(0x000000be36b00000,0x000000be36c00000)]
  0x000002944a028800 JavaThread "Unconstrained build operations Thread 16" [_thread_blocked, id=13472, stack(0x000000be36c00000,0x000000be36d00000)]
  0x000002944a028000 JavaThread "Unconstrained build operations Thread 17" [_thread_blocked, id=14848, stack(0x000000be36d00000,0x000000be36e00000)]
  0x000002944a02b000 JavaThread "Unconstrained build operations Thread 18" [_thread_blocked, id=3928, stack(0x000000be36e00000,0x000000be36f00000)]
  0x000002944a027000 JavaThread "Unconstrained build operations Thread 19" [_thread_blocked, id=10128, stack(0x000000be36f00000,0x000000be37000000)]
  0x000002944a025800 JavaThread "Unconstrained build operations Thread 20" [_thread_blocked, id=15244, stack(0x000000be37000000,0x000000be37100000)]
  0x000002944a02c000 JavaThread "Unconstrained build operations Thread 21" [_thread_blocked, id=13596, stack(0x000000be37100000,0x000000be37200000)]
  0x000002944a026000 JavaThread "Unconstrained build operations Thread 22" [_thread_blocked, id=14724, stack(0x000000be37200000,0x000000be37300000)]
  0x000002944a02d000 JavaThread "Unconstrained build operations Thread 23" [_thread_blocked, id=11320, stack(0x000000be37300000,0x000000be37400000)]
  0x000002944bef5000 JavaThread "Unconstrained build operations Thread 24" [_thread_blocked, id=3776, stack(0x000000be37400000,0x000000be37500000)]
  0x000002944bef7800 JavaThread "Unconstrained build operations Thread 25" [_thread_blocked, id=15168, stack(0x000000be37500000,0x000000be37600000)]
  0x000002944bef5800 JavaThread "Unconstrained build operations Thread 26" [_thread_blocked, id=4596, stack(0x000000be37600000,0x000000be37700000)]
  0x000002944bef6800 JavaThread "Unconstrained build operations Thread 27" [_thread_blocked, id=1048, stack(0x000000be37700000,0x000000be37800000)]
  0x000002944bef3000 JavaThread "Unconstrained build operations Thread 28" [_thread_blocked, id=15252, stack(0x000000be37800000,0x000000be37900000)]
  0x000002944bef1800 JavaThread "Unconstrained build operations Thread 29" [_thread_blocked, id=8860, stack(0x000000be37900000,0x000000be37a00000)]
  0x000002944bef4000 JavaThread "Unconstrained build operations Thread 30" [_thread_blocked, id=8008, stack(0x000000be37a00000,0x000000be37b00000)]
  0x000002944bef8000 JavaThread "Unconstrained build operations Thread 31" [_thread_blocked, id=13364, stack(0x000000be37b00000,0x000000be37c00000)]
  0x000002944bef2800 JavaThread "Unconstrained build operations Thread 32" [_thread_blocked, id=4132, stack(0x000000be37c00000,0x000000be37d00000)]
  0x000002944befb800 JavaThread "Unconstrained build operations Thread 33" [_thread_blocked, id=13600, stack(0x000000be37d00000,0x000000be37e00000)]
  0x000002944befc000 JavaThread "Unconstrained build operations Thread 34" [_thread_blocked, id=11296, stack(0x000000be37e00000,0x000000be37f00000)]
  0x000002944befd000 JavaThread "Unconstrained build operations Thread 35" [_thread_blocked, id=13424, stack(0x000000be37f00000,0x000000be38000000)]
  0x000002944befe800 JavaThread "Unconstrained build operations Thread 36" [_thread_blocked, id=10704, stack(0x000000be38000000,0x000000be38100000)]
  0x000002944bef9800 JavaThread "Unconstrained build operations Thread 37" [_thread_blocked, id=14476, stack(0x000000be38100000,0x000000be38200000)]
  0x000002944befa800 JavaThread "Unconstrained build operations Thread 38" [_thread_blocked, id=14416, stack(0x000000be38200000,0x000000be38300000)]
  0x000002944befe000 JavaThread "Unconstrained build operations Thread 39" [_thread_blocked, id=5672, stack(0x000000be38300000,0x000000be38400000)]
  0x000002944bef9000 JavaThread "Unconstrained build operations Thread 40" [_thread_blocked, id=15028, stack(0x000000be38400000,0x000000be38500000)]
  0x000002944beff800 JavaThread "Unconstrained build operations Thread 41" [_thread_blocked, id=10528, stack(0x000000be38500000,0x000000be38600000)]
  0x000002944bf00000 JavaThread "Unconstrained build operations Thread 42" [_thread_blocked, id=14516, stack(0x000000be38600000,0x000000be38700000)]
  0x0000029449df7800 JavaThread "Unconstrained build operations Thread 43" [_thread_blocked, id=12792, stack(0x000000be38700000,0x000000be38800000)]
  0x0000029449df6800 JavaThread "Unconstrained build operations Thread 44" [_thread_blocked, id=15120, stack(0x000000be38800000,0x000000be38900000)]
  0x0000029449df8000 JavaThread "Unconstrained build operations Thread 45" [_thread_blocked, id=14836, stack(0x000000be38900000,0x000000be38a00000)]
  0x0000029449dfe800 JavaThread "Unconstrained build operations Thread 46" [_thread_blocked, id=6488, stack(0x000000be38a00000,0x000000be38b00000)]
  0x0000029449dfd000 JavaThread "Unconstrained build operations Thread 47" [_thread_blocked, id=3584, stack(0x000000be38b00000,0x000000be38c00000)]
  0x0000029449dfb800 JavaThread "Unconstrained build operations Thread 48" [_thread_blocked, id=2528, stack(0x000000be38c00000,0x000000be38d00000)]
  0x0000029449df9000 JavaThread "Unconstrained build operations Thread 49" [_thread_blocked, id=10156, stack(0x000000be38d00000,0x000000be38e00000)]
  0x0000029449dfc800 JavaThread "Unconstrained build operations Thread 50" [_thread_blocked, id=724, stack(0x000000be38e00000,0x000000be38f00000)]
  0x0000029449dfe000 JavaThread "Unconstrained build operations Thread 51" [_thread_blocked, id=14888, stack(0x000000be38f00000,0x000000be39000000)]
  0x0000029449dff800 JavaThread "Unconstrained build operations Thread 52" [_thread_blocked, id=8404, stack(0x000000be39000000,0x000000be39100000)]
  0x0000029449dfa000 JavaThread "Unconstrained build operations Thread 53" [_thread_blocked, id=15096, stack(0x000000be39100000,0x000000be39200000)]
  0x0000029449e00800 JavaThread "Unconstrained build operations Thread 54" [_thread_blocked, id=12684, stack(0x000000be39200000,0x000000be39300000)]
  0x0000029449dfa800 JavaThread "Unconstrained build operations Thread 55" [_thread_blocked, id=2208, stack(0x000000be39300000,0x000000be39400000)]
  0x0000029449e05800 JavaThread "Unconstrained build operations Thread 56" [_thread_blocked, id=2968, stack(0x000000be39400000,0x000000be39500000)]
  0x0000029449e04800 JavaThread "Unconstrained build operations Thread 57" [_thread_blocked, id=15184, stack(0x000000be39500000,0x000000be39600000)]
  0x0000029449e01000 JavaThread "Unconstrained build operations Thread 58" [_thread_blocked, id=6524, stack(0x000000be39600000,0x000000be39700000)]
  0x0000029449e02000 JavaThread "Unconstrained build operations Thread 59" [_thread_blocked, id=13112, stack(0x000000be39700000,0x000000be39800000)]
  0x0000029449e03800 JavaThread "Unconstrained build operations Thread 60" [_thread_blocked, id=11988, stack(0x000000be39800000,0x000000be39900000)]
  0x0000029449e03000 JavaThread "Unconstrained build operations Thread 61" [_thread_blocked, id=5468, stack(0x000000be39900000,0x000000be39a00000)]
  0x000002944c048800 JavaThread "Unconstrained build operations Thread 62" [_thread_blocked, id=8896, stack(0x000000be39a00000,0x000000be39b00000)]
  0x000002944c044800 JavaThread "Unconstrained build operations Thread 63" [_thread_blocked, id=12228, stack(0x000000be39b00000,0x000000be39c00000)]
  0x000002944c046000 JavaThread "Unconstrained build operations Thread 64" [_thread_blocked, id=14564, stack(0x000000be39c00000,0x000000be39d00000)]
  0x000002944c042800 JavaThread "Unconstrained build operations Thread 65" [_thread_blocked, id=13072, stack(0x000000be39d00000,0x000000be39e00000)]
  0x000002944c043800 JavaThread "Unconstrained build operations Thread 66" [_thread_blocked, id=8676, stack(0x000000be39e00000,0x000000be39f00000)]
  0x000002944c047800 JavaThread "Unconstrained build operations Thread 67" [_thread_blocked, id=11176, stack(0x000000be39f00000,0x000000be3a000000)]
  0x000002944c049000 JavaThread "Unconstrained build operations Thread 68" [_thread_blocked, id=14392, stack(0x000000be3a000000,0x000000be3a100000)]
  0x000002944c04a000 JavaThread "Unconstrained build operations Thread 69" [_thread_blocked, id=3664, stack(0x000000be3a100000,0x000000be3a200000)]
  0x000002944c04b000 JavaThread "Unconstrained build operations Thread 70" [_thread_blocked, id=4680, stack(0x000000be3a200000,0x000000be3a300000)]
  0x000002944c045000 JavaThread "Unconstrained build operations Thread 71" [_thread_blocked, id=14756, stack(0x000000be3a300000,0x000000be3a400000)]
  0x000002944c04b800 JavaThread "Unconstrained build operations Thread 72" [_thread_blocked, id=14052, stack(0x000000be3a400000,0x000000be3a500000)]
  0x000002944c047000 JavaThread "Unconstrained build operations Thread 73" [_thread_blocked, id=7380, stack(0x000000be3a500000,0x000000be3a600000)]
  0x000002944c04f800 JavaThread "Unconstrained build operations Thread 74" [_thread_blocked, id=2016, stack(0x000000be3a600000,0x000000be3a700000)]
  0x000002944c04c800 JavaThread "Unconstrained build operations Thread 75" [_thread_blocked, id=14696, stack(0x000000be3a700000,0x000000be3a800000)]
  0x000002944c04e000 JavaThread "Unconstrained build operations Thread 76" [_thread_blocked, id=6540, stack(0x000000be3a800000,0x000000be3a900000)]
  0x000002944c04d800 JavaThread "Unconstrained build operations Thread 77" [_thread_blocked, id=11932, stack(0x000000be3a900000,0x000000be3aa00000)]
  0x000002944c050800 JavaThread "Unconstrained build operations Thread 78" [_thread_blocked, id=1772, stack(0x000000be3aa00000,0x000000be3ab00000)]
  0x000002944c04f000 JavaThread "Unconstrained build operations Thread 79" [_thread_blocked, id=14324, stack(0x000000be3ab00000,0x000000be3ac00000)]
  0x000002944c051800 JavaThread "Unconstrained build operations Thread 80" [_thread_blocked, id=15132, stack(0x000000be3ac00000,0x000000be3ad00000)]
  0x000002944b942800 JavaThread "jar transforms Thread 6" [_thread_blocked, id=7676, stack(0x000000be3ad00000,0x000000be3ae00000)]
  0x000002944b945000 JavaThread "jar transforms Thread 7" [_thread_blocked, id=6680, stack(0x000000be3ae00000,0x000000be3af00000)]
  0x000002944b944800 JavaThread "jar transforms Thread 8" [_thread_blocked, id=5456, stack(0x000000be3af00000,0x000000be3b000000)]
  0x000002944b943800 JavaThread "build event listener" [_thread_blocked, id=12696, stack(0x000000be3b000000,0x000000be3b100000)]
  0x000002944b940000 JavaThread "Memory manager" [_thread_blocked, id=10212, stack(0x000000be3b100000,0x000000be3b200000)]
  0x000002944b947000 JavaThread "included builds" [_thread_blocked, id=12656, stack(0x000000be3b200000,0x000000be3b300000)]
  0x000002944b941000 JavaThread "Execution worker" [_thread_blocked, id=13852, stack(0x000000be3b300000,0x000000be3b400000)]
  0x000002944b946000 JavaThread "Execution worker Thread 2" [_thread_blocked, id=2592, stack(0x000000be3b400000,0x000000be3b500000)]
  0x000002944b947800 JavaThread "Execution worker Thread 3" [_thread_blocked, id=11668, stack(0x000000be3b500000,0x000000be3b600000)]
  0x000002944b942000 JavaThread "Execution worker Thread 4" [_thread_blocked, id=3016, stack(0x000000be3b600000,0x000000be3b700000)]
  0x000002944b94d800 JavaThread "Execution worker Thread 5" [_thread_blocked, id=11904, stack(0x000000be3b700000,0x000000be3b800000)]
  0x000002944b94b800 JavaThread "Execution worker Thread 6" [_thread_blocked, id=5820, stack(0x000000be3b800000,0x000000be3b900000)]
  0x000002944b94c800 JavaThread "Execution worker Thread 7" [_thread_blocked, id=11420, stack(0x000000be3b900000,0x000000be3ba00000)]
  0x000002944b94e000 JavaThread "Cache worker for execution history cache (C:\Users\rafae\OneDrive\Escritorio\parcial2\.gradle\7.5\executionHistory)" [_thread_blocked, id=10092, stack(0x000000be3ba00000,0x000000be3bb00000)]
  0x000002944b948800 JavaThread "WorkerExecutor Queue" [_thread_blocked, id=12396, stack(0x000000be3bb00000,0x000000be3bc00000)]

Other Threads:
=>0x0000029446ab1800 VMThread "VM Thread" [stack: 0x000000be32e00000,0x000000be32f00000] [id=8520]
  0x00000294475e0800 WatcherThread [stack: 0x000000be33800000,0x000000be33900000] [id=13788]
  0x000002942c66b000 GCTaskThread "GC Thread#0" [stack: 0x000000be32900000,0x000000be32a00000] [id=14552]
  0x00000294482fa000 GCTaskThread "GC Thread#1" [stack: 0x000000be33900000,0x000000be33a00000] [id=15196]
  0x0000029448562000 GCTaskThread "GC Thread#2" [stack: 0x000000be34400000,0x000000be34500000] [id=7680]
  0x0000029448abf800 GCTaskThread "GC Thread#3" [stack: 0x000000be34500000,0x000000be34600000] [id=2332]
  0x000002944855f800 GCTaskThread "GC Thread#4" [stack: 0x000000be34600000,0x000000be34700000] [id=15280]
  0x00000294494ba800 GCTaskThread "GC Thread#5" [stack: 0x000000be34700000,0x000000be34800000] [id=14764]
  0x0000029449618800 GCTaskThread "GC Thread#6" [stack: 0x000000be34800000,0x000000be34900000] [id=14840]
  0x00000294494b7800 GCTaskThread "GC Thread#7" [stack: 0x000000be34900000,0x000000be34a00000] [id=15092]
  0x000002942c69e000 ConcurrentGCThread "G1 Main Marker" [stack: 0x000000be32a00000,0x000000be32b00000] [id=15328]
  0x000002942c6a0000 ConcurrentGCThread "G1 Conc#0" [stack: 0x000000be32b00000,0x000000be32c00000] [id=12660]
  0x000002944986d000 ConcurrentGCThread "G1 Conc#1" [stack: 0x000000be34c00000,0x000000be34d00000] [id=15300]
  0x000002942c6f8800 ConcurrentGCThread "G1 Refine#0" [stack: 0x000000be32c00000,0x000000be32d00000] [id=5428]
  0x000002942c6fd000 ConcurrentGCThread "G1 Young RemSet Sampling" [stack: 0x000000be32d00000,0x000000be32e00000] [id=13368]

Threads with active compile tasks:
C2 CompilerThread0    30347 11477       4       com.android.tools.r8.graph.C2::a (2673 bytes)
C1 CompilerThread0    30347 13260 %     3       com.android.tools.r8.internal.No::a @ 201 (3406 bytes)

VM state:at safepoint (normal execution)

VM Mutex/Monitor currently owned by a thread:  ([mutex/lock_event])
[0x000002942c653420] Threads_lock - owner thread: 0x0000029446ab1800
[0x000002942c6538a0] Heap_lock - owner thread: 0x000002944c04f000

Heap address: 0x0000000080000000, size: 2048 MB, Compressed Oops mode: 32-bit
Narrow klass base: 0x0000000000000000, Narrow klass shift: 3
Compressed class space size: 1073741824 Address: 0x0000000100000000

Heap:
 garbage-first heap   total 348160K, used 158832K [0x0000000080000000, 0x0000000100000000)
  region size 1024K, 2 young (2048K), 2 survivors (2048K)
 Metaspace       used 102620K, capacity 105458K, committed 106524K, reserved 1140736K
  class space    used 13471K, capacity 14587K, committed 15000K, reserved 1048576K
Heap Regions: E=young(eden), S=young(survivor), O=old, HS=humongous(starts), HC=humongous(continues), CS=collection set, F=free, A=archive, TAMS=top-at-mark-start (previous, next)
|   0|0x0000000080000000, 0x0000000080100000, 0x0000000080100000|100%| O|  |TAMS 0x0000000080100000, 0x0000000080000000| Untracked 
|   1|0x0000000080100000, 0x0000000080200000, 0x0000000080200000|100%| O|  |TAMS 0x0000000080200000, 0x0000000080100000| Untracked 
|   2|0x0000000080200000, 0x0000000080300000, 0x0000000080300000|100%| O|  |TAMS 0x0000000080300000, 0x0000000080200000| Untracked 
|   3|0x0000000080300000, 0x0000000080400000, 0x0000000080400000|100%|HS|  |TAMS 0x0000000080400000, 0x0000000080300000| Complete 
|   4|0x0000000080400000, 0x0000000080500000, 0x0000000080500000|100%|HC|  |TAMS 0x0000000080500000, 0x0000000080400000| Complete 
|   5|0x0000000080500000, 0x0000000080600000, 0x0000000080600000|100%|HC|  |TAMS 0x0000000080600000, 0x0000000080500000| Complete 
|   6|0x0000000080600000, 0x0000000080700000, 0x0000000080700000|100%| O|  |TAMS 0x0000000080700000, 0x0000000080600000| Untracked 
|   7|0x0000000080700000, 0x0000000080800000, 0x0000000080800000|100%| O|  |TAMS 0x0000000080800000, 0x0000000080700000| Untracked 
|   8|0x0000000080800000, 0x0000000080900000, 0x0000000080900000|100%| O|  |TAMS 0x0000000080900000, 0x0000000080800000| Untracked 
|   9|0x0000000080900000, 0x0000000080a00000, 0x0000000080a00000|100%| O|  |TAMS 0x0000000080a00000, 0x0000000080900000| Untracked 
|  10|0x0000000080a00000, 0x0000000080b00000, 0x0000000080b00000|100%| O|  |TAMS 0x0000000080b00000, 0x0000000080a00000| Untracked 
|  11|0x0000000080b00000, 0x0000000080c00000, 0x0000000080c00000|100%| O|  |TAMS 0x0000000080c00000, 0x0000000080b00000| Untracked 
|  12|0x0000000080c00000, 0x0000000080d00000, 0x0000000080d00000|100%| O|  |TAMS 0x0000000080d00000, 0x0000000080c00000| Untracked 
|  13|0x0000000080d00000, 0x0000000080e00000, 0x0000000080e00000|100%| O|  |TAMS 0x0000000080e00000, 0x0000000080d00000| Untracked 
|  14|0x0000000080e00000, 0x0000000080f00000, 0x0000000080f00000|100%| O|  |TAMS 0x0000000080f00000, 0x0000000080e00000| Untracked 
|  15|0x0000000080f00000, 0x0000000081000000, 0x0000000081000000|100%| O|  |TAMS 0x0000000081000000, 0x0000000080f00000| Untracked 
|  16|0x0000000081000000, 0x0000000081100000, 0x0000000081100000|100%| O|  |TAMS 0x0000000081100000, 0x0000000081000000| Untracked 
|  17|0x0000000081100000, 0x0000000081200000, 0x0000000081200000|100%| O|  |TAMS 0x0000000081200000, 0x0000000081100000| Untracked 
|  18|0x0000000081200000, 0x0000000081300000, 0x0000000081300000|100%| O|  |TAMS 0x0000000081300000, 0x0000000081200000| Untracked 
|  19|0x0000000081300000, 0x0000000081400000, 0x0000000081400000|100%| O|  |TAMS 0x0000000081400000, 0x0000000081300000| Untracked 
|  20|0x0000000081400000, 0x0000000081500000, 0x0000000081500000|100%| O|  |TAMS 0x0000000081500000, 0x0000000081400000| Untracked 
|  21|0x0000000081500000, 0x0000000081600000, 0x0000000081600000|100%| O|  |TAMS 0x0000000081600000, 0x0000000081500000| Untracked 
|  22|0x0000000081600000, 0x0000000081700000, 0x0000000081700000|100%| O|  |TAMS 0x0000000081700000, 0x0000000081600000| Untracked 
|  23|0x0000000081700000, 0x0000000081800000, 0x0000000081800000|100%| O|  |TAMS 0x0000000081800000, 0x0000000081700000| Untracked 
|  24|0x0000000081800000, 0x0000000081900000, 0x0000000081900000|100%| O|  |TAMS 0x0000000081900000, 0x0000000081800000| Untracked 
|  25|0x0000000081900000, 0x0000000081a00000, 0x0000000081a00000|100%| O|  |TAMS 0x0000000081a00000, 0x0000000081900000| Untracked 
|  26|0x0000000081a00000, 0x0000000081b00000, 0x0000000081b00000|100%| O|  |TAMS 0x0000000081b00000, 0x0000000081a00000| Untracked 
|  27|0x0000000081b00000, 0x0000000081c00000, 0x0000000081c00000|100%| O|  |TAMS 0x0000000081c00000, 0x0000000081b00000| Untracked 
|  28|0x0000000081c00000, 0x0000000081d00000, 0x0000000081d00000|100%| O|  |TAMS 0x0000000081d00000, 0x0000000081c00000| Untracked 
|  29|0x0000000081d00000, 0x0000000081e00000, 0x0000000081e00000|100%| O|  |TAMS 0x0000000081e00000, 0x0000000081d00000| Untracked 
|  30|0x0000000081e00000, 0x0000000081f00000, 0x0000000081f00000|100%|HS|  |TAMS 0x0000000081f00000, 0x0000000081e00000| Complete 
|  31|0x0000000081f00000, 0x0000000082000000, 0x0000000082000000|100%|HS|  |TAMS 0x0000000082000000, 0x0000000081f00000| Complete 
|  32|0x0000000082000000, 0x0000000082100000, 0x0000000082100000|100%| O|  |TAMS 0x0000000082100000, 0x0000000082000000| Untracked 
|  33|0x0000000082100000, 0x0000000082200000, 0x0000000082200000|100%| O|  |TAMS 0x0000000082200000, 0x0000000082100000| Untracked 
|  34|0x0000000082200000, 0x0000000082300000, 0x0000000082300000|100%| O|  |TAMS 0x0000000082300000, 0x0000000082200000| Untracked 
|  35|0x0000000082300000, 0x0000000082400000, 0x0000000082400000|100%| O|  |TAMS 0x0000000082400000, 0x0000000082300000| Untracked 
|  36|0x0000000082400000, 0x0000000082500000, 0x0000000082500000|100%| O|  |TAMS 0x0000000082500000, 0x0000000082400000| Untracked 
|  37|0x0000000082500000, 0x0000000082600000, 0x0000000082600000|100%| O|  |TAMS 0x0000000082600000, 0x0000000082500000| Untracked 
|  38|0x0000000082600000, 0x0000000082700000, 0x0000000082700000|100%| O|  |TAMS 0x0000000082700000, 0x0000000082600000| Untracked 
|  39|0x0000000082700000, 0x0000000082800000, 0x0000000082800000|100%| O|  |TAMS 0x0000000082800000, 0x0000000082700000| Untracked 
|  40|0x0000000082800000, 0x0000000082900000, 0x0000000082900000|100%| O|  |TAMS 0x0000000082900000, 0x0000000082800000| Untracked 
|  41|0x0000000082900000, 0x0000000082a00000, 0x0000000082a00000|100%| O|  |TAMS 0x0000000082a00000, 0x0000000082900000| Untracked 
|  42|0x0000000082a00000, 0x0000000082b00000, 0x0000000082b00000|100%| O|  |TAMS 0x0000000082b00000, 0x0000000082a00000| Untracked 
|  43|0x0000000082b00000, 0x0000000082c00000, 0x0000000082c00000|100%| O|  |TAMS 0x0000000082c00000, 0x0000000082b00000| Untracked 
|  44|0x0000000082c00000, 0x0000000082d00000, 0x0000000082d00000|100%| O|  |TAMS 0x0000000082d00000, 0x0000000082c00000| Untracked 
|  45|0x0000000082d00000, 0x0000000082e00000, 0x0000000082e00000|100%| O|  |TAMS 0x0000000082e00000, 0x0000000082d00000| Untracked 
|  46|0x0000000082e00000, 0x0000000082f00000, 0x0000000082f00000|100%| O|  |TAMS 0x0000000082f00000, 0x0000000082e00000| Untracked 
|  47|0x0000000082f00000, 0x0000000083000000, 0x0000000083000000|100%| O|  |TAMS 0x0000000083000000, 0x0000000082f00000| Untracked 
|  48|0x0000000083000000, 0x0000000083100000, 0x0000000083100000|100%| O|  |TAMS 0x0000000083100000, 0x0000000083000000| Untracked 
|  49|0x0000000083100000, 0x0000000083200000, 0x0000000083200000|100%| O|  |TAMS 0x0000000083200000, 0x0000000083100000| Untracked 
|  50|0x0000000083200000, 0x0000000083300000, 0x0000000083300000|100%| O|  |TAMS 0x0000000083300000, 0x0000000083200000| Untracked 
|  51|0x0000000083300000, 0x0000000083400000, 0x0000000083400000|100%| O|  |TAMS 0x0000000083400000, 0x0000000083300000| Untracked 
|  52|0x0000000083400000, 0x0000000083500000, 0x0000000083500000|100%| O|  |TAMS 0x0000000083500000, 0x0000000083400000| Untracked 
|  53|0x0000000083500000, 0x0000000083600000, 0x0000000083600000|100%| O|  |TAMS 0x0000000083600000, 0x0000000083500000| Untracked 
|  54|0x0000000083600000, 0x0000000083700000, 0x0000000083700000|100%| O|  |TAMS 0x0000000083700000, 0x0000000083600000| Untracked 
|  55|0x0000000083700000, 0x0000000083800000, 0x0000000083800000|100%| O|  |TAMS 0x0000000083800000, 0x0000000083700000| Untracked 
|  56|0x0000000083800000, 0x0000000083900000, 0x0000000083900000|100%| O|  |TAMS 0x0000000083900000, 0x0000000083800000| Untracked 
|  57|0x0000000083900000, 0x0000000083a00000, 0x0000000083a00000|100%| O|  |TAMS 0x0000000083a00000, 0x0000000083900000| Untracked 
|  58|0x0000000083a00000, 0x0000000083b00000, 0x0000000083b00000|100%| O|  |TAMS 0x0000000083b00000, 0x0000000083a00000| Untracked 
|  59|0x0000000083b00000, 0x0000000083c00000, 0x0000000083c00000|100%| O|  |TAMS 0x0000000083c00000, 0x0000000083b00000| Untracked 
|  60|0x0000000083c00000, 0x0000000083d00000, 0x0000000083d00000|100%| O|  |TAMS 0x0000000083d00000, 0x0000000083c00000| Untracked 
|  61|0x0000000083d00000, 0x0000000083e00000, 0x0000000083e00000|100%| O|  |TAMS 0x0000000083e00000, 0x0000000083d00000| Untracked 
|  62|0x0000000083e00000, 0x0000000083f00000, 0x0000000083f00000|100%| O|  |TAMS 0x0000000083f00000, 0x0000000083e00000| Untracked 
|  63|0x0000000083f00000, 0x0000000084000000, 0x0000000084000000|100%| O|  |TAMS 0x0000000084000000, 0x0000000083f00000| Untracked 
|  64|0x0000000084000000, 0x0000000084100000, 0x0000000084100000|100%| O|  |TAMS 0x0000000084100000, 0x0000000084000000| Untracked 
|  65|0x0000000084100000, 0x0000000084200000, 0x0000000084200000|100%| O|  |TAMS 0x0000000084200000, 0x0000000084100000| Untracked 
|  66|0x0000000084200000, 0x0000000084300000, 0x0000000084300000|100%| O|  |TAMS 0x0000000084300000, 0x0000000084200000| Untracked 
|  67|0x0000000084300000, 0x0000000084400000, 0x0000000084400000|100%| O|  |TAMS 0x0000000084400000, 0x0000000084300000| Untracked 
|  68|0x0000000084400000, 0x0000000084500000, 0x0000000084500000|100%| O|  |TAMS 0x0000000084500000, 0x0000000084400000| Untracked 
|  69|0x0000000084500000, 0x0000000084600000, 0x0000000084600000|100%| O|  |TAMS 0x0000000084600000, 0x0000000084500000| Untracked 
|  70|0x0000000084600000, 0x0000000084700000, 0x0000000084700000|100%| O|  |TAMS 0x0000000084700000, 0x0000000084600000| Untracked 
|  71|0x0000000084700000, 0x0000000084800000, 0x0000000084800000|100%| O|  |TAMS 0x0000000084800000, 0x0000000084700000| Untracked 
|  72|0x0000000084800000, 0x0000000084900000, 0x0000000084900000|100%| O|  |TAMS 0x0000000084900000, 0x0000000084800000| Untracked 
|  73|0x0000000084900000, 0x0000000084a00000, 0x0000000084a00000|100%| O|  |TAMS 0x0000000084a00000, 0x0000000084900000| Untracked 
|  74|0x0000000084a00000, 0x0000000084b00000, 0x0000000084b00000|100%| O|  |TAMS 0x0000000084b00000, 0x0000000084a00000| Untracked 
|  75|0x0000000084b00000, 0x0000000084c00000, 0x0000000084c00000|100%| O|  |TAMS 0x0000000084c00000, 0x0000000084b00000| Untracked 
|  76|0x0000000084c00000, 0x0000000084d00000, 0x0000000084d00000|100%| O|  |TAMS 0x0000000084d00000, 0x0000000084c00000| Untracked 
|  77|0x0000000084d00000, 0x0000000084e00000, 0x0000000084e00000|100%| O|  |TAMS 0x0000000084e00000, 0x0000000084d00000| Untracked 
|  78|0x0000000084e00000, 0x0000000084f00000, 0x0000000084f00000|100%| O|  |TAMS 0x0000000084f00000, 0x0000000084e00000| Untracked 
|  79|0x0000000084f00000, 0x0000000085000000, 0x0000000085000000|100%| O|  |TAMS 0x0000000085000000, 0x0000000084f00000| Untracked 
|  80|0x0000000085000000, 0x0000000085100000, 0x0000000085100000|100%| O|  |TAMS 0x0000000085100000, 0x0000000085000000| Untracked 
|  81|0x0000000085100000, 0x0000000085200000, 0x0000000085200000|100%| O|  |TAMS 0x0000000085200000, 0x0000000085100000| Untracked 
|  82|0x0000000085200000, 0x0000000085300000, 0x0000000085300000|100%| O|  |TAMS 0x0000000085300000, 0x0000000085200000| Untracked 
|  83|0x0000000085300000, 0x0000000085400000, 0x0000000085400000|100%| O|  |TAMS 0x0000000085400000, 0x0000000085300000| Untracked 
|  84|0x0000000085400000, 0x0000000085500000, 0x0000000085500000|100%| O|  |TAMS 0x0000000085500000, 0x0000000085400000| Untracked 
|  85|0x0000000085500000, 0x0000000085600000, 0x0000000085600000|100%| O|  |TAMS 0x0000000085600000, 0x0000000085500000| Untracked 
|  86|0x0000000085600000, 0x0000000085700000, 0x0000000085700000|100%| O|  |TAMS 0x0000000085700000, 0x0000000085600000| Untracked 
|  87|0x0000000085700000, 0x0000000085800000, 0x0000000085800000|100%| O|  |TAMS 0x0000000085800000, 0x0000000085700000| Untracked 
|  88|0x0000000085800000, 0x0000000085900000, 0x0000000085900000|100%| O|  |TAMS 0x0000000085900000, 0x0000000085800000| Untracked 
|  89|0x0000000085900000, 0x0000000085a00000, 0x0000000085a00000|100%| O|  |TAMS 0x0000000085a00000, 0x0000000085900000| Untracked 
|  90|0x0000000085a00000, 0x0000000085b00000, 0x0000000085b00000|100%| O|  |TAMS 0x0000000085b00000, 0x0000000085a00000| Untracked 
|  91|0x0000000085b00000, 0x0000000085c00000, 0x0000000085c00000|100%| O|  |TAMS 0x0000000085c00000, 0x0000000085b00000| Untracked 
|  92|0x0000000085c00000, 0x0000000085d00000, 0x0000000085d00000|100%| O|  |TAMS 0x0000000085d00000, 0x0000000085c00000| Untracked 
|  93|0x0000000085d00000, 0x0000000085e00000, 0x0000000085e00000|100%| O|  |TAMS 0x0000000085e00000, 0x0000000085d00000| Untracked 
|  94|0x0000000085e00000, 0x0000000085f00000, 0x0000000085f00000|100%| O|  |TAMS 0x0000000085f00000, 0x0000000085e00000| Untracked 
|  95|0x0000000085f00000, 0x0000000086000000, 0x0000000086000000|100%| O|  |TAMS 0x0000000086000000, 0x0000000085f00000| Untracked 
|  96|0x0000000086000000, 0x0000000086100000, 0x0000000086100000|100%| O|  |TAMS 0x0000000086100000, 0x0000000086000000| Untracked 
|  97|0x0000000086100000, 0x0000000086200000, 0x0000000086200000|100%| O|  |TAMS 0x0000000086200000, 0x0000000086100000| Untracked 
|  98|0x0000000086200000, 0x0000000086300000, 0x0000000086300000|100%| O|  |TAMS 0x0000000086300000, 0x0000000086200000| Untracked 
|  99|0x0000000086300000, 0x0000000086400000, 0x0000000086400000|100%| O|  |TAMS 0x0000000086400000, 0x0000000086300000| Untracked 
| 100|0x0000000086400000, 0x0000000086500000, 0x0000000086500000|100%| O|  |TAMS 0x0000000086500000, 0x0000000086400000| Untracked 
| 101|0x0000000086500000, 0x0000000086600000, 0x0000000086600000|100%| O|  |TAMS 0x0000000086600000, 0x0000000086500000| Untracked 
| 102|0x0000000086600000, 0x0000000086700000, 0x0000000086700000|100%| O|  |TAMS 0x0000000086700000, 0x0000000086600000| Untracked 
| 103|0x0000000086700000, 0x0000000086800000, 0x0000000086800000|100%| O|  |TAMS 0x0000000086800000, 0x0000000086700000| Untracked 
| 104|0x0000000086800000, 0x0000000086900000, 0x0000000086900000|100%| O|  |TAMS 0x0000000086900000, 0x0000000086800000| Untracked 
| 105|0x0000000086900000, 0x0000000086a00000, 0x0000000086a00000|100%| O|  |TAMS 0x0000000086a00000, 0x0000000086900000| Untracked 
| 106|0x0000000086a00000, 0x0000000086b00000, 0x0000000086b00000|100%| O|  |TAMS 0x0000000086b00000, 0x0000000086a00000| Untracked 
| 107|0x0000000086b00000, 0x0000000086c00000, 0x0000000086c00000|100%| O|  |TAMS 0x0000000086c00000, 0x0000000086b00000| Untracked 
| 108|0x0000000086c00000, 0x0000000086d00000, 0x0000000086d00000|100%| O|  |TAMS 0x0000000086d00000, 0x0000000086c00000| Untracked 
| 109|0x0000000086d00000, 0x0000000086e00000, 0x0000000086e00000|100%| O|  |TAMS 0x0000000086e00000, 0x0000000086d00000| Untracked 
| 110|0x0000000086e00000, 0x0000000086f00000, 0x0000000086f00000|100%| O|  |TAMS 0x0000000086f00000, 0x0000000086e00000| Untracked 
| 111|0x0000000086f00000, 0x0000000087000000, 0x0000000087000000|100%| O|  |TAMS 0x0000000087000000, 0x0000000086f00000| Untracked 
| 112|0x0000000087000000, 0x0000000087100000, 0x0000000087100000|100%| O|  |TAMS 0x0000000087100000, 0x0000000087000000| Untracked 
| 113|0x0000000087100000, 0x0000000087200000, 0x0000000087200000|100%| O|  |TAMS 0x0000000087200000, 0x0000000087100000| Untracked 
| 114|0x0000000087200000, 0x0000000087300000, 0x0000000087300000|100%| O|  |TAMS 0x0000000087300000, 0x0000000087200000| Untracked 
| 115|0x0000000087300000, 0x0000000087400000, 0x0000000087400000|100%| O|  |TAMS 0x0000000087400000, 0x0000000087300000| Untracked 
| 116|0x0000000087400000, 0x0000000087500000, 0x0000000087500000|100%| O|  |TAMS 0x0000000087500000, 0x0000000087400000| Untracked 
| 117|0x0000000087500000, 0x0000000087600000, 0x0000000087600000|100%| O|  |TAMS 0x0000000087600000, 0x0000000087500000| Untracked 
| 118|0x0000000087600000, 0x0000000087700000, 0x0000000087700000|100%| O|  |TAMS 0x0000000087700000, 0x0000000087600000| Untracked 
| 119|0x0000000087700000, 0x0000000087800000, 0x0000000087800000|100%| O|  |TAMS 0x0000000087800000, 0x0000000087700000| Untracked 
| 120|0x0000000087800000, 0x0000000087900000, 0x0000000087900000|100%| O|  |TAMS 0x0000000087900000, 0x0000000087800000| Untracked 
| 121|0x0000000087900000, 0x0000000087a00000, 0x0000000087a00000|100%| O|  |TAMS 0x0000000087a00000, 0x0000000087900000| Untracked 
| 122|0x0000000087a00000, 0x0000000087b00000, 0x0000000087b00000|100%| O|  |TAMS 0x0000000087b00000, 0x0000000087a00000| Untracked 
| 123|0x0000000087b00000, 0x0000000087c00000, 0x0000000087c00000|100%| O|  |TAMS 0x0000000087c00000, 0x0000000087b00000| Untracked 
| 124|0x0000000087c00000, 0x0000000087d00000, 0x0000000087d00000|100%| O|  |TAMS 0x0000000087d00000, 0x0000000087c00000| Untracked 
| 125|0x0000000087d00000, 0x0000000087e00000, 0x0000000087e00000|100%| O|  |TAMS 0x0000000087e00000, 0x0000000087d00000| Untracked 
| 126|0x0000000087e00000, 0x0000000087f00000, 0x0000000087f00000|100%| O|  |TAMS 0x0000000087f00000, 0x0000000087e00000| Untracked 
| 127|0x0000000087f00000, 0x0000000088000000, 0x0000000088000000|100%| O|  |TAMS 0x0000000088000000, 0x0000000087f00000| Untracked 
| 128|0x0000000088000000, 0x0000000088100000, 0x0000000088100000|100%| O|  |TAMS 0x0000000088100000, 0x0000000088000000| Untracked 
| 129|0x0000000088100000, 0x0000000088200000, 0x0000000088200000|100%| O|  |TAMS 0x0000000088200000, 0x0000000088100000| Untracked 
| 130|0x0000000088200000, 0x0000000088300000, 0x0000000088300000|100%| O|  |TAMS 0x0000000088300000, 0x0000000088200000| Untracked 
| 131|0x0000000088300000, 0x0000000088400000, 0x0000000088400000|100%| O|  |TAMS 0x0000000088400000, 0x0000000088300000| Untracked 
| 132|0x0000000088400000, 0x0000000088500000, 0x0000000088500000|100%| O|  |TAMS 0x0000000088500000, 0x0000000088400000| Untracked 
| 133|0x0000000088500000, 0x0000000088600000, 0x0000000088600000|100%| O|  |TAMS 0x0000000088600000, 0x0000000088500000| Untracked 
| 134|0x0000000088600000, 0x0000000088700000, 0x0000000088700000|100%| O|  |TAMS 0x0000000088700000, 0x0000000088600000| Untracked 
| 135|0x0000000088700000, 0x0000000088800000, 0x0000000088800000|100%| O|  |TAMS 0x0000000088800000, 0x0000000088700000| Untracked 
| 136|0x0000000088800000, 0x0000000088900000, 0x0000000088900000|100%| O|  |TAMS 0x0000000088900000, 0x0000000088800000| Untracked 
| 137|0x0000000088900000, 0x0000000088a00000, 0x0000000088a00000|100%| O|  |TAMS 0x0000000088a00000, 0x0000000088900000| Untracked 
| 138|0x0000000088a00000, 0x0000000088b00000, 0x0000000088b00000|100%| O|  |TAMS 0x0000000088b00000, 0x0000000088a00000| Untracked 
| 139|0x0000000088b00000, 0x0000000088c00000, 0x0000000088c00000|100%| O|  |TAMS 0x0000000088c00000, 0x0000000088b00000| Untracked 
| 140|0x0000000088c00000, 0x0000000088d00000, 0x0000000088d00000|100%| O|  |TAMS 0x0000000088d00000, 0x0000000088c00000| Untracked 
| 141|0x0000000088d00000, 0x0000000088e00000, 0x0000000088e00000|100%| O|  |TAMS 0x0000000088e00000, 0x0000000088d00000| Untracked 
| 142|0x0000000088e00000, 0x0000000088f00000, 0x0000000088f00000|100%| O|  |TAMS 0x0000000088f00000, 0x0000000088e00000| Untracked 
| 143|0x0000000088f00000, 0x0000000089000000, 0x0000000089000000|100%| O|  |TAMS 0x0000000089000000, 0x0000000088f00000| Untracked 
| 144|0x0000000089000000, 0x0000000089100000, 0x0000000089100000|100%| O|  |TAMS 0x0000000089100000, 0x0000000089000000| Untracked 
| 145|0x0000000089100000, 0x0000000089200000, 0x0000000089200000|100%| O|  |TAMS 0x0000000089200000, 0x0000000089100000| Untracked 
| 146|0x0000000089200000, 0x0000000089300000, 0x0000000089300000|100%| O|  |TAMS 0x0000000089300000, 0x0000000089200000| Untracked 
| 147|0x0000000089300000, 0x0000000089400000, 0x0000000089400000|100%| O|  |TAMS 0x0000000089400000, 0x0000000089300000| Untracked 
| 148|0x0000000089400000, 0x0000000089500000, 0x0000000089500000|100%| O|  |TAMS 0x0000000089500000, 0x0000000089400000| Untracked 
| 149|0x0000000089500000, 0x0000000089600000, 0x0000000089600000|100%| O|  |TAMS 0x0000000089600000, 0x0000000089500000| Untracked 
| 150|0x0000000089600000, 0x0000000089700000, 0x0000000089700000|100%| O|  |TAMS 0x0000000089700000, 0x0000000089600000| Untracked 
| 151|0x0000000089700000, 0x0000000089800000, 0x0000000089800000|100%| O|  |TAMS 0x0000000089800000, 0x0000000089700000| Untracked 
| 152|0x0000000089800000, 0x0000000089900000, 0x0000000089900000|100%| O|  |TAMS 0x0000000089900000, 0x0000000089800000| Untracked 
| 153|0x0000000089900000, 0x0000000089a00000, 0x0000000089a00000|100%| O|  |TAMS 0x0000000089a00000, 0x0000000089900000| Untracked 
| 154|0x0000000089a00000, 0x0000000089a00000, 0x0000000089b00000|  0%| F|  |TAMS 0x0000000089a00000, 0x0000000089a00000| Untracked 
| 155|0x0000000089b00000, 0x0000000089b00000, 0x0000000089c00000|  0%| F|  |TAMS 0x0000000089b00000, 0x0000000089b00000| Untracked 
| 156|0x0000000089c00000, 0x0000000089c00000, 0x0000000089d00000|  0%| F|  |TAMS 0x0000000089c00000, 0x0000000089c00000| Untracked 
| 157|0x0000000089d00000, 0x0000000089d00000, 0x0000000089e00000|  0%| F|  |TAMS 0x0000000089d00000, 0x0000000089d00000| Untracked 
| 158|0x0000000089e00000, 0x0000000089e00000, 0x0000000089f00000|  0%| F|  |TAMS 0x0000000089e00000, 0x0000000089e00000| Untracked 
| 159|0x0000000089f00000, 0x0000000089f00000, 0x000000008a000000|  0%| F|  |TAMS 0x0000000089f00000, 0x0000000089f00000| Untracked 
| 160|0x000000008a000000, 0x000000008a000000, 0x000000008a100000|  0%| F|  |TAMS 0x000000008a000000, 0x000000008a000000| Untracked 
| 161|0x000000008a100000, 0x000000008a100000, 0x000000008a200000|  0%| F|  |TAMS 0x000000008a100000, 0x000000008a100000| Untracked 
| 162|0x000000008a200000, 0x000000008a200000, 0x000000008a300000|  0%| F|  |TAMS 0x000000008a200000, 0x000000008a200000| Untracked 
| 163|0x000000008a300000, 0x000000008a300000, 0x000000008a400000|  0%| F|  |TAMS 0x000000008a300000, 0x000000008a300000| Untracked 
| 164|0x000000008a400000, 0x000000008a400000, 0x000000008a500000|  0%| F|  |TAMS 0x000000008a400000, 0x000000008a400000| Untracked 
| 165|0x000000008a500000, 0x000000008a500000, 0x000000008a600000|  0%| F|  |TAMS 0x000000008a500000, 0x000000008a500000| Untracked 
| 166|0x000000008a600000, 0x000000008a600000, 0x000000008a700000|  0%| F|  |TAMS 0x000000008a600000, 0x000000008a600000| Untracked 
| 167|0x000000008a700000, 0x000000008a700000, 0x000000008a800000|  0%| F|  |TAMS 0x000000008a700000, 0x000000008a700000| Untracked 
| 168|0x000000008a800000, 0x000000008a800000, 0x000000008a900000|  0%| F|  |TAMS 0x000000008a800000, 0x000000008a800000| Untracked 
| 169|0x000000008a900000, 0x000000008a900000, 0x000000008aa00000|  0%| F|  |TAMS 0x000000008a900000, 0x000000008a900000| Untracked 
| 170|0x000000008aa00000, 0x000000008aa00000, 0x000000008ab00000|  0%| F|  |TAMS 0x000000008aa00000, 0x000000008aa00000| Untracked 
| 171|0x000000008ab00000, 0x000000008ab00000, 0x000000008ac00000|  0%| F|  |TAMS 0x000000008ab00000, 0x000000008ab00000| Untracked 
| 172|0x000000008ac00000, 0x000000008ac00000, 0x000000008ad00000|  0%| F|  |TAMS 0x000000008ac00000, 0x000000008ac00000| Untracked 
| 173|0x000000008ad00000, 0x000000008ad00000, 0x000000008ae00000|  0%| F|  |TAMS 0x000000008ad00000, 0x000000008ad00000| Untracked 
| 174|0x000000008ae00000, 0x000000008ae00000, 0x000000008af00000|  0%| F|  |TAMS 0x000000008ae00000, 0x000000008ae00000| Untracked 
| 175|0x000000008af00000, 0x000000008af00000, 0x000000008b000000|  0%| F|  |TAMS 0x000000008af00000, 0x000000008af00000| Untracked 
| 176|0x000000008b000000, 0x000000008b000000, 0x000000008b100000|  0%| F|  |TAMS 0x000000008b000000, 0x000000008b000000| Untracked 
| 177|0x000000008b100000, 0x000000008b100000, 0x000000008b200000|  0%| F|  |TAMS 0x000000008b100000, 0x000000008b100000| Untracked 
| 178|0x000000008b200000, 0x000000008b200000, 0x000000008b300000|  0%| F|  |TAMS 0x000000008b200000, 0x000000008b200000| Untracked 
| 179|0x000000008b300000, 0x000000008b300000, 0x000000008b400000|  0%| F|  |TAMS 0x000000008b300000, 0x000000008b300000| Untracked 
| 180|0x000000008b400000, 0x000000008b400000, 0x000000008b500000|  0%| F|  |TAMS 0x000000008b400000, 0x000000008b400000| Untracked 
| 181|0x000000008b500000, 0x000000008b500000, 0x000000008b600000|  0%| F|  |TAMS 0x000000008b500000, 0x000000008b500000| Untracked 
| 182|0x000000008b600000, 0x000000008b600000, 0x000000008b700000|  0%| F|  |TAMS 0x000000008b600000, 0x000000008b600000| Untracked 
| 183|0x000000008b700000, 0x000000008b700000, 0x000000008b800000|  0%| F|  |TAMS 0x000000008b700000, 0x000000008b700000| Untracked 
| 184|0x000000008b800000, 0x000000008b800000, 0x000000008b900000|  0%| F|  |TAMS 0x000000008b800000, 0x000000008b800000| Untracked 
| 185|0x000000008b900000, 0x000000008b900000, 0x000000008ba00000|  0%| F|  |TAMS 0x000000008b900000, 0x000000008b900000| Untracked 
| 186|0x000000008ba00000, 0x000000008ba00000, 0x000000008bb00000|  0%| F|  |TAMS 0x000000008ba00000, 0x000000008ba00000| Untracked 
| 187|0x000000008bb00000, 0x000000008bb00000, 0x000000008bc00000|  0%| F|  |TAMS 0x000000008bb00000, 0x000000008bb00000| Untracked 
| 188|0x000000008bc00000, 0x000000008bc00000, 0x000000008bd00000|  0%| F|  |TAMS 0x000000008bc00000, 0x000000008bc00000| Untracked 
| 189|0x000000008bd00000, 0x000000008bd00000, 0x000000008be00000|  0%| F|  |TAMS 0x000000008bd00000, 0x000000008bd00000| Untracked 
| 190|0x000000008be00000, 0x000000008be00000, 0x000000008bf00000|  0%| F|  |TAMS 0x000000008be00000, 0x000000008be00000| Untracked 
| 191|0x000000008bf00000, 0x000000008bf00000, 0x000000008c000000|  0%| F|  |TAMS 0x000000008bf00000, 0x000000008bf00000| Untracked 
| 192|0x000000008c000000, 0x000000008c000000, 0x000000008c100000|  0%| F|  |TAMS 0x000000008c000000, 0x000000008c000000| Untracked 
| 193|0x000000008c100000, 0x000000008c100000, 0x000000008c200000|  0%| F|  |TAMS 0x000000008c100000, 0x000000008c100000| Untracked 
| 194|0x000000008c200000, 0x000000008c200000, 0x000000008c300000|  0%| F|  |TAMS 0x000000008c200000, 0x000000008c200000| Untracked 
| 195|0x000000008c300000, 0x000000008c300000, 0x000000008c400000|  0%| F|  |TAMS 0x000000008c300000, 0x000000008c300000| Untracked 
| 196|0x000000008c400000, 0x000000008c400000, 0x000000008c500000|  0%| F|  |TAMS 0x000000008c400000, 0x000000008c400000| Untracked 
| 197|0x000000008c500000, 0x000000008c500000, 0x000000008c600000|  0%| F|  |TAMS 0x000000008c500000, 0x000000008c500000| Untracked 
| 198|0x000000008c600000, 0x000000008c600000, 0x000000008c700000|  0%| F|  |TAMS 0x000000008c600000, 0x000000008c600000| Untracked 
| 199|0x000000008c700000, 0x000000008c700000, 0x000000008c800000|  0%| F|  |TAMS 0x000000008c700000, 0x000000008c700000| Untracked 
| 200|0x000000008c800000, 0x000000008c800000, 0x000000008c900000|  0%| F|  |TAMS 0x000000008c800000, 0x000000008c800000| Untracked 
| 201|0x000000008c900000, 0x000000008c900000, 0x000000008ca00000|  0%| F|  |TAMS 0x000000008c900000, 0x000000008c900000| Untracked 
| 202|0x000000008ca00000, 0x000000008ca00000, 0x000000008cb00000|  0%| F|  |TAMS 0x000000008ca00000, 0x000000008ca00000| Untracked 
| 203|0x000000008cb00000, 0x000000008cb00000, 0x000000008cc00000|  0%| F|  |TAMS 0x000000008cb00000, 0x000000008cb00000| Untracked 
| 204|0x000000008cc00000, 0x000000008cc00000, 0x000000008cd00000|  0%| F|  |TAMS 0x000000008cc00000, 0x000000008cc00000| Untracked 
| 205|0x000000008cd00000, 0x000000008cd00000, 0x000000008ce00000|  0%| F|  |TAMS 0x000000008cd00000, 0x000000008cd00000| Untracked 
| 206|0x000000008ce00000, 0x000000008ce00000, 0x000000008cf00000|  0%| F|  |TAMS 0x000000008ce00000, 0x000000008ce00000| Untracked 
| 207|0x000000008cf00000, 0x000000008cf00000, 0x000000008d000000|  0%| F|  |TAMS 0x000000008cf00000, 0x000000008cf00000| Untracked 
| 208|0x000000008d000000, 0x000000008d000000, 0x000000008d100000|  0%| F|  |TAMS 0x000000008d000000, 0x000000008d000000| Untracked 
| 209|0x000000008d100000, 0x000000008d100000, 0x000000008d200000|  0%| F|  |TAMS 0x000000008d100000, 0x000000008d100000| Untracked 
| 210|0x000000008d200000, 0x000000008d200000, 0x000000008d300000|  0%| F|  |TAMS 0x000000008d200000, 0x000000008d200000| Untracked 
| 211|0x000000008d300000, 0x000000008d300000, 0x000000008d400000|  0%| F|  |TAMS 0x000000008d300000, 0x000000008d300000| Untracked 
| 212|0x000000008d400000, 0x000000008d400000, 0x000000008d500000|  0%| F|  |TAMS 0x000000008d400000, 0x000000008d400000| Untracked 
| 213|0x000000008d500000, 0x000000008d500000, 0x000000008d600000|  0%| F|  |TAMS 0x000000008d500000, 0x000000008d500000| Untracked 
| 214|0x000000008d600000, 0x000000008d600000, 0x000000008d700000|  0%| F|  |TAMS 0x000000008d600000, 0x000000008d600000| Untracked 
| 215|0x000000008d700000, 0x000000008d700000, 0x000000008d800000|  0%| F|  |TAMS 0x000000008d700000, 0x000000008d700000| Untracked 
| 216|0x000000008d800000, 0x000000008d800000, 0x000000008d900000|  0%| F|  |TAMS 0x000000008d800000, 0x000000008d800000| Untracked 
| 217|0x000000008d900000, 0x000000008d900000, 0x000000008da00000|  0%| F|  |TAMS 0x000000008d900000, 0x000000008d900000| Untracked 
| 218|0x000000008da00000, 0x000000008da1c290, 0x000000008db00000| 11%| S|CS|TAMS 0x000000008da00000, 0x000000008da00000| Complete 
| 219|0x000000008db00000, 0x000000008dc00000, 0x000000008dc00000|100%| S|CS|TAMS 0x000000008db00000, 0x000000008db00000| Complete 
| 220|0x000000008dc00000, 0x000000008dc00000, 0x000000008dd00000|  0%| F|  |TAMS 0x000000008dc00000, 0x000000008dc00000| Untracked 
| 221|0x000000008dd00000, 0x000000008dd00000, 0x000000008de00000|  0%| F|  |TAMS 0x000000008dd00000, 0x000000008dd00000| Untracked 
| 222|0x000000008de00000, 0x000000008de00000, 0x000000008df00000|  0%| F|  |TAMS 0x000000008de00000, 0x000000008de00000| Untracked 
| 223|0x000000008df00000, 0x000000008df00000, 0x000000008e000000|  0%| F|  |TAMS 0x000000008df00000, 0x000000008df00000| Untracked 
| 224|0x000000008e000000, 0x000000008e000000, 0x000000008e100000|  0%| F|  |TAMS 0x000000008e000000, 0x000000008e000000| Untracked 
| 225|0x000000008e100000, 0x000000008e100000, 0x000000008e200000|  0%| F|  |TAMS 0x000000008e100000, 0x000000008e100000| Untracked 
| 226|0x000000008e200000, 0x000000008e200000, 0x000000008e300000|  0%| F|  |TAMS 0x000000008e200000, 0x000000008e200000| Untracked 
| 227|0x000000008e300000, 0x000000008e300000, 0x000000008e400000|  0%| F|  |TAMS 0x000000008e300000, 0x000000008e300000| Untracked 
| 228|0x000000008e400000, 0x000000008e400000, 0x000000008e500000|  0%| F|  |TAMS 0x000000008e400000, 0x000000008e400000| Untracked 
| 229|0x000000008e500000, 0x000000008e500000, 0x000000008e600000|  0%| F|  |TAMS 0x000000008e500000, 0x000000008e500000| Untracked 
| 230|0x000000008e600000, 0x000000008e600000, 0x000000008e700000|  0%| F|  |TAMS 0x000000008e600000, 0x000000008e600000| Untracked 
| 231|0x000000008e700000, 0x000000008e700000, 0x000000008e800000|  0%| F|  |TAMS 0x000000008e700000, 0x000000008e700000| Untracked 
| 232|0x000000008e800000, 0x000000008e800000, 0x000000008e900000|  0%| F|  |TAMS 0x000000008e800000, 0x000000008e800000| Untracked 
| 233|0x000000008e900000, 0x000000008e900000, 0x000000008ea00000|  0%| F|  |TAMS 0x000000008e900000, 0x000000008e900000| Untracked 
| 234|0x000000008ea00000, 0x000000008ea00000, 0x000000008eb00000|  0%| F|  |TAMS 0x000000008ea00000, 0x000000008ea00000| Untracked 
| 235|0x000000008eb00000, 0x000000008eb00000, 0x000000008ec00000|  0%| F|  |TAMS 0x000000008eb00000, 0x000000008eb00000| Untracked 
| 236|0x000000008ec00000, 0x000000008ec00000, 0x000000008ed00000|  0%| F|  |TAMS 0x000000008ec00000, 0x000000008ec00000| Untracked 
| 237|0x000000008ed00000, 0x000000008ed00000, 0x000000008ee00000|  0%| F|  |TAMS 0x000000008ed00000, 0x000000008ed00000| Untracked 
| 238|0x000000008ee00000, 0x000000008ee00000, 0x000000008ef00000|  0%| F|  |TAMS 0x000000008ee00000, 0x000000008ee00000| Untracked 
| 239|0x000000008ef00000, 0x000000008ef00000, 0x000000008f000000|  0%| F|  |TAMS 0x000000008ef00000, 0x000000008ef00000| Untracked 
| 240|0x000000008f000000, 0x000000008f000000, 0x000000008f100000|  0%| F|  |TAMS 0x000000008f000000, 0x000000008f000000| Untracked 
| 241|0x000000008f100000, 0x000000008f100000, 0x000000008f200000|  0%| F|  |TAMS 0x000000008f100000, 0x000000008f100000| Untracked 
| 242|0x000000008f200000, 0x000000008f200000, 0x000000008f300000|  0%| F|  |TAMS 0x000000008f200000, 0x000000008f200000| Untracked 
| 243|0x000000008f300000, 0x000000008f300000, 0x000000008f400000|  0%| F|  |TAMS 0x000000008f300000, 0x000000008f300000| Untracked 
| 244|0x000000008f400000, 0x000000008f400000, 0x000000008f500000|  0%| F|  |TAMS 0x000000008f400000, 0x000000008f400000| Untracked 
| 245|0x000000008f500000, 0x000000008f500000, 0x000000008f600000|  0%| F|  |TAMS 0x000000008f500000, 0x000000008f500000| Untracked 
| 246|0x000000008f600000, 0x000000008f600000, 0x000000008f700000|  0%| F|  |TAMS 0x000000008f600000, 0x000000008f600000| Untracked 
| 247|0x000000008f700000, 0x000000008f700000, 0x000000008f800000|  0%| F|  |TAMS 0x000000008f700000, 0x000000008f700000| Untracked 
| 248|0x000000008f800000, 0x000000008f800000, 0x000000008f900000|  0%| F|  |TAMS 0x000000008f800000, 0x000000008f800000| Untracked 
| 249|0x000000008f900000, 0x000000008f900000, 0x000000008fa00000|  0%| F|  |TAMS 0x000000008f900000, 0x000000008f900000| Untracked 
| 250|0x000000008fa00000, 0x000000008fa00000, 0x000000008fb00000|  0%| F|  |TAMS 0x000000008fa00000, 0x000000008fa00000| Untracked 
| 251|0x000000008fb00000, 0x000000008fb00000, 0x000000008fc00000|  0%| F|  |TAMS 0x000000008fb00000, 0x000000008fb00000| Untracked 
| 252|0x000000008fc00000, 0x000000008fc00000, 0x000000008fd00000|  0%| F|  |TAMS 0x000000008fc00000, 0x000000008fc00000| Untracked 
| 253|0x000000008fd00000, 0x000000008fd00000, 0x000000008fe00000|  0%| F|  |TAMS 0x000000008fd00000, 0x000000008fd00000| Untracked 
| 254|0x000000008fe00000, 0x000000008fe00000, 0x000000008ff00000|  0%| F|  |TAMS 0x000000008fe00000, 0x000000008fe00000| Untracked 
| 255|0x000000008ff00000, 0x000000008ff00000, 0x0000000090000000|  0%| F|  |TAMS 0x000000008ff00000, 0x000000008ff00000| Untracked 
| 256|0x0000000090000000, 0x0000000090000000, 0x0000000090100000|  0%| F|  |TAMS 0x0000000090000000, 0x0000000090000000| Untracked 
| 257|0x0000000090100000, 0x0000000090100000, 0x0000000090200000|  0%| F|  |TAMS 0x0000000090100000, 0x0000000090100000| Untracked 
| 258|0x0000000090200000, 0x0000000090200000, 0x0000000090300000|  0%| F|  |TAMS 0x0000000090200000, 0x0000000090200000| Untracked 
| 259|0x0000000090300000, 0x0000000090300000, 0x0000000090400000|  0%| F|  |TAMS 0x0000000090300000, 0x0000000090300000| Untracked 
| 260|0x0000000090400000, 0x0000000090400000, 0x0000000090500000|  0%| F|  |TAMS 0x0000000090400000, 0x0000000090400000| Untracked 
| 261|0x0000000090500000, 0x0000000090500000, 0x0000000090600000|  0%| F|  |TAMS 0x0000000090500000, 0x0000000090500000| Untracked 
| 262|0x0000000090600000, 0x0000000090600000, 0x0000000090700000|  0%| F|  |TAMS 0x0000000090600000, 0x0000000090600000| Untracked 
| 263|0x0000000090700000, 0x0000000090700000, 0x0000000090800000|  0%| F|  |TAMS 0x0000000090700000, 0x0000000090700000| Untracked 
| 264|0x0000000090800000, 0x0000000090800000, 0x0000000090900000|  0%| F|  |TAMS 0x0000000090800000, 0x0000000090800000| Untracked 
| 265|0x0000000090900000, 0x0000000090900000, 0x0000000090a00000|  0%| F|  |TAMS 0x0000000090900000, 0x0000000090900000| Untracked 
| 266|0x0000000090a00000, 0x0000000090a00000, 0x0000000090b00000|  0%| F|  |TAMS 0x0000000090a00000, 0x0000000090a00000| Untracked 
| 267|0x0000000090b00000, 0x0000000090b00000, 0x0000000090c00000|  0%| F|  |TAMS 0x0000000090b00000, 0x0000000090b00000| Untracked 
| 268|0x0000000090c00000, 0x0000000090c00000, 0x0000000090d00000|  0%| F|  |TAMS 0x0000000090c00000, 0x0000000090c00000| Untracked 
| 269|0x0000000090d00000, 0x0000000090d00000, 0x0000000090e00000|  0%| F|  |TAMS 0x0000000090d00000, 0x0000000090d00000| Untracked 
| 270|0x0000000090e00000, 0x0000000090e00000, 0x0000000090f00000|  0%| F|  |TAMS 0x0000000090e00000, 0x0000000090e00000| Untracked 
| 271|0x0000000090f00000, 0x0000000090f00000, 0x0000000091000000|  0%| F|  |TAMS 0x0000000090f00000, 0x0000000090f00000| Untracked 
| 272|0x0000000091000000, 0x0000000091000000, 0x0000000091100000|  0%| F|  |TAMS 0x0000000091000000, 0x0000000091000000| Untracked 
| 273|0x0000000091100000, 0x0000000091100000, 0x0000000091200000|  0%| F|  |TAMS 0x0000000091100000, 0x0000000091100000| Untracked 
| 274|0x0000000091200000, 0x0000000091200000, 0x0000000091300000|  0%| F|  |TAMS 0x0000000091200000, 0x0000000091200000| Untracked 
| 275|0x0000000091300000, 0x0000000091300000, 0x0000000091400000|  0%| F|  |TAMS 0x0000000091300000, 0x0000000091300000| Untracked 
| 276|0x0000000091400000, 0x0000000091400000, 0x0000000091500000|  0%| F|  |TAMS 0x0000000091400000, 0x0000000091400000| Untracked 
| 277|0x0000000091500000, 0x0000000091500000, 0x0000000091600000|  0%| F|  |TAMS 0x0000000091500000, 0x0000000091500000| Untracked 
| 278|0x0000000091600000, 0x0000000091600000, 0x0000000091700000|  0%| F|  |TAMS 0x0000000091600000, 0x0000000091600000| Untracked 
| 279|0x0000000091700000, 0x0000000091700000, 0x0000000091800000|  0%| F|  |TAMS 0x0000000091700000, 0x0000000091700000| Untracked 
| 280|0x0000000091800000, 0x0000000091800000, 0x0000000091900000|  0%| F|  |TAMS 0x0000000091800000, 0x0000000091800000| Untracked 
| 281|0x0000000091900000, 0x0000000091900000, 0x0000000091a00000|  0%| F|  |TAMS 0x0000000091900000, 0x0000000091900000| Untracked 
| 282|0x0000000091a00000, 0x0000000091a00000, 0x0000000091b00000|  0%| F|  |TAMS 0x0000000091a00000, 0x0000000091a00000| Untracked 

Card table byte_map: [0x000002943f8a0000,0x000002943fca0000] _byte_map_base: 0x000002943f4a0000

Marking Bits (Prev, Next): (CMBitMap*) 0x000002942c694f28, (CMBitMap*) 0x000002942c694f60
 Prev Bits: [0x00000294400a0000, 0x00000294420a0000)
 Next Bits: [0x00000294420a0000, 0x00000294440a0000)

Polling page: 0x000002942be20000

Metaspace:

Usage:
  Non-class:     88.74 MB capacity,    87.06 MB ( 98%) used,     1.34 MB (  2%) free+waste,   349.75 KB ( <1%) overhead. 
      Class:     14.25 MB capacity,    13.16 MB ( 92%) used,   955.89 KB (  7%) free+waste,   159.88 KB (  1%) overhead. 
       Both:    102.99 MB capacity,   100.22 MB ( 97%) used,     2.27 MB (  2%) free+waste,   509.62 KB ( <1%) overhead. 

Virtual space:
  Non-class space:       90.00 MB reserved,      89.38 MB (>99%) committed 
      Class space:        1.00 GB reserved,      14.65 MB (  1%) committed 
             Both:        1.09 GB reserved,     104.03 MB (  9%) committed 

Chunk freelists:
   Non-Class:  461.00 KB
       Class:  389.00 KB
        Both:  850.00 KB

MaxMetaspaceSize: 17179869184.00 GB
CompressedClassSpaceSize: 1.00 GB
Initial GC threshold: 20.80 MB
Current GC threshold: 172.96 MB
CDS: off

CodeHeap 'non-profiled nmethods': size=120000Kb used=5206Kb max_used=5206Kb free=114793Kb
 bounds [0x0000029437c40000, 0x0000029438160000, 0x000002943f170000]
CodeHeap 'profiled nmethods': size=120000Kb used=25229Kb max_used=25229Kb free=94770Kb
 bounds [0x0000029430710000, 0x0000029431fc0000, 0x0000029437c40000]
CodeHeap 'non-nmethods': size=5760Kb used=2411Kb max_used=2435Kb free=3348Kb
 bounds [0x0000029430170000, 0x00000294303e0000, 0x0000029430710000]
 total_blobs=13635 nmethods=12698 adapters=848
 compilation: enabled
              stopped_count=0, restarted_count=0
 full_count=0

Compilation events (20 events):
Event: 30.185 Thread 0x0000029446ad5800 nmethod 13233 0x0000029431f99590 code [0x0000029431f99760, 0x0000029431f99968]
Event: 30.185 Thread 0x0000029446ad5800 13238       2       com.android.tools.r8.internal.Fd::<init> (30 bytes)
Event: 30.185 Thread 0x0000029446ad5800 nmethod 13238 0x0000029431f99a90 code [0x0000029431f99c40, 0x0000029431f99df8]
Event: 30.185 Thread 0x0000029446ad5800 13235       2       com.android.tools.r8.internal.G50::S (5 bytes)
Event: 30.185 Thread 0x0000029446ad5800 nmethod 13235 0x0000029431f99e90 code [0x0000029431f9a040, 0x0000029431f9a178]
Event: 30.185 Thread 0x0000029446ad5800 13237       2       com.android.tools.r8.internal.t1::<init> (5 bytes)
Event: 30.185 Thread 0x0000029446ad5800 nmethod 13237 0x0000029431f9a210 code [0x0000029431f9a3c0, 0x0000029431f9a4b8]
Event: 30.185 Thread 0x0000029446ad5800 13234       2       com.android.tools.r8.internal.Ro::l (8 bytes)
Event: 30.186 Thread 0x0000029446ad5800 nmethod 13234 0x0000029431f9a590 code [0x0000029431f9a740, 0x0000029431f9a838]
Event: 30.186 Thread 0x0000029446ad5800 13240       2       com.android.tools.r8.ir.regalloc.i::a (331 bytes)
Event: 30.189 Thread 0x0000029446ad5800 nmethod 13240 0x0000029431f9a910 code [0x0000029431f9ac80, 0x0000029431f9bd18]
Event: 30.189 Thread 0x0000029446ad5800 13242       2       com.android.tools.r8.internal.h9::<init> (247 bytes)
Event: 30.192 Thread 0x0000029446ad5800 nmethod 13242 0x0000029431f9c810 code [0x0000029431f9cb00, 0x0000029431f9dcc8]
Event: 30.192 Thread 0x0000029446ad5800 13245       2       com.android.tools.r8.internal.wh::a (1414 bytes)
Event: 30.234 Thread 0x0000029446ad5800 nmethod 13245 0x0000029431f9e490 code [0x0000029431f9f040, 0x0000029431fa4ae8]
Event: 30.234 Thread 0x0000029446ad5800 13264       3       com.android.tools.r8.graph.K::b (43 bytes)
Event: 30.234 Thread 0x0000029446ad5800 nmethod 13264 0x0000029431fa8e90 code [0x0000029431fa9060, 0x0000029431fa92e8]
Event: 30.234 Thread 0x0000029446ad5800 13263       3       com.android.tools.r8.internal.uc::i (696 bytes)
Event: 30.246 Thread 0x0000029446ad5800 nmethod 13263 0x0000029431fa9410 code [0x0000029431fa9de0, 0x0000029431fb0eb8]
Event: 30.246 Thread 0x0000029446ad5800 13260 %     3       com.android.tools.r8.internal.No::a @ 201 (3406 bytes)

GC Heap History (20 events):
Event: 25.196 GC heap after
{Heap after GC invocations=50 (full 0):
 garbage-first heap   total 176128K, used 93440K [0x0000000080000000, 0x0000000100000000)
  region size 1024K, 8 young (8192K), 8 survivors (8192K)
 Metaspace       used 90872K, capacity 93489K, committed 93724K, reserved 1130496K
  class space    used 11885K, capacity 12902K, committed 12952K, reserved 1048576K
}
Event: 25.853 GC heap before
{Heap before GC invocations=50 (full 0):
 garbage-first heap   total 176128K, used 138496K [0x0000000080000000, 0x0000000100000000)
  region size 1024K, 53 young (54272K), 8 survivors (8192K)
 Metaspace       used 94171K, capacity 97066K, committed 97180K, reserved 1132544K
  class space    used 12382K, capacity 13500K, committed 13592K, reserved 1048576K
}
Event: 25.882 GC heap after
{Heap after GC invocations=51 (full 0):
 garbage-first heap   total 176128K, used 99222K [0x0000000080000000, 0x0000000100000000)
  region size 1024K, 7 young (7168K), 7 survivors (7168K)
 Metaspace       used 94171K, capacity 97066K, committed 97180K, reserved 1132544K
  class space    used 12382K, capacity 13500K, committed 13592K, reserved 1048576K
}
Event: 26.163 GC heap before
{Heap before GC invocations=51 (full 0):
 garbage-first heap   total 176128K, used 140182K [0x0000000080000000, 0x0000000100000000)
  region size 1024K, 47 young (48128K), 7 survivors (7168K)
 Metaspace       used 94660K, capacity 97531K, committed 97692K, reserved 1134592K
  class space    used 12432K, capacity 13548K, committed 13592K, reserved 1048576K
}
Event: 26.212 GC heap after
{Heap after GC invocations=52 (full 0):
 garbage-first heap   total 211968K, used 105923K [0x0000000080000000, 0x0000000100000000)
  region size 1024K, 6 young (6144K), 6 survivors (6144K)
 Metaspace       used 94660K, capacity 97531K, committed 97692K, reserved 1134592K
  class space    used 12432K, capacity 13548K, committed 13592K, reserved 1048576K
}
Event: 27.603 GC heap before
{Heap before GC invocations=53 (full 0):
 garbage-first heap   total 211968K, used 159171K [0x0000000080000000, 0x0000000100000000)
  region size 1024K, 59 young (60416K), 6 survivors (6144K)
 Metaspace       used 96414K, capacity 99345K, committed 99612K, reserved 1134592K
  class space    used 12688K, capacity 13823K, committed 13976K, reserved 1048576K
}
Event: 27.634 GC heap after
{Heap after GC invocations=54 (full 0):
 garbage-first heap   total 211968K, used 116382K [0x0000000080000000, 0x0000000100000000)
  region size 1024K, 8 young (8192K), 8 survivors (8192K)
 Metaspace       used 96414K, capacity 99345K, committed 99612K, reserved 1134592K
  class space    used 12688K, capacity 13823K, committed 13976K, reserved 1048576K
}
Event: 27.810 GC heap before
{Heap before GC invocations=54 (full 0):
 garbage-first heap   total 211968K, used 165534K [0x0000000080000000, 0x0000000100000000)
  region size 1024K, 56 young (57344K), 8 survivors (8192K)
 Metaspace       used 97103K, capacity 99988K, committed 100380K, reserved 1136640K
  class space    used 12770K, capacity 13887K, committed 13976K, reserved 1048576K
}
Event: 27.838 GC heap after
{Heap after GC invocations=55 (full 0):
 garbage-first heap   total 211968K, used 125496K [0x0000000080000000, 0x0000000100000000)
  region size 1024K, 7 young (7168K), 7 survivors (7168K)
 Metaspace       used 97103K, capacity 99988K, committed 100380K, reserved 1136640K
  class space    used 12770K, capacity 13887K, committed 13976K, reserved 1048576K
}
Event: 28.246 GC heap before
{Heap before GC invocations=56 (full 0):
 garbage-first heap   total 211968K, used 168504K [0x0000000080000000, 0x0000000100000000)
  region size 1024K, 50 young (51200K), 7 survivors (7168K)
 Metaspace       used 98107K, capacity 101060K, committed 101916K, reserved 1136640K
  class space    used 12928K, capacity 14152K, committed 14488K, reserved 1048576K
}
Event: 28.273 GC heap after
{Heap after GC invocations=57 (full 0):
 garbage-first heap   total 211968K, used 133550K [0x0000000080000000, 0x0000000100000000)
  region size 1024K, 7 young (7168K), 7 survivors (7168K)
 Metaspace       used 98107K, capacity 101060K, committed 101916K, reserved 1136640K
  class space    used 12928K, capacity 14152K, committed 14488K, reserved 1048576K
}
Event: 28.361 GC heap before
{Heap before GC invocations=57 (full 0):
 garbage-first heap   total 211968K, used 172462K [0x0000000080000000, 0x0000000100000000)
  region size 1024K, 45 young (46080K), 7 survivors (7168K)
 Metaspace       used 98415K, capacity 101389K, committed 102172K, reserved 1136640K
  class space    used 12967K, capacity 14197K, committed 14488K, reserved 1048576K
}
Event: 28.384 GC heap after
{Heap after GC invocations=58 (full 0):
 garbage-first heap   total 289792K, used 140193K [0x0000000080000000, 0x0000000100000000)
  region size 1024K, 6 young (6144K), 6 survivors (6144K)
 Metaspace       used 98415K, capacity 101389K, committed 102172K, reserved 1136640K
  class space    used 12967K, capacity 14197K, committed 14488K, reserved 1048576K
}
Event: 28.711 GC heap before
{Heap before GC invocations=58 (full 0):
 garbage-first heap   total 289792K, used 201633K [0x0000000080000000, 0x0000000100000000)
  region size 1024K, 66 young (67584K), 6 survivors (6144K)
 Metaspace       used 99490K, capacity 102350K, committed 103068K, reserved 1138688K
  class space    used 13143K, capacity 14327K, committed 14616K, reserved 1048576K
}
Event: 28.738 GC heap after
{Heap after GC invocations=59 (full 0):
 garbage-first heap   total 289792K, used 150220K [0x0000000080000000, 0x0000000100000000)
  region size 1024K, 9 young (9216K), 9 survivors (9216K)
 Metaspace       used 99490K, capacity 102350K, committed 103068K, reserved 1138688K
  class space    used 13143K, capacity 14327K, committed 14616K, reserved 1048576K
}
Event: 29.160 GC heap before
{Heap before GC invocations=60 (full 0):
 garbage-first heap   total 289792K, used 210636K [0x0000000080000000, 0x0000000100000000)
  region size 1024K, 68 young (69632K), 9 survivors (9216K)
 Metaspace       used 101739K, capacity 104842K, committed 105244K, reserved 1140736K
  class space    used 13525K, capacity 14798K, committed 15000K, reserved 1048576K
}
Event: 29.185 GC heap after
{Heap after GC invocations=61 (full 0):
 garbage-first heap   total 289792K, used 158533K [0x0000000080000000, 0x0000000100000000)
  region size 1024K, 8 young (8192K), 8 survivors (8192K)
 Metaspace       used 101739K, capacity 104842K, committed 105244K, reserved 1140736K
  class space    used 13525K, capacity 14798K, committed 15000K, reserved 1048576K
}
Event: 29.676 GC heap before
{Heap before GC invocations=61 (full 0):
 garbage-first heap   total 289792K, used 218949K [0x0000000080000000, 0x0000000100000000)
  region size 1024K, 67 young (68608K), 8 survivors (8192K)
 Metaspace       used 102577K, capacity 105730K, committed 106012K, reserved 1140736K
  class space    used 13627K, capacity 14914K, committed 15000K, reserved 1048576K
}
Event: 29.688 GC heap after
{Heap after GC invocations=62 (full 0):
 garbage-first heap   total 289792K, used 159072K [0x0000000080000000, 0x0000000100000000)
  region size 1024K, 2 young (2048K), 2 survivors (2048K)
 Metaspace       used 102577K, capacity 105730K, committed 106012K, reserved 1140736K
  class space    used 13627K, capacity 14914K, committed 15000K, reserved 1048576K
}
Event: 30.283 GC heap before
{Heap before GC invocations=63 (full 0):
 garbage-first heap   total 289792K, used 221536K [0x0000000080000000, 0x0000000100000000)
  region size 1024K, 63 young (64512K), 2 survivors (2048K)
 Metaspace       used 102620K, capacity 105458K, committed 106524K, reserved 1140736K
  class space    used 13471K, capacity 14587K, committed 15000K, reserved 1048576K
}

Deoptimization events (20 events):
Event: 29.965 Thread 0x000002944bef8000 DEOPT PACKING pc=0x0000029431e1419b sp=0x000000be37bf93e0
Event: 29.965 Thread 0x000002944bef8000 DEOPT UNPACKING pc=0x00000294301ba95e sp=0x000000be37bf8850 mode 0
Event: 30.054 Thread 0x000002944c04f000 DEOPT PACKING pc=0x0000029431e1419b sp=0x000000be3abf8fc0
Event: 30.054 Thread 0x000002944c04f000 DEOPT UNPACKING pc=0x00000294301ba95e sp=0x000000be3abf8430 mode 0
Event: 30.072 Thread 0x000002944befd000 DEOPT PACKING pc=0x0000029431e1419b sp=0x000000be37ff9290
Event: 30.072 Thread 0x000002944befd000 DEOPT UNPACKING pc=0x00000294301ba95e sp=0x000000be37ff8700 mode 0
Event: 30.117 Thread 0x000002944befd000 DEOPT PACKING pc=0x0000029431e1419b sp=0x000000be37ff9800
Event: 30.117 Thread 0x000002944befd000 DEOPT UNPACKING pc=0x00000294301ba95e sp=0x000000be37ff8c70 mode 0
Event: 30.167 Thread 0x000002944a029800 DEOPT PACKING pc=0x0000029431e1419b sp=0x000000be368f9ff0
Event: 30.167 Thread 0x000002944a029800 DEOPT UNPACKING pc=0x00000294301ba95e sp=0x000000be368f9460 mode 0
Event: 30.198 Thread 0x000002944a024800 DEOPT PACKING pc=0x0000029431e1419b sp=0x000000be36bf8fb0
Event: 30.198 Thread 0x000002944a024800 DEOPT UNPACKING pc=0x00000294301ba95e sp=0x000000be36bf8420 mode 0
Event: 30.221 Thread 0x000002944befd000 DEOPT PACKING pc=0x0000029431de54eb sp=0x000000be37ff9900
Event: 30.221 Thread 0x000002944befd000 DEOPT UNPACKING pc=0x00000294301ba95e sp=0x000000be37ff8f10 mode 0
Event: 30.222 Thread 0x000002944c044800 DEOPT PACKING pc=0x0000029431e1419b sp=0x000000be39bf9f80
Event: 30.222 Thread 0x000002944c044800 DEOPT UNPACKING pc=0x00000294301ba95e sp=0x000000be39bf93f0 mode 0
Event: 30.258 Thread 0x000002944a029800 DEOPT PACKING pc=0x0000029431e1419b sp=0x000000be368f9620
Event: 30.258 Thread 0x000002944a029800 DEOPT UNPACKING pc=0x00000294301ba95e sp=0x000000be368f8a90 mode 0
Event: 30.276 Thread 0x000002944a029800 DEOPT PACKING pc=0x0000029431e1419b sp=0x000000be368f9ff0
Event: 30.276 Thread 0x000002944a029800 DEOPT UNPACKING pc=0x00000294301ba95e sp=0x000000be368f9460 mode 0

Classes redefined (0 events):
No events

Internal exceptions (20 events):
Event: 27.103 Thread 0x000002944befd000 Exception <a 'java/lang/NoSuchMethodError'{0x000000008c34eb60}: 'void java.lang.invoke.DirectMethodHandle$Holder.invokeStatic(java.lang.Object, java.lang.Object, java.lang.Object, int)'> (0x000000008c34eb60) thrown at [src/hotspot/share/interpreter/linkResolver.cpp, line 773]
Event: 27.104 Thread 0x000002944a024800 Exception <a 'java/lang/NoSuchMethodError'{0x000000008c6ea0e0}: 'void java.lang.invoke.DirectMethodHandle$Holder.invokeStatic(java.lang.Object, java.lang.Object, java.lang.Object, int)'> (0x000000008c6ea0e0) thrown at [src/hotspot/share/interpreter/linkResolver.cpp, line 773]
Event: 27.104 Thread 0x000002944c04f000 Exception <a 'java/lang/NoSuchMethodError'{0x000000008c4c0a40}: 'void java.lang.invoke.DirectMethodHandle$Holder.invokeStatic(java.lang.Object, java.lang.Object, java.lang.Object, int)'> (0x000000008c4c0a40) thrown at [src/hotspot/share/interpreter/linkResolver.cpp, line 773]
Event: 27.109 Thread 0x000002944c04f000 Exception <a 'java/lang/IncompatibleClassChangeError'{0x000000008bb77360}: Found class java.lang.Object, but interface was expected> (0x000000008bb77360) thrown at [src/hotspot/share/interpreter/linkResolver.cpp, line 839]
Event: 27.109 Thread 0x000002944b791000 Exception <a 'java/lang/IncompatibleClassChangeError'{0x000000008bcce100}: Found class java.lang.Object, but interface was expected> (0x000000008bcce100) thrown at [src/hotspot/share/interpreter/linkResolver.cpp, line 839]
Event: 27.941 Thread 0x000002944b791000 Exception <a 'java/lang/NoSuchMethodError'{0x000000008c66bd30}: 'java.lang.Object java.lang.invoke.DirectMethodHandle$Holder.invokeStatic(java.lang.Object, int, java.lang.Object, java.lang.Object)'> (0x000000008c66bd30) thrown at [src/hotspot/share/interpreter/linkResolver.cpp, line 773]
Event: 27.941 Thread 0x000002944c044800 Exception <a 'java/lang/NoSuchMethodError'{0x000000008c64c588}: 'java.lang.Object java.lang.invoke.DirectMethodHandle$Holder.invokeStatic(java.lang.Object, int, java.lang.Object, java.lang.Object)'> (0x000000008c64c588) thrown at [src/hotspot/share/interpreter/linkResolver.cpp, line 773]
Event: 28.387 Thread 0x000002944bef8000 Exception <a 'java/lang/IncompatibleClassChangeError'{0x0000000091a6bdb8}: Found class java.lang.Object, but interface was expected> (0x0000000091a6bdb8) thrown at [src/hotspot/share/interpreter/linkResolver.cpp, line 839]
Event: 28.400 Thread 0x000002944bef8000 Exception <a 'java/lang/IncompatibleClassChangeError'{0x0000000091555700}: Found class java.lang.Object, but interface was expected> (0x0000000091555700) thrown at [src/hotspot/share/interpreter/linkResolver.cpp, line 839]
Event: 28.655 Thread 0x000002944b791000 Exception <a 'java/lang/NoSuchMethodError'{0x000000008ed0f980}: 'void java.lang.invoke.DirectMethodHandle$Holder.invokeSpecial(java.lang.Object, java.lang.Object, int, java.lang.Object)'> (0x000000008ed0f980) thrown at [src/hotspot/share/interpreter/linkResolver.cpp, line 773]
Event: 28.911 Thread 0x000002944bef8000 Exception <a 'java/lang/NoSuchMethodError'{0x000000008feea758}: 'int java.lang.invoke.DirectMethodHandle$Holder.invokeSpecial(java.lang.Object, java.lang.Object, java.lang.Object, int, java.lang.Object)'> (0x000000008feea758) thrown at [src/hotspot/share/interpreter/linkResolver.cpp, line 773]
Event: 28.911 Thread 0x000002944c04f000 Exception <a 'java/lang/NoSuchMethodError'{0x00000000900138b8}: 'int java.lang.invoke.DirectMethodHandle$Holder.invokeSpecial(java.lang.Object, java.lang.Object, java.lang.Object, int, java.lang.Object)'> (0x00000000900138b8) thrown at [src/hotspot/share/interpreter/linkResolver.cpp, line 773]
Event: 28.911 Thread 0x000002944b791000 Exception <a 'java/lang/NoSuchMethodError'{0x000000008ff0a8a8}: 'int java.lang.invoke.DirectMethodHandle$Holder.invokeSpecial(java.lang.Object, java.lang.Object, java.lang.Object, int, java.lang.Object)'> (0x000000008ff0a8a8) thrown at [src/hotspot/share/interpreter/linkResolver.cpp, line 773]
Event: 28.911 Thread 0x000002944a024800 Exception <a 'java/lang/NoSuchMethodError'{0x000000008fe56740}: 'int java.lang.invoke.DirectMethodHandle$Holder.invokeSpecial(java.lang.Object, java.lang.Object, java.lang.Object, int, java.lang.Object)'> (0x000000008fe56740) thrown at [src/hotspot/share/interpreter/linkResolver.cpp, line 773]
Event: 28.911 Thread 0x000002944befd000 Exception <a 'java/lang/NoSuchMethodError'{0x000000008ffe6728}: 'int java.lang.invoke.DirectMethodHandle$Holder.invokeSpecial(java.lang.Object, java.lang.Object, java.lang.Object, int, java.lang.Object)'> (0x000000008ffe6728) thrown at [src/hotspot/share/interpreter/linkResolver.cpp, line 773]
Event: 28.911 Thread 0x000002944c044800 Exception <a 'java/lang/NoSuchMethodError'{0x000000008fda01c8}: 'int java.lang.invoke.DirectMethodHandle$Holder.invokeSpecial(java.lang.Object, java.lang.Object, java.lang.Object, int, java.lang.Object)'> (0x000000008fda01c8) thrown at [src/hotspot/share/interpreter/linkResolver.cpp, line 773]
Event: 29.084 Thread 0x000002944bef8000 Exception <a 'java/lang/NoSuchMethodError'{0x000000008e6453a0}: 'java.lang.Object java.lang.invoke.DirectMethodHandle$Holder.invokeInterface(java.lang.Object, java.lang.Object, int)'> (0x000000008e6453a0) thrown at [src/hotspot/share/interpreter/linkResolver.cpp, line 773]
Event: 29.085 Thread 0x000002944b791000 Exception <a 'java/lang/NoSuchMethodError'{0x000000008e7c1060}: 'java.lang.Object java.lang.invoke.DirectMethodHandle$Holder.invokeInterface(java.lang.Object, java.lang.Object, int)'> (0x000000008e7c1060) thrown at [src/hotspot/share/interpreter/linkResolver.cpp, line 773]
Event: 29.230 Thread 0x000002944a029800 Exception <a 'java/lang/NoSuchMethodError'{0x0000000091a796b0}: 'int java.lang.invoke.DirectMethodHandle$Holder.invokeStatic(java.lang.Object, java.lang.Object, int, java.lang.Object)'> (0x0000000091a796b0) thrown at [src/hotspot/share/interpreter/linkResolver.cpp, line 773]
Event: 30.123 Thread 0x000002944b791000 Exception <a 'java/lang/NoSuchMethodError'{0x000000008f404300}: 'int java.lang.invoke.DirectMethodHandle$Holder.invokeInterface(java.lang.Object, java.lang.Object, int)'> (0x000000008f404300) thrown at [src/hotspot/share/interpreter/linkResolver.cpp, line 773]

Events (20 events):
Event: 30.222 loading class com/android/tools/r8/internal/EI done
Event: 30.224 loading class com/android/tools/r8/internal/EI
Event: 30.224 loading class com/android/tools/r8/internal/EI done
Event: 30.231 loading class com/android/tools/r8/internal/ff
Event: 30.231 loading class com/android/tools/r8/internal/ff done
Event: 30.234 loading class com/android/tools/r8/internal/HI
Event: 30.234 loading class com/android/tools/r8/internal/HI done
Event: 30.234 loading class com/android/tools/r8/graph/O
Event: 30.234 loading class com/android/tools/r8/graph/O done
Event: 30.234 loading class com/android/tools/r8/internal/hf
Event: 30.234 loading class com/android/tools/r8/internal/hf done
Event: 30.235 loading class com/android/tools/r8/internal/Eg
Event: 30.235 loading class com/android/tools/r8/internal/Eg done
Event: 30.249 loading class com/android/tools/r8/internal/U6
Event: 30.249 loading class com/android/tools/r8/internal/U6 done
Event: 30.249 loading class com/android/tools/r8/internal/U6
Event: 30.249 loading class com/android/tools/r8/internal/U6 done
Event: 30.274 loading class com/android/tools/r8/internal/Eg
Event: 30.274 loading class com/android/tools/r8/internal/Eg done
Event: 30.282 Executing VM operation: G1CollectForAllocation


Dynamic libraries:
0x00007ff73a0b0000 - 0x00007ff73a0ba000 	C:\Program Files\Android\Android Studio\jbr\bin\java.exe
0x00007ffe51ef0000 - 0x00007ffe52104000 	C:\WINDOWS\SYSTEM32\ntdll.dll
0x00007ffe51860000 - 0x00007ffe51922000 	C:\WINDOWS\System32\KERNEL32.DLL
0x00007ffe4f3b0000 - 0x00007ffe4f74c000 	C:\WINDOWS\System32\KERNELBASE.dll
0x00007ffe4f980000 - 0x00007ffe4fa91000 	C:\WINDOWS\System32\ucrtbase.dll
0x00007ffe27550000 - 0x00007ffe2756b000 	C:\Program Files\Android\Android Studio\jbr\bin\VCRUNTIME140.dll
0x00007ffe27530000 - 0x00007ffe27547000 	C:\Program Files\Android\Android Studio\jbr\bin\jli.dll
0x00007ffe51330000 - 0x00007ffe514db000 	C:\WINDOWS\System32\USER32.dll
0x00007ffe400c0000 - 0x00007ffe4034e000 	C:\WINDOWS\WinSxS\amd64_microsoft.windows.common-controls_6595b64144ccf1df_6.0.22621.608_none_a9444ca7c10bb01d\COMCTL32.dll
0x00007ffe4fcd0000 - 0x00007ffe4fcf6000 	C:\WINDOWS\System32\win32u.dll
0x00007ffe4fee0000 - 0x00007ffe4ff87000 	C:\WINDOWS\System32\msvcrt.dll
0x00007ffe51da0000 - 0x00007ffe51dc9000 	C:\WINDOWS\System32\GDI32.dll
0x00007ffe4f860000 - 0x00007ffe4f973000 	C:\WINDOWS\System32\gdi32full.dll
0x00007ffe4f750000 - 0x00007ffe4f7ea000 	C:\WINDOWS\System32\msvcp_win.dll
0x00007ffe51120000 - 0x00007ffe51151000 	C:\WINDOWS\System32\IMM32.DLL
0x00007ffe41480000 - 0x00007ffe4148c000 	C:\Program Files\Android\Android Studio\jbr\bin\vcruntime140_1.dll
0x00007ffdef050000 - 0x00007ffdef0dd000 	C:\Program Files\Android\Android Studio\jbr\bin\msvcp140.dll
0x00007ffdd7e80000 - 0x00007ffdd8a3c000 	C:\Program Files\Android\Android Studio\jbr\bin\server\jvm.dll
0x00007ffe4fd50000 - 0x00007ffe4fdfe000 	C:\WINDOWS\System32\ADVAPI32.dll
0x00007ffe51690000 - 0x00007ffe51734000 	C:\WINDOWS\System32\sechost.dll
0x00007ffe51740000 - 0x00007ffe51857000 	C:\WINDOWS\System32\RPCRT4.dll
0x00007ffe51940000 - 0x00007ffe51948000 	C:\WINDOWS\System32\PSAPI.DLL
0x00007ffe4c4d0000 - 0x00007ffe4c4d9000 	C:\WINDOWS\SYSTEM32\WSOCK32.dll
0x00007ffe48f00000 - 0x00007ffe48f34000 	C:\WINDOWS\SYSTEM32\WINMM.dll
0x00007ffe468c0000 - 0x00007ffe468ca000 	C:\WINDOWS\SYSTEM32\VERSION.dll
0x00007ffe50330000 - 0x00007ffe503a1000 	C:\WINDOWS\System32\WS2_32.dll
0x00007ffe4e350000 - 0x00007ffe4e368000 	C:\WINDOWS\SYSTEM32\kernel.appcore.dll
0x00007ffdf1cb0000 - 0x00007ffdf1cc0000 	C:\Program Files\Android\Android Studio\jbr\bin\verify.dll
0x00007ffe3ed50000 - 0x00007ffe3ef7e000 	C:\WINDOWS\SYSTEM32\DBGHELP.DLL
0x00007ffe4ff90000 - 0x00007ffe50319000 	C:\WINDOWS\System32\combase.dll
0x00007ffe51dd0000 - 0x00007ffe51ea7000 	C:\WINDOWS\System32\OLEAUT32.dll
0x00007ffe3d570000 - 0x00007ffe3d5a2000 	C:\WINDOWS\SYSTEM32\dbgcore.DLL
0x00007ffe4f330000 - 0x00007ffe4f3ab000 	C:\WINDOWS\System32\bcryptPrimitives.dll
0x00007ffdd9820000 - 0x00007ffdd9848000 	C:\Program Files\Android\Android Studio\jbr\bin\java.dll
0x00007ffdda030000 - 0x00007ffdda03a000 	C:\Program Files\Android\Android Studio\jbr\bin\jimage.dll
0x00007ffdd9910000 - 0x00007ffdd9928000 	C:\Program Files\Android\Android Studio\jbr\bin\zip.dll
0x00007ffe503b0000 - 0x00007ffe50ba0000 	C:\WINDOWS\System32\SHELL32.dll
0x00007ffe4d2f0000 - 0x00007ffe4dbbd000 	C:\WINDOWS\SYSTEM32\windows.storage.dll
0x00007ffe4d1b0000 - 0x00007ffe4d2ee000 	C:\WINDOWS\SYSTEM32\wintypes.dll
0x00007ffe51590000 - 0x00007ffe51681000 	C:\WINDOWS\System32\SHCORE.dll
0x00007ffe50ba0000 - 0x00007ffe50bfe000 	C:\WINDOWS\System32\shlwapi.dll
0x00007ffe4f260000 - 0x00007ffe4f281000 	C:\WINDOWS\SYSTEM32\profapi.dll
0x00007ffe3c550000 - 0x00007ffe3c569000 	C:\Program Files\Android\Android Studio\jbr\bin\net.dll
0x00007ffe48580000 - 0x00007ffe486b7000 	C:\WINDOWS\SYSTEM32\WINHTTP.dll
0x00007ffe4e7d0000 - 0x00007ffe4e839000 	C:\WINDOWS\system32\mswsock.dll
0x00007ffe3c530000 - 0x00007ffe3c543000 	C:\Program Files\Android\Android Studio\jbr\bin\nio.dll
0x00007ffe3d0b0000 - 0x00007ffe3d0d7000 	C:\Users\rafae\.gradle\native\e1d6ef7f7dcc3fd88c89a11ec53ec762bb8ba0a96d01ffa2cd45eb1d1d8dd5c5\windows-amd64\native-platform.dll
0x00007ffdea9d0000 - 0x00007ffdeab14000 	C:\Users\rafae\.gradle\native\0d407fdbe67a94daf76414ababcb853783967236a71b16ec16e742cd7a986fd3\windows-amd64\native-platform-file-events.dll
0x00007ffe3c520000 - 0x00007ffe3c52a000 	C:\Program Files\Android\Android Studio\jbr\bin\management.dll
0x00007ffdd9810000 - 0x00007ffdd981b000 	C:\Program Files\Android\Android Studio\jbr\bin\management_ext.dll
0x00007ffe4ea50000 - 0x00007ffe4ea6b000 	C:\WINDOWS\SYSTEM32\CRYPTSP.dll
0x00007ffe4e2c0000 - 0x00007ffe4e2f5000 	C:\WINDOWS\system32\rsaenh.dll
0x00007ffe4e8f0000 - 0x00007ffe4e918000 	C:\WINDOWS\SYSTEM32\USERENV.dll
0x00007ffe4ebf0000 - 0x00007ffe4ec18000 	C:\WINDOWS\SYSTEM32\bcrypt.dll
0x00007ffe4ea70000 - 0x00007ffe4ea7c000 	C:\WINDOWS\SYSTEM32\CRYPTBASE.dll
0x00007ffe4de50000 - 0x00007ffe4de7d000 	C:\WINDOWS\SYSTEM32\IPHLPAPI.DLL
0x00007ffe50320000 - 0x00007ffe50329000 	C:\WINDOWS\System32\NSI.dll
0x00007ffe48310000 - 0x00007ffe48329000 	C:\WINDOWS\SYSTEM32\dhcpcsvc6.DLL
0x00007ffe482d0000 - 0x00007ffe482ef000 	C:\WINDOWS\SYSTEM32\dhcpcsvc.DLL
0x00007ffe4de80000 - 0x00007ffe4df73000 	C:\WINDOWS\SYSTEM32\DNSAPI.dll

dbghelp: loaded successfully - version: 4.0.5 - missing functions: none
symbol engine: initialized successfully - sym options: 0x614 - pdb path: .;C:\Program Files\Android\Android Studio\jbr\bin;C:\WINDOWS\SYSTEM32;C:\WINDOWS\WinSxS\amd64_microsoft.windows.common-controls_6595b64144ccf1df_6.0.22621.608_none_a9444ca7c10bb01d;C:\Program Files\Android\Android Studio\jbr\bin\server;C:\Users\rafae\.gradle\native\e1d6ef7f7dcc3fd88c89a11ec53ec762bb8ba0a96d01ffa2cd45eb1d1d8dd5c5\windows-amd64;C:\Users\rafae\.gradle\native\0d407fdbe67a94daf76414ababcb853783967236a71b16ec16e742cd7a986fd3\windows-amd64

VM Arguments:
jvm_args: --add-opens=java.base/java.util=ALL-UNNAMED --add-opens=java.base/java.lang=ALL-UNNAMED --add-opens=java.base/java.lang.invoke=ALL-UNNAMED --add-opens=java.base/java.util=ALL-UNNAMED --add-opens=java.prefs/java.util.prefs=ALL-UNNAMED --add-opens=java.prefs/java.util.prefs=ALL-UNNAMED --add-opens=java.base/java.nio.charset=ALL-UNNAMED --add-opens=java.base/java.net=ALL-UNNAMED --add-opens=java.base/java.util.concurrent.atomic=ALL-UNNAMED -Xmx2048m -Dfile.encoding=UTF-8 -Duser.country=ES -Duser.language=es -Duser.variant 
java_command: org.gradle.launcher.daemon.bootstrap.GradleDaemon 7.5
java_class_path (initial): C:\Users\rafae\.gradle\wrapper\dists\gradle-7.5-bin\f1w0cc9nuo0eivz97x2xlu9sv\gradle-7.5\lib\gradle-launcher-7.5.jar
Launcher Type: SUN_STANDARD

[Global flags]
     intx CICompilerCount                          = 4                                         {product} {ergonomic}
     uint ConcGCThreads                            = 2                                         {product} {ergonomic}
     uint G1ConcRefinementThreads                  = 8                                         {product} {ergonomic}
   size_t G1HeapRegionSize                         = 1048576                                   {product} {ergonomic}
    uintx GCDrainStackTargetSize                   = 64                                        {product} {ergonomic}
   size_t InitialHeapSize                          = 58720256                                  {product} {ergonomic}
   size_t MarkStackSize                            = 4194304                                   {product} {ergonomic}
   size_t MaxHeapSize                              = 2147483648                                {product} {command line}
   size_t MaxNewSize                               = 1287651328                                {product} {ergonomic}
   size_t MinHeapDeltaBytes                        = 1048576                                   {product} {ergonomic}
    uintx NonNMethodCodeHeapSize                   = 5836300                                {pd product} {ergonomic}
    uintx NonProfiledCodeHeapSize                  = 122910970                              {pd product} {ergonomic}
    uintx ProfiledCodeHeapSize                     = 122910970                              {pd product} {ergonomic}
    uintx ReservedCodeCacheSize                    = 251658240                              {pd product} {ergonomic}
     bool SegmentedCodeCache                       = true                                      {product} {ergonomic}
     bool UseCompressedClassPointers               = true                                 {lp64_product} {ergonomic}
     bool UseCompressedOops                        = true                                 {lp64_product} {ergonomic}
     bool UseG1GC                                  = true                                      {product} {ergonomic}
     bool UseLargePagesIndividualAllocation        = false                                  {pd product} {ergonomic}

Logging:
Log output configuration:
 #0: stdout all=warning uptime,level,tags
 #1: stderr all=off uptime,level,tags

Environment Variables:
PATH=C:\Program Files (x86)\Common Files\Oracle\Java\javapath;C:\Windows\system32;C:\Windows;C:\Windows\System32\Wbem;C:\Windows\System32\WindowsPowerShell\v1.0\;C:\Windows\System32\OpenSSH\;C:\Program Files\Git\cmd;C:\Program Files\Microsoft SQL Server\150\Tools\Binn\;C:\Program Files\Microsoft SQL Server\Client SDK\ODBC\170\Tools\Binn\;C:\Program Files\dotnet\;C:\Program Files (x86)\Microsoft SQL Server\150\Tools\Binn\;C:\Program Files (x86)\Microsoft SQL Server\150\DTS\Binn\;C:\Program Files\Microsoft SQL Server\150\DTS\Binn\;C:\Program Files\Azure Data Studio\bin;C:\WINDOWS\system32;C:\WINDOWS;C:\WINDOWS\System32\Wbem;C:\WINDOWS\System32\WindowsPowerShell\v1.0\;C:\WINDOWS\System32\OpenSSH\;C:\Program Files\MongoDB\Server\6.0\bin;C:\Program Files\nodejs\;C:\Program Files\Docker\Docker\resources\bin;C:\Users\rafae\AppData\Local\Microsoft\WindowsApps;;C:\Users\rafae\AppData\Local\Programs\Microsoft VS Code\bin;C:\Users\rafae\.dotnet\tools;C:\Program Files\Azure Data Studio\bin;C:\Users\rafae\AppData\Roaming\npm
USERNAME=rafae
OS=Windows_NT
PROCESSOR_IDENTIFIER=AMD64 Family 23 Model 24 Stepping 1, AuthenticAMD



---------------  S Y S T E M  ---------------

OS: Windows 11 , 64 bit Build 22621 (10.0.22621.1485)
OS uptime: 0 days 2:33 hours
Hyper-V role detected

CPU:total 8 (initial active 8) (8 cores per cpu, 2 threads per core) family 23 model 24 stepping 1 microcode 0x0, cmov, cx8, fxsr, mmx, sse, sse2, sse3, ssse3, sse4.1, sse4.2, popcnt, avx, avx2, aes, clmul, mmxext, 3dnowpref, lzcnt, sse4a, ht, tsc, tscinvbit, tscinv, bmi1, bmi2, adx, sha, fma

Memory: 4k page, system-wide physical 3531M (147M free)
TotalPageFile size 14283M (AvailPageFile size 20M)
current process WorkingSet (physical memory assigned to process): 484M, peak: 484M
current process commit charge ("private bytes"): 668M, peak: 725M

vm_info: OpenJDK 64-Bit Server VM (11.0.15+0-b2043.56-9505619) for windows-amd64 JRE (11.0.15+0-b2043.56-9505619), built on Jan 19 2023 02:48:00 by "builduser" with unknown MS VC++:1929

END.
